[0.420s] Invoking command in '/home/nic/git/HoloAssist-AI/ur3e_rl_ws/src/ur3e_rl_env': AMENT_PREFIX_PATH=/home/nic/git/HoloAssist-AI/ur3e_rl_ws/install/ur3e_safety_layer:${AMENT_PREFIX_PATH} PYTHONPATH=/home/nic/git/HoloAssist-AI/ur3e_rl_ws/build/ur3e_rl_env/prefix_override:/usr/lib/python3/dist-packages/colcon_core/task/python/colcon_distutils_commands:/home/nic/git/HoloAssist-AI/ur3e_rl_ws/install/ur3e_rl_env/lib/python3.10/site-packages:/home/nic/git/HoloAssist-AI/ur3e_rl_ws/install/ur3e_safety_layer/lib/python3.10/site-packages:${PYTHONPATH} /usr/bin/python3 -W ignore:setup.py install is deprecated -W ignore:easy_install command is deprecated setup.py egg_info --egg-base ../../build/ur3e_rl_env build --build-base /home/nic/git/HoloAssist-AI/ur3e_rl_ws/build/ur3e_rl_env/build install --record /home/nic/git/HoloAssist-AI/ur3e_rl_ws/build/ur3e_rl_env/install.log --single-version-externally-managed install_data
[0.575s] running egg_info
[0.576s] writing ../../build/ur3e_rl_env/ur3e_rl_env.egg-info/PKG-INFO
[0.576s] writing dependency_links to ../../build/ur3e_rl_env/ur3e_rl_env.egg-info/dependency_links.txt
[0.576s] writing entry points to ../../build/ur3e_rl_env/ur3e_rl_env.egg-info/entry_points.txt
[0.576s] writing requirements to ../../build/ur3e_rl_env/ur3e_rl_env.egg-info/requires.txt
[0.576s] writing top-level names to ../../build/ur3e_rl_env/ur3e_rl_env.egg-info/top_level.txt
[0.577s] reading manifest file '../../build/ur3e_rl_env/ur3e_rl_env.egg-info/SOURCES.txt'
[0.578s] writing manifest file '../../build/ur3e_rl_env/ur3e_rl_env.egg-info/SOURCES.txt'
[0.578s] running build
[0.578s] running build_py
[0.579s] running install
[0.579s] running install_lib
[0.580s] running install_data
[0.580s] running install_egg_info
[0.581s] removing '/home/nic/git/HoloAssist-AI/ur3e_rl_ws/install/ur3e_rl_env/lib/python3.10/site-packages/ur3e_rl_env-0.1.0-py3.10.egg-info' (and everything under it)
[0.581s] Copying ../../build/ur3e_rl_env/ur3e_rl_env.egg-info to /home/nic/git/HoloAssist-AI/ur3e_rl_ws/install/ur3e_rl_env/lib/python3.10/site-packages/ur3e_rl_env-0.1.0-py3.10.egg-info
[0.582s] running install_scripts
[0.595s] Installing evaluate_policy script to /home/nic/git/HoloAssist-AI/ur3e_rl_ws/install/ur3e_rl_env/lib/ur3e_rl_env
[0.595s] Installing keyboard_teleop script to /home/nic/git/HoloAssist-AI/ur3e_rl_ws/install/ur3e_rl_env/lib/ur3e_rl_env
[0.595s] Installing pretrain_from_demos script to /home/nic/git/HoloAssist-AI/ur3e_rl_ws/install/ur3e_rl_env/lib/ur3e_rl_env
[0.595s] Installing record_demo script to /home/nic/git/HoloAssist-AI/ur3e_rl_ws/install/ur3e_rl_env/lib/ur3e_rl_env
[0.595s] Installing smoke_test_joint_command script to /home/nic/git/HoloAssist-AI/ur3e_rl_ws/install/ur3e_rl_env/lib/ur3e_rl_env
[0.596s] Installing train_ppo script to /home/nic/git/HoloAssist-AI/ur3e_rl_ws/install/ur3e_rl_env/lib/ur3e_rl_env
[0.596s] Installing train_ppo_parallel script to /home/nic/git/HoloAssist-AI/ur3e_rl_ws/install/ur3e_rl_env/lib/ur3e_rl_env
[0.596s] writing list of installed files to '/home/nic/git/HoloAssist-AI/ur3e_rl_ws/build/ur3e_rl_env/install.log'
[0.616s] Invoked command in '/home/nic/git/HoloAssist-AI/ur3e_rl_ws/src/ur3e_rl_env' returned '0': AMENT_PREFIX_PATH=/home/nic/git/HoloAssist-AI/ur3e_rl_ws/install/ur3e_safety_layer:${AMENT_PREFIX_PATH} PYTHONPATH=/home/nic/git/HoloAssist-AI/ur3e_rl_ws/build/ur3e_rl_env/prefix_override:/usr/lib/python3/dist-packages/colcon_core/task/python/colcon_distutils_commands:/home/nic/git/HoloAssist-AI/ur3e_rl_ws/install/ur3e_rl_env/lib/python3.10/site-packages:/home/nic/git/HoloAssist-AI/ur3e_rl_ws/install/ur3e_safety_layer/lib/python3.10/site-packages:${PYTHONPATH} /usr/bin/python3 -W ignore:setup.py install is deprecated -W ignore:easy_install command is deprecated setup.py egg_info --egg-base ../../build/ur3e_rl_env build --build-base /home/nic/git/HoloAssist-AI/ur3e_rl_ws/build/ur3e_rl_env/build install --record /home/nic/git/HoloAssist-AI/ur3e_rl_ws/build/ur3e_rl_env/install.log --single-version-externally-managed install_data
