[0.064s] DEBUG:colcon:Command line arguments: ['/usr/bin/colcon', 'build']
[0.064s] DEBUG:colcon:Parsed command line arguments: Namespace(log_base=None, log_level=None, verb_name='build', build_base='build', install_base='install', merge_install=False, symlink_install=False, test_result_base=None, continue_on_error=False, executor='parallel', parallel_workers=22, event_handlers=None, ignore_user_meta=False, metas=['./colcon.meta'], base_paths=['.'], packages_ignore=None, packages_ignore_regex=None, paths=None, packages_up_to=None, packages_up_to_regex=None, packages_above=None, packages_above_and_dependencies=None, packages_above_depth=None, packages_select_by_dep=None, packages_skip_by_dep=None, packages_skip_up_to=None, packages_select_build_failed=False, packages_skip_build_finished=False, packages_select_test_failures=False, packages_skip_test_passed=False, packages_select=None, packages_skip=None, packages_select_regex=None, packages_skip_regex=None, packages_start=None, packages_end=None, allow_overriding=[], cmake_args=None, cmake_target=None, cmake_target_skip_unavailable=False, cmake_clean_cache=False, cmake_clean_first=False, cmake_force_configure=False, ament_cmake_args=None, catkin_cmake_args=None, catkin_skip_building_tests=False, mixin_files=None, mixin=None, verb_parser=<colcon_mixin.mixin.mixin_argument.MixinArgumentDecorator object at 0x714e25a33250>, verb_extension=<colcon_core.verb.build.BuildVerb object at 0x714e25a32da0>, main=<bound method BuildVerb.main of <colcon_core.verb.build.BuildVerb object at 0x714e25a32da0>>, mixin_verb=('build',))
[0.161s] Level 1:colcon.colcon_core.package_discovery:discover_packages(colcon_meta) check parameters
[0.161s] Level 1:colcon.colcon_core.package_discovery:discover_packages(recursive) check parameters
[0.162s] Level 1:colcon.colcon_core.package_discovery:discover_packages(ignore) check parameters
[0.162s] Level 1:colcon.colcon_core.package_discovery:discover_packages(path) check parameters
[0.162s] Level 1:colcon.colcon_core.package_discovery:discover_packages(colcon_meta) discover
[0.162s] Level 1:colcon.colcon_core.package_discovery:discover_packages(recursive) discover
[0.162s] INFO:colcon.colcon_core.package_discovery:Crawling recursively for packages in '/home/ollie/git/RS2/main/HoloAssist/ur3e_rl_ws'
[0.162s] Level 1:colcon.colcon_core.package_identification:_identify(.) by extensions ['ignore', 'ignore_ament_install']
[0.162s] Level 1:colcon.colcon_core.package_identification:_identify(.) by extension 'ignore'
[0.162s] Level 1:colcon.colcon_core.package_identification:_identify(.) by extension 'ignore_ament_install'
[0.162s] Level 1:colcon.colcon_core.package_identification:_identify(.) by extensions ['colcon_pkg']
[0.162s] Level 1:colcon.colcon_core.package_identification:_identify(.) by extension 'colcon_pkg'
[0.162s] Level 1:colcon.colcon_core.package_identification:_identify(.) by extensions ['colcon_meta']
[0.162s] Level 1:colcon.colcon_core.package_identification:_identify(.) by extension 'colcon_meta'
[0.162s] Level 1:colcon.colcon_core.package_identification:_identify(.) by extensions ['ros']
[0.162s] Level 1:colcon.colcon_core.package_identification:_identify(.) by extension 'ros'
[0.168s] Level 1:colcon.colcon_core.package_identification:_identify(.) by extensions ['cmake', 'python']
[0.169s] Level 1:colcon.colcon_core.package_identification:_identify(.) by extension 'cmake'
[0.169s] Level 1:colcon.colcon_core.package_identification:_identify(.) by extension 'python'
[0.169s] Level 1:colcon.colcon_core.package_identification:_identify(.) by extensions ['python_setup_py']
[0.169s] Level 1:colcon.colcon_core.package_identification:_identify(.) by extension 'python_setup_py'
[0.169s] Level 1:colcon.colcon_core.package_identification:_identify(build) by extensions ['ignore', 'ignore_ament_install']
[0.169s] Level 1:colcon.colcon_core.package_identification:_identify(build) by extension 'ignore'
[0.169s] Level 1:colcon.colcon_core.package_identification:_identify(build) ignored
[0.169s] Level 1:colcon.colcon_core.package_identification:_identify(install) by extensions ['ignore', 'ignore_ament_install']
[0.169s] Level 1:colcon.colcon_core.package_identification:_identify(install) by extension 'ignore'
[0.169s] Level 1:colcon.colcon_core.package_identification:_identify(install) ignored
[0.169s] Level 1:colcon.colcon_core.package_identification:_identify(log) by extensions ['ignore', 'ignore_ament_install']
[0.169s] Level 1:colcon.colcon_core.package_identification:_identify(log) by extension 'ignore'
[0.169s] Level 1:colcon.colcon_core.package_identification:_identify(log) ignored
[0.169s] Level 1:colcon.colcon_core.package_identification:_identify(src) by extensions ['ignore', 'ignore_ament_install']
[0.169s] Level 1:colcon.colcon_core.package_identification:_identify(src) by extension 'ignore'
[0.169s] Level 1:colcon.colcon_core.package_identification:_identify(src) by extension 'ignore_ament_install'
[0.169s] Level 1:colcon.colcon_core.package_identification:_identify(src) by extensions ['colcon_pkg']
[0.169s] Level 1:colcon.colcon_core.package_identification:_identify(src) by extension 'colcon_pkg'
[0.169s] Level 1:colcon.colcon_core.package_identification:_identify(src) by extensions ['colcon_meta']
[0.169s] Level 1:colcon.colcon_core.package_identification:_identify(src) by extension 'colcon_meta'
[0.169s] Level 1:colcon.colcon_core.package_identification:_identify(src) by extensions ['ros']
[0.169s] Level 1:colcon.colcon_core.package_identification:_identify(src) by extension 'ros'
[0.169s] Level 1:colcon.colcon_core.package_identification:_identify(src) by extensions ['cmake', 'python']
[0.169s] Level 1:colcon.colcon_core.package_identification:_identify(src) by extension 'cmake'
[0.169s] Level 1:colcon.colcon_core.package_identification:_identify(src) by extension 'python'
[0.169s] Level 1:colcon.colcon_core.package_identification:_identify(src) by extensions ['python_setup_py']
[0.169s] Level 1:colcon.colcon_core.package_identification:_identify(src) by extension 'python_setup_py'
[0.169s] Level 1:colcon.colcon_core.package_identification:_identify(src/ur3e_gazebo_sim) by extensions ['ignore', 'ignore_ament_install']
[0.169s] Level 1:colcon.colcon_core.package_identification:_identify(src/ur3e_gazebo_sim) by extension 'ignore'
[0.169s] Level 1:colcon.colcon_core.package_identification:_identify(src/ur3e_gazebo_sim) by extension 'ignore_ament_install'
[0.169s] Level 1:colcon.colcon_core.package_identification:_identify(src/ur3e_gazebo_sim) by extensions ['colcon_pkg']
[0.169s] Level 1:colcon.colcon_core.package_identification:_identify(src/ur3e_gazebo_sim) by extension 'colcon_pkg'
[0.169s] Level 1:colcon.colcon_core.package_identification:_identify(src/ur3e_gazebo_sim) by extensions ['colcon_meta']
[0.169s] Level 1:colcon.colcon_core.package_identification:_identify(src/ur3e_gazebo_sim) by extension 'colcon_meta'
[0.170s] Level 1:colcon.colcon_core.package_identification:_identify(src/ur3e_gazebo_sim) by extensions ['ros']
[0.170s] Level 1:colcon.colcon_core.package_identification:_identify(src/ur3e_gazebo_sim) by extension 'ros'
[0.171s] DEBUG:colcon.colcon_core.package_identification:Package 'src/ur3e_gazebo_sim' with type 'ros.ament_cmake' and name 'ur3e_gazebo_sim'
[0.171s] Level 1:colcon.colcon_core.package_identification:_identify(src/ur3e_policy_controller) by extensions ['ignore', 'ignore_ament_install']
[0.171s] Level 1:colcon.colcon_core.package_identification:_identify(src/ur3e_policy_controller) by extension 'ignore'
[0.171s] Level 1:colcon.colcon_core.package_identification:_identify(src/ur3e_policy_controller) by extension 'ignore_ament_install'
[0.171s] Level 1:colcon.colcon_core.package_identification:_identify(src/ur3e_policy_controller) by extensions ['colcon_pkg']
[0.171s] Level 1:colcon.colcon_core.package_identification:_identify(src/ur3e_policy_controller) by extension 'colcon_pkg'
[0.171s] Level 1:colcon.colcon_core.package_identification:_identify(src/ur3e_policy_controller) by extensions ['colcon_meta']
[0.171s] Level 1:colcon.colcon_core.package_identification:_identify(src/ur3e_policy_controller) by extension 'colcon_meta'
[0.171s] Level 1:colcon.colcon_core.package_identification:_identify(src/ur3e_policy_controller) by extensions ['ros']
[0.171s] Level 1:colcon.colcon_core.package_identification:_identify(src/ur3e_policy_controller) by extension 'ros'
[0.176s] DEBUG:colcon.colcon_core.package_identification:Package 'src/ur3e_policy_controller' with type 'ros.ament_python' and name 'ur3e_policy_controller'
[0.176s] Level 1:colcon.colcon_core.package_identification:_identify(src/ur3e_rl_env) by extensions ['ignore', 'ignore_ament_install']
[0.176s] Level 1:colcon.colcon_core.package_identification:_identify(src/ur3e_rl_env) by extension 'ignore'
[0.176s] Level 1:colcon.colcon_core.package_identification:_identify(src/ur3e_rl_env) by extension 'ignore_ament_install'
[0.176s] Level 1:colcon.colcon_core.package_identification:_identify(src/ur3e_rl_env) by extensions ['colcon_pkg']
[0.176s] Level 1:colcon.colcon_core.package_identification:_identify(src/ur3e_rl_env) by extension 'colcon_pkg'
[0.176s] Level 1:colcon.colcon_core.package_identification:_identify(src/ur3e_rl_env) by extensions ['colcon_meta']
[0.177s] Level 1:colcon.colcon_core.package_identification:_identify(src/ur3e_rl_env) by extension 'colcon_meta'
[0.177s] Level 1:colcon.colcon_core.package_identification:_identify(src/ur3e_rl_env) by extensions ['ros']
[0.177s] Level 1:colcon.colcon_core.package_identification:_identify(src/ur3e_rl_env) by extension 'ros'
[0.177s] DEBUG:colcon.colcon_core.package_identification:Package 'src/ur3e_rl_env' with type 'ros.ament_python' and name 'ur3e_rl_env'
[0.177s] Level 1:colcon.colcon_core.package_identification:_identify(src/ur3e_safety_layer) by extensions ['ignore', 'ignore_ament_install']
[0.177s] Level 1:colcon.colcon_core.package_identification:_identify(src/ur3e_safety_layer) by extension 'ignore'
[0.177s] Level 1:colcon.colcon_core.package_identification:_identify(src/ur3e_safety_layer) by extension 'ignore_ament_install'
[0.177s] Level 1:colcon.colcon_core.package_identification:_identify(src/ur3e_safety_layer) by extensions ['colcon_pkg']
[0.177s] Level 1:colcon.colcon_core.package_identification:_identify(src/ur3e_safety_layer) by extension 'colcon_pkg'
[0.177s] Level 1:colcon.colcon_core.package_identification:_identify(src/ur3e_safety_layer) by extensions ['colcon_meta']
[0.177s] Level 1:colcon.colcon_core.package_identification:_identify(src/ur3e_safety_layer) by extension 'colcon_meta'
[0.177s] Level 1:colcon.colcon_core.package_identification:_identify(src/ur3e_safety_layer) by extensions ['ros']
[0.177s] Level 1:colcon.colcon_core.package_identification:_identify(src/ur3e_safety_layer) by extension 'ros'
[0.177s] DEBUG:colcon.colcon_core.package_identification:Package 'src/ur3e_safety_layer' with type 'ros.ament_python' and name 'ur3e_safety_layer'
[0.177s] Level 1:colcon.colcon_core.package_discovery:discover_packages(recursive) using defaults
[0.177s] Level 1:colcon.colcon_core.package_discovery:discover_packages(ignore) discover
[0.177s] Level 1:colcon.colcon_core.package_discovery:discover_packages(ignore) using defaults
[0.177s] Level 1:colcon.colcon_core.package_discovery:discover_packages(path) discover
[0.177s] Level 1:colcon.colcon_core.package_discovery:discover_packages(path) using defaults
[0.190s] Level 1:colcon.colcon_core.package_discovery:discover_packages(prefix_path) check parameters
[0.190s] Level 1:colcon.colcon_core.package_discovery:discover_packages(prefix_path) discover
[0.192s] DEBUG:colcon.colcon_installed_package_information.package_discovery:Found 393 installed packages in /opt/ros/humble
[0.194s] Level 1:colcon.colcon_core.package_discovery:discover_packages(prefix_path) using defaults
[0.221s] Level 5:colcon.colcon_core.verb:set package 'ur3e_gazebo_sim' build argument 'cmake_args' from command line to 'None'
[0.221s] Level 5:colcon.colcon_core.verb:set package 'ur3e_gazebo_sim' build argument 'cmake_target' from command line to 'None'
[0.221s] Level 5:colcon.colcon_core.verb:set package 'ur3e_gazebo_sim' build argument 'cmake_target_skip_unavailable' from command line to 'False'
[0.221s] Level 5:colcon.colcon_core.verb:set package 'ur3e_gazebo_sim' build argument 'cmake_clean_cache' from command line to 'False'
[0.221s] Level 5:colcon.colcon_core.verb:set package 'ur3e_gazebo_sim' build argument 'cmake_clean_first' from command line to 'False'
[0.221s] Level 5:colcon.colcon_core.verb:set package 'ur3e_gazebo_sim' build argument 'cmake_force_configure' from command line to 'False'
[0.221s] Level 5:colcon.colcon_core.verb:set package 'ur3e_gazebo_sim' build argument 'ament_cmake_args' from command line to 'None'
[0.221s] Level 5:colcon.colcon_core.verb:set package 'ur3e_gazebo_sim' build argument 'catkin_cmake_args' from command line to 'None'
[0.221s] Level 5:colcon.colcon_core.verb:set package 'ur3e_gazebo_sim' build argument 'catkin_skip_building_tests' from command line to 'False'
[0.221s] DEBUG:colcon.colcon_core.verb:Building package 'ur3e_gazebo_sim' with the following arguments: {'ament_cmake_args': None, 'build_base': '/home/ollie/git/RS2/main/HoloAssist/ur3e_rl_ws/build/ur3e_gazebo_sim', 'catkin_cmake_args': None, 'catkin_skip_building_tests': False, 'cmake_args': None, 'cmake_clean_cache': False, 'cmake_clean_first': False, 'cmake_force_configure': False, 'cmake_target': None, 'cmake_target_skip_unavailable': False, 'install_base': '/home/ollie/git/RS2/main/HoloAssist/ur3e_rl_ws/install/ur3e_gazebo_sim', 'merge_install': False, 'path': '/home/ollie/git/RS2/main/HoloAssist/ur3e_rl_ws/src/ur3e_gazebo_sim', 'symlink_install': False, 'test_result_base': None}
[0.222s] Level 5:colcon.colcon_core.verb:set package 'ur3e_safety_layer' build argument 'cmake_args' from command line to 'None'
[0.222s] Level 5:colcon.colcon_core.verb:set package 'ur3e_safety_layer' build argument 'cmake_target' from command line to 'None'
[0.222s] Level 5:colcon.colcon_core.verb:set package 'ur3e_safety_layer' build argument 'cmake_target_skip_unavailable' from command line to 'False'
[0.222s] Level 5:colcon.colcon_core.verb:set package 'ur3e_safety_layer' build argument 'cmake_clean_cache' from command line to 'False'
[0.222s] Level 5:colcon.colcon_core.verb:set package 'ur3e_safety_layer' build argument 'cmake_clean_first' from command line to 'False'
[0.222s] Level 5:colcon.colcon_core.verb:set package 'ur3e_safety_layer' build argument 'cmake_force_configure' from command line to 'False'
[0.222s] Level 5:colcon.colcon_core.verb:set package 'ur3e_safety_layer' build argument 'ament_cmake_args' from command line to 'None'
[0.222s] Level 5:colcon.colcon_core.verb:set package 'ur3e_safety_layer' build argument 'catkin_cmake_args' from command line to 'None'
[0.222s] Level 5:colcon.colcon_core.verb:set package 'ur3e_safety_layer' build argument 'catkin_skip_building_tests' from command line to 'False'
[0.222s] DEBUG:colcon.colcon_core.verb:Building package 'ur3e_safety_layer' with the following arguments: {'ament_cmake_args': None, 'build_base': '/home/ollie/git/RS2/main/HoloAssist/ur3e_rl_ws/build/ur3e_safety_layer', 'catkin_cmake_args': None, 'catkin_skip_building_tests': False, 'cmake_args': None, 'cmake_clean_cache': False, 'cmake_clean_first': False, 'cmake_force_configure': False, 'cmake_target': None, 'cmake_target_skip_unavailable': False, 'install_base': '/home/ollie/git/RS2/main/HoloAssist/ur3e_rl_ws/install/ur3e_safety_layer', 'merge_install': False, 'path': '/home/ollie/git/RS2/main/HoloAssist/ur3e_rl_ws/src/ur3e_safety_layer', 'symlink_install': False, 'test_result_base': None}
[0.222s] Level 5:colcon.colcon_core.verb:set package 'ur3e_rl_env' build argument 'cmake_args' from command line to 'None'
[0.222s] Level 5:colcon.colcon_core.verb:set package 'ur3e_rl_env' build argument 'cmake_target' from command line to 'None'
[0.222s] Level 5:colcon.colcon_core.verb:set package 'ur3e_rl_env' build argument 'cmake_target_skip_unavailable' from command line to 'False'
[0.222s] Level 5:colcon.colcon_core.verb:set package 'ur3e_rl_env' build argument 'cmake_clean_cache' from command line to 'False'
[0.222s] Level 5:colcon.colcon_core.verb:set package 'ur3e_rl_env' build argument 'cmake_clean_first' from command line to 'False'
[0.222s] Level 5:colcon.colcon_core.verb:set package 'ur3e_rl_env' build argument 'cmake_force_configure' from command line to 'False'
[0.222s] Level 5:colcon.colcon_core.verb:set package 'ur3e_rl_env' build argument 'ament_cmake_args' from command line to 'None'
[0.222s] Level 5:colcon.colcon_core.verb:set package 'ur3e_rl_env' build argument 'catkin_cmake_args' from command line to 'None'
[0.222s] Level 5:colcon.colcon_core.verb:set package 'ur3e_rl_env' build argument 'catkin_skip_building_tests' from command line to 'False'
[0.222s] DEBUG:colcon.colcon_core.verb:Building package 'ur3e_rl_env' with the following arguments: {'ament_cmake_args': None, 'build_base': '/home/ollie/git/RS2/main/HoloAssist/ur3e_rl_ws/build/ur3e_rl_env', 'catkin_cmake_args': None, 'catkin_skip_building_tests': False, 'cmake_args': None, 'cmake_clean_cache': False, 'cmake_clean_first': False, 'cmake_force_configure': False, 'cmake_target': None, 'cmake_target_skip_unavailable': False, 'install_base': '/home/ollie/git/RS2/main/HoloAssist/ur3e_rl_ws/install/ur3e_rl_env', 'merge_install': False, 'path': '/home/ollie/git/RS2/main/HoloAssist/ur3e_rl_ws/src/ur3e_rl_env', 'symlink_install': False, 'test_result_base': None}
[0.222s] Level 5:colcon.colcon_core.verb:set package 'ur3e_policy_controller' build argument 'cmake_args' from command line to 'None'
[0.222s] Level 5:colcon.colcon_core.verb:set package 'ur3e_policy_controller' build argument 'cmake_target' from command line to 'None'
[0.222s] Level 5:colcon.colcon_core.verb:set package 'ur3e_policy_controller' build argument 'cmake_target_skip_unavailable' from command line to 'False'
[0.222s] Level 5:colcon.colcon_core.verb:set package 'ur3e_policy_controller' build argument 'cmake_clean_cache' from command line to 'False'
[0.222s] Level 5:colcon.colcon_core.verb:set package 'ur3e_policy_controller' build argument 'cmake_clean_first' from command line to 'False'
[0.222s] Level 5:colcon.colcon_core.verb:set package 'ur3e_policy_controller' build argument 'cmake_force_configure' from command line to 'False'
[0.222s] Level 5:colcon.colcon_core.verb:set package 'ur3e_policy_controller' build argument 'ament_cmake_args' from command line to 'None'
[0.222s] Level 5:colcon.colcon_core.verb:set package 'ur3e_policy_controller' build argument 'catkin_cmake_args' from command line to 'None'
[0.222s] Level 5:colcon.colcon_core.verb:set package 'ur3e_policy_controller' build argument 'catkin_skip_building_tests' from command line to 'False'
[0.222s] DEBUG:colcon.colcon_core.verb:Building package 'ur3e_policy_controller' with the following arguments: {'ament_cmake_args': None, 'build_base': '/home/ollie/git/RS2/main/HoloAssist/ur3e_rl_ws/build/ur3e_policy_controller', 'catkin_cmake_args': None, 'catkin_skip_building_tests': False, 'cmake_args': None, 'cmake_clean_cache': False, 'cmake_clean_first': False, 'cmake_force_configure': False, 'cmake_target': None, 'cmake_target_skip_unavailable': False, 'install_base': '/home/ollie/git/RS2/main/HoloAssist/ur3e_rl_ws/install/ur3e_policy_controller', 'merge_install': False, 'path': '/home/ollie/git/RS2/main/HoloAssist/ur3e_rl_ws/src/ur3e_policy_controller', 'symlink_install': False, 'test_result_base': None}
[0.222s] INFO:colcon.colcon_core.executor:Executing jobs using 'parallel' executor
[0.223s] DEBUG:colcon.colcon_parallel_executor.executor.parallel:run_until_complete
[0.224s] INFO:colcon.colcon_ros.task.ament_python.build:Building ROS package in '/home/ollie/git/RS2/main/HoloAssist/ur3e_rl_ws/src/ur3e_safety_layer' with build type 'ament_python'
[0.224s] Level 1:colcon.colcon_core.shell:create_environment_hook('ur3e_safety_layer', 'ament_prefix_path')
[0.227s] INFO:colcon.colcon_core.plugin_system:Skipping extension 'colcon_core.shell.bat': Not used on non-Windows systems
[0.227s] INFO:colcon.colcon_core.shell:Creating environment hook '/home/ollie/git/RS2/main/HoloAssist/ur3e_rl_ws/install/ur3e_safety_layer/share/ur3e_safety_layer/hook/ament_prefix_path.ps1'
[0.228s] INFO:colcon.colcon_core.shell:Creating environment descriptor '/home/ollie/git/RS2/main/HoloAssist/ur3e_rl_ws/install/ur3e_safety_layer/share/ur3e_safety_layer/hook/ament_prefix_path.dsv'
[0.228s] INFO:colcon.colcon_core.shell:Creating environment hook '/home/ollie/git/RS2/main/HoloAssist/ur3e_rl_ws/install/ur3e_safety_layer/share/ur3e_safety_layer/hook/ament_prefix_path.sh'
[0.228s] INFO:colcon.colcon_core.shell:Skip shell extension 'powershell' for command environment: Not usable outside of PowerShell
[0.228s] DEBUG:colcon.colcon_core.shell:Skip shell extension 'dsv' for command environment
[0.230s] INFO:colcon.colcon_ros.task.ament_cmake.build:Building ROS package in '/home/ollie/git/RS2/main/HoloAssist/ur3e_rl_ws/src/ur3e_gazebo_sim' with build type 'ament_cmake'
[0.230s] INFO:colcon.colcon_cmake.task.cmake.build:Building CMake package in '/home/ollie/git/RS2/main/HoloAssist/ur3e_rl_ws/src/ur3e_gazebo_sim'
[0.231s] INFO:colcon.colcon_core.shell:Skip shell extension 'powershell' for command environment: Not usable outside of PowerShell
[0.231s] DEBUG:colcon.colcon_core.shell:Skip shell extension 'dsv' for command environment
[0.388s] INFO:colcon.colcon_core.task.python.build:Building Python package in '/home/ollie/git/RS2/main/HoloAssist/ur3e_rl_ws/src/ur3e_safety_layer'
[0.389s] INFO:colcon.colcon_core.shell:Skip shell extension 'powershell' for command environment: Not usable outside of PowerShell
[0.389s] DEBUG:colcon.colcon_core.shell:Skip shell extension 'dsv' for command environment
[0.395s] DEBUG:colcon.colcon_core.event_handler.log_command:Invoking command in '/home/ollie/git/RS2/main/HoloAssist/ur3e_rl_ws/build/ur3e_gazebo_sim': CMAKE_PREFIX_PATH=/opt/ros/humble /usr/bin/cmake --build /home/ollie/git/RS2/main/HoloAssist/ur3e_rl_ws/build/ur3e_gazebo_sim -- -j22 -l22
[0.437s] DEBUG:colcon.colcon_core.event_handler.log_command:Invoked command in '/home/ollie/git/RS2/main/HoloAssist/ur3e_rl_ws/build/ur3e_gazebo_sim' returned '0': CMAKE_PREFIX_PATH=/opt/ros/humble /usr/bin/cmake --build /home/ollie/git/RS2/main/HoloAssist/ur3e_rl_ws/build/ur3e_gazebo_sim -- -j22 -l22
[0.451s] DEBUG:colcon.colcon_core.event_handler.log_command:Invoking command in '/home/ollie/git/RS2/main/HoloAssist/ur3e_rl_ws/build/ur3e_gazebo_sim': CMAKE_PREFIX_PATH=/opt/ros/humble /usr/bin/cmake --install /home/ollie/git/RS2/main/HoloAssist/ur3e_rl_ws/build/ur3e_gazebo_sim
[0.459s] Level 1:colcon.colcon_core.environment:create_environment_scripts_only(ur3e_gazebo_sim)
[0.462s] DEBUG:colcon.colcon_core.event_handler.log_command:Invoked command in '/home/ollie/git/RS2/main/HoloAssist/ur3e_rl_ws/build/ur3e_gazebo_sim' returned '0': CMAKE_PREFIX_PATH=/opt/ros/humble /usr/bin/cmake --install /home/ollie/git/RS2/main/HoloAssist/ur3e_rl_ws/build/ur3e_gazebo_sim
[0.465s] Level 1:colcon.colcon_core.environment:checking '/home/ollie/git/RS2/main/HoloAssist/ur3e_rl_ws/install/ur3e_gazebo_sim' for CMake module files
[0.466s] Level 1:colcon.colcon_core.environment:checking '/home/ollie/git/RS2/main/HoloAssist/ur3e_rl_ws/install/ur3e_gazebo_sim' for CMake config files
[0.466s] Level 1:colcon.colcon_core.shell:create_environment_hook('ur3e_gazebo_sim', 'cmake_prefix_path')
[0.466s] INFO:colcon.colcon_core.shell:Creating environment hook '/home/ollie/git/RS2/main/HoloAssist/ur3e_rl_ws/install/ur3e_gazebo_sim/share/ur3e_gazebo_sim/hook/cmake_prefix_path.ps1'
[0.467s] INFO:colcon.colcon_core.shell:Creating environment descriptor '/home/ollie/git/RS2/main/HoloAssist/ur3e_rl_ws/install/ur3e_gazebo_sim/share/ur3e_gazebo_sim/hook/cmake_prefix_path.dsv'
[0.467s] INFO:colcon.colcon_core.shell:Creating environment hook '/home/ollie/git/RS2/main/HoloAssist/ur3e_rl_ws/install/ur3e_gazebo_sim/share/ur3e_gazebo_sim/hook/cmake_prefix_path.sh'
[0.468s] Level 1:colcon.colcon_core.environment:checking '/home/ollie/git/RS2/main/HoloAssist/ur3e_rl_ws/install/ur3e_gazebo_sim/lib'
[0.468s] Level 1:colcon.colcon_core.environment:checking '/home/ollie/git/RS2/main/HoloAssist/ur3e_rl_ws/install/ur3e_gazebo_sim/bin'
[0.468s] Level 1:colcon.colcon_core.environment:checking '/home/ollie/git/RS2/main/HoloAssist/ur3e_rl_ws/install/ur3e_gazebo_sim/lib/pkgconfig/ur3e_gazebo_sim.pc'
[0.469s] Level 1:colcon.colcon_core.environment:checking '/home/ollie/git/RS2/main/HoloAssist/ur3e_rl_ws/install/ur3e_gazebo_sim/lib/python3.10/site-packages'
[0.469s] Level 1:colcon.colcon_core.environment:checking '/home/ollie/git/RS2/main/HoloAssist/ur3e_rl_ws/install/ur3e_gazebo_sim/bin'
[0.469s] INFO:colcon.colcon_core.shell:Creating package script '/home/ollie/git/RS2/main/HoloAssist/ur3e_rl_ws/install/ur3e_gazebo_sim/share/ur3e_gazebo_sim/package.ps1'
[0.470s] INFO:colcon.colcon_core.shell:Creating package descriptor '/home/ollie/git/RS2/main/HoloAssist/ur3e_rl_ws/install/ur3e_gazebo_sim/share/ur3e_gazebo_sim/package.dsv'
[0.471s] INFO:colcon.colcon_core.shell:Creating package script '/home/ollie/git/RS2/main/HoloAssist/ur3e_rl_ws/install/ur3e_gazebo_sim/share/ur3e_gazebo_sim/package.sh'
[0.472s] INFO:colcon.colcon_core.shell:Creating package script '/home/ollie/git/RS2/main/HoloAssist/ur3e_rl_ws/install/ur3e_gazebo_sim/share/ur3e_gazebo_sim/package.bash'
[0.474s] INFO:colcon.colcon_core.shell:Creating package script '/home/ollie/git/RS2/main/HoloAssist/ur3e_rl_ws/install/ur3e_gazebo_sim/share/ur3e_gazebo_sim/package.zsh'
[0.474s] Level 1:colcon.colcon_core.environment:create_file_with_runtime_dependencies(/home/ollie/git/RS2/main/HoloAssist/ur3e_rl_ws/install/ur3e_gazebo_sim/share/colcon-core/packages/ur3e_gazebo_sim)
[0.475s] Level 1:colcon.colcon_core.environment:create_environment_scripts_only(ur3e_gazebo_sim)
[0.475s] Level 1:colcon.colcon_core.environment:checking '/home/ollie/git/RS2/main/HoloAssist/ur3e_rl_ws/install/ur3e_gazebo_sim' for CMake module files
[0.475s] Level 1:colcon.colcon_core.environment:checking '/home/ollie/git/RS2/main/HoloAssist/ur3e_rl_ws/install/ur3e_gazebo_sim' for CMake config files
[0.475s] Level 1:colcon.colcon_core.shell:create_environment_hook('ur3e_gazebo_sim', 'cmake_prefix_path')
[0.476s] INFO:colcon.colcon_core.shell:Creating environment hook '/home/ollie/git/RS2/main/HoloAssist/ur3e_rl_ws/install/ur3e_gazebo_sim/share/ur3e_gazebo_sim/hook/cmake_prefix_path.ps1'
[0.476s] INFO:colcon.colcon_core.shell:Creating environment descriptor '/home/ollie/git/RS2/main/HoloAssist/ur3e_rl_ws/install/ur3e_gazebo_sim/share/ur3e_gazebo_sim/hook/cmake_prefix_path.dsv'
[0.476s] INFO:colcon.colcon_core.shell:Creating environment hook '/home/ollie/git/RS2/main/HoloAssist/ur3e_rl_ws/install/ur3e_gazebo_sim/share/ur3e_gazebo_sim/hook/cmake_prefix_path.sh'
[0.476s] Level 1:colcon.colcon_core.environment:checking '/home/ollie/git/RS2/main/HoloAssist/ur3e_rl_ws/install/ur3e_gazebo_sim/lib'
[0.476s] Level 1:colcon.colcon_core.environment:checking '/home/ollie/git/RS2/main/HoloAssist/ur3e_rl_ws/install/ur3e_gazebo_sim/bin'
[0.476s] Level 1:colcon.colcon_core.environment:checking '/home/ollie/git/RS2/main/HoloAssist/ur3e_rl_ws/install/ur3e_gazebo_sim/lib/pkgconfig/ur3e_gazebo_sim.pc'
[0.476s] Level 1:colcon.colcon_core.environment:checking '/home/ollie/git/RS2/main/HoloAssist/ur3e_rl_ws/install/ur3e_gazebo_sim/lib/python3.10/site-packages'
[0.477s] Level 1:colcon.colcon_core.environment:checking '/home/ollie/git/RS2/main/HoloAssist/ur3e_rl_ws/install/ur3e_gazebo_sim/bin'
[0.477s] INFO:colcon.colcon_core.shell:Creating package script '/home/ollie/git/RS2/main/HoloAssist/ur3e_rl_ws/install/ur3e_gazebo_sim/share/ur3e_gazebo_sim/package.ps1'
[0.477s] INFO:colcon.colcon_core.shell:Creating package descriptor '/home/ollie/git/RS2/main/HoloAssist/ur3e_rl_ws/install/ur3e_gazebo_sim/share/ur3e_gazebo_sim/package.dsv'
[0.477s] INFO:colcon.colcon_core.shell:Creating package script '/home/ollie/git/RS2/main/HoloAssist/ur3e_rl_ws/install/ur3e_gazebo_sim/share/ur3e_gazebo_sim/package.sh'
[0.477s] INFO:colcon.colcon_core.shell:Creating package script '/home/ollie/git/RS2/main/HoloAssist/ur3e_rl_ws/install/ur3e_gazebo_sim/share/ur3e_gazebo_sim/package.bash'
[0.478s] INFO:colcon.colcon_core.shell:Creating package script '/home/ollie/git/RS2/main/HoloAssist/ur3e_rl_ws/install/ur3e_gazebo_sim/share/ur3e_gazebo_sim/package.zsh'
[0.478s] Level 1:colcon.colcon_core.environment:create_file_with_runtime_dependencies(/home/ollie/git/RS2/main/HoloAssist/ur3e_rl_ws/install/ur3e_gazebo_sim/share/colcon-core/packages/ur3e_gazebo_sim)
[0.624s] DEBUG:colcon.colcon_core.event_handler.log_command:Invoking command in '/home/ollie/git/RS2/main/HoloAssist/ur3e_rl_ws/src/ur3e_safety_layer': PYTHONPATH=/home/ollie/git/RS2/main/HoloAssist/ur3e_rl_ws/build/ur3e_safety_layer/prefix_override:/usr/lib/python3/dist-packages/colcon_core/task/python/colcon_distutils_commands:/home/ollie/git/RS2/main/HoloAssist/ur3e_rl_ws/install/ur3e_safety_layer/lib/python3.10/site-packages:${PYTHONPATH} /usr/bin/python3 -W ignore:setup.py install is deprecated -W ignore:easy_install command is deprecated setup.py egg_info --egg-base ../../build/ur3e_safety_layer build --build-base /home/ollie/git/RS2/main/HoloAssist/ur3e_rl_ws/build/ur3e_safety_layer/build install --record /home/ollie/git/RS2/main/HoloAssist/ur3e_rl_ws/build/ur3e_safety_layer/install.log --single-version-externally-managed install_data
[0.804s] Level 1:colcon.colcon_core.environment:checking '/home/ollie/git/RS2/main/HoloAssist/ur3e_rl_ws/install/ur3e_safety_layer' for CMake module files
[0.805s] DEBUG:colcon.colcon_core.event_handler.log_command:Invoked command in '/home/ollie/git/RS2/main/HoloAssist/ur3e_rl_ws/src/ur3e_safety_layer' returned '0': PYTHONPATH=/home/ollie/git/RS2/main/HoloAssist/ur3e_rl_ws/build/ur3e_safety_layer/prefix_override:/usr/lib/python3/dist-packages/colcon_core/task/python/colcon_distutils_commands:/home/ollie/git/RS2/main/HoloAssist/ur3e_rl_ws/install/ur3e_safety_layer/lib/python3.10/site-packages:${PYTHONPATH} /usr/bin/python3 -W ignore:setup.py install is deprecated -W ignore:easy_install command is deprecated setup.py egg_info --egg-base ../../build/ur3e_safety_layer build --build-base /home/ollie/git/RS2/main/HoloAssist/ur3e_rl_ws/build/ur3e_safety_layer/build install --record /home/ollie/git/RS2/main/HoloAssist/ur3e_rl_ws/build/ur3e_safety_layer/install.log --single-version-externally-managed install_data
[0.805s] Level 1:colcon.colcon_core.environment:checking '/home/ollie/git/RS2/main/HoloAssist/ur3e_rl_ws/install/ur3e_safety_layer' for CMake config files
[0.806s] Level 1:colcon.colcon_core.environment:checking '/home/ollie/git/RS2/main/HoloAssist/ur3e_rl_ws/install/ur3e_safety_layer/lib'
[0.806s] Level 1:colcon.colcon_core.environment:checking '/home/ollie/git/RS2/main/HoloAssist/ur3e_rl_ws/install/ur3e_safety_layer/bin'
[0.806s] Level 1:colcon.colcon_core.environment:checking '/home/ollie/git/RS2/main/HoloAssist/ur3e_rl_ws/install/ur3e_safety_layer/lib/pkgconfig/ur3e_safety_layer.pc'
[0.806s] Level 1:colcon.colcon_core.environment:checking '/home/ollie/git/RS2/main/HoloAssist/ur3e_rl_ws/install/ur3e_safety_layer/lib/python3.10/site-packages'
[0.807s] Level 1:colcon.colcon_core.shell:create_environment_hook('ur3e_safety_layer', 'pythonpath')
[0.807s] INFO:colcon.colcon_core.shell:Creating environment hook '/home/ollie/git/RS2/main/HoloAssist/ur3e_rl_ws/install/ur3e_safety_layer/share/ur3e_safety_layer/hook/pythonpath.ps1'
[0.807s] INFO:colcon.colcon_core.shell:Creating environment descriptor '/home/ollie/git/RS2/main/HoloAssist/ur3e_rl_ws/install/ur3e_safety_layer/share/ur3e_safety_layer/hook/pythonpath.dsv'
[0.808s] INFO:colcon.colcon_core.shell:Creating environment hook '/home/ollie/git/RS2/main/HoloAssist/ur3e_rl_ws/install/ur3e_safety_layer/share/ur3e_safety_layer/hook/pythonpath.sh'
[0.808s] Level 1:colcon.colcon_core.environment:checking '/home/ollie/git/RS2/main/HoloAssist/ur3e_rl_ws/install/ur3e_safety_layer/bin'
[0.808s] Level 1:colcon.colcon_core.environment:create_environment_scripts_only(ur3e_safety_layer)
[0.808s] INFO:colcon.colcon_core.shell:Creating package script '/home/ollie/git/RS2/main/HoloAssist/ur3e_rl_ws/install/ur3e_safety_layer/share/ur3e_safety_layer/package.ps1'
[0.808s] INFO:colcon.colcon_core.shell:Creating package descriptor '/home/ollie/git/RS2/main/HoloAssist/ur3e_rl_ws/install/ur3e_safety_layer/share/ur3e_safety_layer/package.dsv'
[0.809s] INFO:colcon.colcon_core.shell:Creating package script '/home/ollie/git/RS2/main/HoloAssist/ur3e_rl_ws/install/ur3e_safety_layer/share/ur3e_safety_layer/package.sh'
[0.809s] INFO:colcon.colcon_core.shell:Creating package script '/home/ollie/git/RS2/main/HoloAssist/ur3e_rl_ws/install/ur3e_safety_layer/share/ur3e_safety_layer/package.bash'
[0.809s] INFO:colcon.colcon_core.shell:Creating package script '/home/ollie/git/RS2/main/HoloAssist/ur3e_rl_ws/install/ur3e_safety_layer/share/ur3e_safety_layer/package.zsh'
[0.809s] Level 1:colcon.colcon_core.environment:create_file_with_runtime_dependencies(/home/ollie/git/RS2/main/HoloAssist/ur3e_rl_ws/install/ur3e_safety_layer/share/colcon-core/packages/ur3e_safety_layer)
[0.809s] INFO:colcon.colcon_ros.task.ament_python.build:Building ROS package in '/home/ollie/git/RS2/main/HoloAssist/ur3e_rl_ws/src/ur3e_rl_env' with build type 'ament_python'
[0.810s] Level 1:colcon.colcon_core.shell:create_environment_hook('ur3e_rl_env', 'ament_prefix_path')
[0.810s] INFO:colcon.colcon_core.shell:Creating environment hook '/home/ollie/git/RS2/main/HoloAssist/ur3e_rl_ws/install/ur3e_rl_env/share/ur3e_rl_env/hook/ament_prefix_path.ps1'
[0.810s] INFO:colcon.colcon_core.shell:Creating environment descriptor '/home/ollie/git/RS2/main/HoloAssist/ur3e_rl_ws/install/ur3e_rl_env/share/ur3e_rl_env/hook/ament_prefix_path.dsv'
[0.810s] INFO:colcon.colcon_core.shell:Creating environment hook '/home/ollie/git/RS2/main/HoloAssist/ur3e_rl_ws/install/ur3e_rl_env/share/ur3e_rl_env/hook/ament_prefix_path.sh'
[0.811s] INFO:colcon.colcon_core.shell:Skip shell extension 'powershell' for command environment: Not usable outside of PowerShell
[0.811s] DEBUG:colcon.colcon_core.shell:Skip shell extension 'dsv' for command environment
[0.964s] INFO:colcon.colcon_core.task.python.build:Building Python package in '/home/ollie/git/RS2/main/HoloAssist/ur3e_rl_ws/src/ur3e_rl_env'
[0.964s] INFO:colcon.colcon_core.shell:Skip shell extension 'powershell' for command environment: Not usable outside of PowerShell
[0.964s] DEBUG:colcon.colcon_core.shell:Skip shell extension 'dsv' for command environment
[1.177s] DEBUG:colcon.colcon_core.event_handler.log_command:Invoking command in '/home/ollie/git/RS2/main/HoloAssist/ur3e_rl_ws/src/ur3e_rl_env': AMENT_PREFIX_PATH=/home/ollie/git/RS2/main/HoloAssist/ur3e_rl_ws/install/ur3e_safety_layer:${AMENT_PREFIX_PATH} PYTHONPATH=/home/ollie/git/RS2/main/HoloAssist/ur3e_rl_ws/build/ur3e_rl_env/prefix_override:/usr/lib/python3/dist-packages/colcon_core/task/python/colcon_distutils_commands:/home/ollie/git/RS2/main/HoloAssist/ur3e_rl_ws/install/ur3e_rl_env/lib/python3.10/site-packages:/home/ollie/git/RS2/main/HoloAssist/ur3e_rl_ws/install/ur3e_safety_layer/lib/python3.10/site-packages:${PYTHONPATH} /usr/bin/python3 -W ignore:setup.py install is deprecated -W ignore:easy_install command is deprecated setup.py egg_info --egg-base ../../build/ur3e_rl_env build --build-base /home/ollie/git/RS2/main/HoloAssist/ur3e_rl_ws/build/ur3e_rl_env/build install --record /home/ollie/git/RS2/main/HoloAssist/ur3e_rl_ws/build/ur3e_rl_env/install.log --single-version-externally-managed install_data
[1.356s] Level 1:colcon.colcon_core.environment:checking '/home/ollie/git/RS2/main/HoloAssist/ur3e_rl_ws/install/ur3e_rl_env' for CMake module files
[1.356s] DEBUG:colcon.colcon_core.event_handler.log_command:Invoked command in '/home/ollie/git/RS2/main/HoloAssist/ur3e_rl_ws/src/ur3e_rl_env' returned '0': AMENT_PREFIX_PATH=/home/ollie/git/RS2/main/HoloAssist/ur3e_rl_ws/install/ur3e_safety_layer:${AMENT_PREFIX_PATH} PYTHONPATH=/home/ollie/git/RS2/main/HoloAssist/ur3e_rl_ws/build/ur3e_rl_env/prefix_override:/usr/lib/python3/dist-packages/colcon_core/task/python/colcon_distutils_commands:/home/ollie/git/RS2/main/HoloAssist/ur3e_rl_ws/install/ur3e_rl_env/lib/python3.10/site-packages:/home/ollie/git/RS2/main/HoloAssist/ur3e_rl_ws/install/ur3e_safety_layer/lib/python3.10/site-packages:${PYTHONPATH} /usr/bin/python3 -W ignore:setup.py install is deprecated -W ignore:easy_install command is deprecated setup.py egg_info --egg-base ../../build/ur3e_rl_env build --build-base /home/ollie/git/RS2/main/HoloAssist/ur3e_rl_ws/build/ur3e_rl_env/build install --record /home/ollie/git/RS2/main/HoloAssist/ur3e_rl_ws/build/ur3e_rl_env/install.log --single-version-externally-managed install_data
[1.356s] Level 1:colcon.colcon_core.environment:checking '/home/ollie/git/RS2/main/HoloAssist/ur3e_rl_ws/install/ur3e_rl_env' for CMake config files
[1.357s] Level 1:colcon.colcon_core.environment:checking '/home/ollie/git/RS2/main/HoloAssist/ur3e_rl_ws/install/ur3e_rl_env/lib'
[1.357s] Level 1:colcon.colcon_core.environment:checking '/home/ollie/git/RS2/main/HoloAssist/ur3e_rl_ws/install/ur3e_rl_env/bin'
[1.357s] Level 1:colcon.colcon_core.environment:checking '/home/ollie/git/RS2/main/HoloAssist/ur3e_rl_ws/install/ur3e_rl_env/lib/pkgconfig/ur3e_rl_env.pc'
[1.357s] Level 1:colcon.colcon_core.environment:checking '/home/ollie/git/RS2/main/HoloAssist/ur3e_rl_ws/install/ur3e_rl_env/lib/python3.10/site-packages'
[1.357s] Level 1:colcon.colcon_core.shell:create_environment_hook('ur3e_rl_env', 'pythonpath')
[1.357s] INFO:colcon.colcon_core.shell:Creating environment hook '/home/ollie/git/RS2/main/HoloAssist/ur3e_rl_ws/install/ur3e_rl_env/share/ur3e_rl_env/hook/pythonpath.ps1'
[1.357s] INFO:colcon.colcon_core.shell:Creating environment descriptor '/home/ollie/git/RS2/main/HoloAssist/ur3e_rl_ws/install/ur3e_rl_env/share/ur3e_rl_env/hook/pythonpath.dsv'
[1.358s] INFO:colcon.colcon_core.shell:Creating environment hook '/home/ollie/git/RS2/main/HoloAssist/ur3e_rl_ws/install/ur3e_rl_env/share/ur3e_rl_env/hook/pythonpath.sh'
[1.358s] Level 1:colcon.colcon_core.environment:checking '/home/ollie/git/RS2/main/HoloAssist/ur3e_rl_ws/install/ur3e_rl_env/bin'
[1.358s] Level 1:colcon.colcon_core.environment:create_environment_scripts_only(ur3e_rl_env)
[1.358s] INFO:colcon.colcon_core.shell:Creating package script '/home/ollie/git/RS2/main/HoloAssist/ur3e_rl_ws/install/ur3e_rl_env/share/ur3e_rl_env/package.ps1'
[1.358s] INFO:colcon.colcon_core.shell:Creating package descriptor '/home/ollie/git/RS2/main/HoloAssist/ur3e_rl_ws/install/ur3e_rl_env/share/ur3e_rl_env/package.dsv'
[1.359s] INFO:colcon.colcon_core.shell:Creating package script '/home/ollie/git/RS2/main/HoloAssist/ur3e_rl_ws/install/ur3e_rl_env/share/ur3e_rl_env/package.sh'
[1.359s] INFO:colcon.colcon_core.shell:Creating package script '/home/ollie/git/RS2/main/HoloAssist/ur3e_rl_ws/install/ur3e_rl_env/share/ur3e_rl_env/package.bash'
[1.359s] INFO:colcon.colcon_core.shell:Creating package script '/home/ollie/git/RS2/main/HoloAssist/ur3e_rl_ws/install/ur3e_rl_env/share/ur3e_rl_env/package.zsh'
[1.359s] Level 1:colcon.colcon_core.environment:create_file_with_runtime_dependencies(/home/ollie/git/RS2/main/HoloAssist/ur3e_rl_ws/install/ur3e_rl_env/share/colcon-core/packages/ur3e_rl_env)
[1.359s] INFO:colcon.colcon_ros.task.ament_python.build:Building ROS package in '/home/ollie/git/RS2/main/HoloAssist/ur3e_rl_ws/src/ur3e_policy_controller' with build type 'ament_python'
[1.359s] Level 1:colcon.colcon_core.shell:create_environment_hook('ur3e_policy_controller', 'ament_prefix_path')
[1.360s] INFO:colcon.colcon_core.shell:Creating environment hook '/home/ollie/git/RS2/main/HoloAssist/ur3e_rl_ws/install/ur3e_policy_controller/share/ur3e_policy_controller/hook/ament_prefix_path.ps1'
[1.360s] INFO:colcon.colcon_core.shell:Creating environment descriptor '/home/ollie/git/RS2/main/HoloAssist/ur3e_rl_ws/install/ur3e_policy_controller/share/ur3e_policy_controller/hook/ament_prefix_path.dsv'
[1.360s] INFO:colcon.colcon_core.shell:Creating environment hook '/home/ollie/git/RS2/main/HoloAssist/ur3e_rl_ws/install/ur3e_policy_controller/share/ur3e_policy_controller/hook/ament_prefix_path.sh'
[1.361s] INFO:colcon.colcon_core.shell:Skip shell extension 'powershell' for command environment: Not usable outside of PowerShell
[1.361s] DEBUG:colcon.colcon_core.shell:Skip shell extension 'dsv' for command environment
[1.524s] INFO:colcon.colcon_core.task.python.build:Building Python package in '/home/ollie/git/RS2/main/HoloAssist/ur3e_rl_ws/src/ur3e_policy_controller'
[1.525s] INFO:colcon.colcon_core.shell:Skip shell extension 'powershell' for command environment: Not usable outside of PowerShell
[1.525s] DEBUG:colcon.colcon_core.shell:Skip shell extension 'dsv' for command environment
[1.752s] DEBUG:colcon.colcon_core.event_handler.log_command:Invoking command in '/home/ollie/git/RS2/main/HoloAssist/ur3e_rl_ws/src/ur3e_policy_controller': AMENT_PREFIX_PATH=/home/ollie/git/RS2/main/HoloAssist/ur3e_rl_ws/install/ur3e_rl_env:/home/ollie/git/RS2/main/HoloAssist/ur3e_rl_ws/install/ur3e_safety_layer:${AMENT_PREFIX_PATH} PYTHONPATH=/home/ollie/git/RS2/main/HoloAssist/ur3e_rl_ws/build/ur3e_policy_controller/prefix_override:/usr/lib/python3/dist-packages/colcon_core/task/python/colcon_distutils_commands:/home/ollie/git/RS2/main/HoloAssist/ur3e_rl_ws/install/ur3e_policy_controller/lib/python3.10/site-packages:/home/ollie/git/RS2/main/HoloAssist/ur3e_rl_ws/install/ur3e_rl_env/lib/python3.10/site-packages:/home/ollie/git/RS2/main/HoloAssist/ur3e_rl_ws/install/ur3e_safety_layer/lib/python3.10/site-packages:${PYTHONPATH} /usr/bin/python3 -W ignore:setup.py install is deprecated -W ignore:easy_install command is deprecated setup.py egg_info --egg-base ../../build/ur3e_policy_controller build --build-base /home/ollie/git/RS2/main/HoloAssist/ur3e_rl_ws/build/ur3e_policy_controller/build install --record /home/ollie/git/RS2/main/HoloAssist/ur3e_rl_ws/build/ur3e_policy_controller/install.log --single-version-externally-managed install_data
[1.930s] Level 1:colcon.colcon_core.environment:checking '/home/ollie/git/RS2/main/HoloAssist/ur3e_rl_ws/install/ur3e_policy_controller' for CMake module files
[1.931s] DEBUG:colcon.colcon_core.event_handler.log_command:Invoked command in '/home/ollie/git/RS2/main/HoloAssist/ur3e_rl_ws/src/ur3e_policy_controller' returned '0': AMENT_PREFIX_PATH=/home/ollie/git/RS2/main/HoloAssist/ur3e_rl_ws/install/ur3e_rl_env:/home/ollie/git/RS2/main/HoloAssist/ur3e_rl_ws/install/ur3e_safety_layer:${AMENT_PREFIX_PATH} PYTHONPATH=/home/ollie/git/RS2/main/HoloAssist/ur3e_rl_ws/build/ur3e_policy_controller/prefix_override:/usr/lib/python3/dist-packages/colcon_core/task/python/colcon_distutils_commands:/home/ollie/git/RS2/main/HoloAssist/ur3e_rl_ws/install/ur3e_policy_controller/lib/python3.10/site-packages:/home/ollie/git/RS2/main/HoloAssist/ur3e_rl_ws/install/ur3e_rl_env/lib/python3.10/site-packages:/home/ollie/git/RS2/main/HoloAssist/ur3e_rl_ws/install/ur3e_safety_layer/lib/python3.10/site-packages:${PYTHONPATH} /usr/bin/python3 -W ignore:setup.py install is deprecated -W ignore:easy_install command is deprecated setup.py egg_info --egg-base ../../build/ur3e_policy_controller build --build-base /home/ollie/git/RS2/main/HoloAssist/ur3e_rl_ws/build/ur3e_policy_controller/build install --record /home/ollie/git/RS2/main/HoloAssist/ur3e_rl_ws/build/ur3e_policy_controller/install.log --single-version-externally-managed install_data
[1.931s] Level 1:colcon.colcon_core.environment:checking '/home/ollie/git/RS2/main/HoloAssist/ur3e_rl_ws/install/ur3e_policy_controller' for CMake config files
[1.931s] Level 1:colcon.colcon_core.environment:checking '/home/ollie/git/RS2/main/HoloAssist/ur3e_rl_ws/install/ur3e_policy_controller/lib'
[1.932s] Level 1:colcon.colcon_core.environment:checking '/home/ollie/git/RS2/main/HoloAssist/ur3e_rl_ws/install/ur3e_policy_controller/bin'
[1.932s] Level 1:colcon.colcon_core.environment:checking '/home/ollie/git/RS2/main/HoloAssist/ur3e_rl_ws/install/ur3e_policy_controller/lib/pkgconfig/ur3e_policy_controller.pc'
[1.932s] Level 1:colcon.colcon_core.environment:checking '/home/ollie/git/RS2/main/HoloAssist/ur3e_rl_ws/install/ur3e_policy_controller/lib/python3.10/site-packages'
[1.932s] Level 1:colcon.colcon_core.shell:create_environment_hook('ur3e_policy_controller', 'pythonpath')
[1.932s] INFO:colcon.colcon_core.shell:Creating environment hook '/home/ollie/git/RS2/main/HoloAssist/ur3e_rl_ws/install/ur3e_policy_controller/share/ur3e_policy_controller/hook/pythonpath.ps1'
[1.933s] INFO:colcon.colcon_core.shell:Creating environment descriptor '/home/ollie/git/RS2/main/HoloAssist/ur3e_rl_ws/install/ur3e_policy_controller/share/ur3e_policy_controller/hook/pythonpath.dsv'
[1.933s] INFO:colcon.colcon_core.shell:Creating environment hook '/home/ollie/git/RS2/main/HoloAssist/ur3e_rl_ws/install/ur3e_policy_controller/share/ur3e_policy_controller/hook/pythonpath.sh'
[1.934s] Level 1:colcon.colcon_core.environment:checking '/home/ollie/git/RS2/main/HoloAssist/ur3e_rl_ws/install/ur3e_policy_controller/bin'
[1.934s] Level 1:colcon.colcon_core.environment:create_environment_scripts_only(ur3e_policy_controller)
[1.934s] INFO:colcon.colcon_core.shell:Creating package script '/home/ollie/git/RS2/main/HoloAssist/ur3e_rl_ws/install/ur3e_policy_controller/share/ur3e_policy_controller/package.ps1'
[1.935s] INFO:colcon.colcon_core.shell:Creating package descriptor '/home/ollie/git/RS2/main/HoloAssist/ur3e_rl_ws/install/ur3e_policy_controller/share/ur3e_policy_controller/package.dsv'
[1.935s] INFO:colcon.colcon_core.shell:Creating package script '/home/ollie/git/RS2/main/HoloAssist/ur3e_rl_ws/install/ur3e_policy_controller/share/ur3e_policy_controller/package.sh'
[1.935s] INFO:colcon.colcon_core.shell:Creating package script '/home/ollie/git/RS2/main/HoloAssist/ur3e_rl_ws/install/ur3e_policy_controller/share/ur3e_policy_controller/package.bash'
[1.935s] INFO:colcon.colcon_core.shell:Creating package script '/home/ollie/git/RS2/main/HoloAssist/ur3e_rl_ws/install/ur3e_policy_controller/share/ur3e_policy_controller/package.zsh'
[1.936s] Level 1:colcon.colcon_core.environment:create_file_with_runtime_dependencies(/home/ollie/git/RS2/main/HoloAssist/ur3e_rl_ws/install/ur3e_policy_controller/share/colcon-core/packages/ur3e_policy_controller)
[1.936s] DEBUG:colcon.colcon_parallel_executor.executor.parallel:closing loop
[1.936s] DEBUG:colcon.colcon_parallel_executor.executor.parallel:loop closed
[1.936s] DEBUG:colcon.colcon_parallel_executor.executor.parallel:run_until_complete finished with '0'
[1.936s] DEBUG:colcon.colcon_core.event_reactor:joining thread
[1.941s] INFO:colcon.colcon_core.plugin_system:Skipping extension 'colcon_notification.desktop_notification.terminal_notifier': Not used on non-Darwin systems
[1.941s] INFO:colcon.colcon_core.plugin_system:Skipping extension 'colcon_notification.desktop_notification.win32': Not used on non-Windows systems
[1.941s] INFO:colcon.colcon_notification.desktop_notification:Sending desktop notification using 'notify2'
[1.956s] DEBUG:colcon.colcon_core.event_reactor:joined thread
[1.956s] INFO:colcon.colcon_core.shell:Creating prefix script '/home/ollie/git/RS2/main/HoloAssist/ur3e_rl_ws/install/local_setup.ps1'
[1.957s] INFO:colcon.colcon_core.shell:Creating prefix util module '/home/ollie/git/RS2/main/HoloAssist/ur3e_rl_ws/install/_local_setup_util_ps1.py'
[1.958s] INFO:colcon.colcon_core.shell:Creating prefix chain script '/home/ollie/git/RS2/main/HoloAssist/ur3e_rl_ws/install/setup.ps1'
[1.958s] INFO:colcon.colcon_core.shell:Creating prefix script '/home/ollie/git/RS2/main/HoloAssist/ur3e_rl_ws/install/local_setup.sh'
[1.959s] INFO:colcon.colcon_core.shell:Creating prefix util module '/home/ollie/git/RS2/main/HoloAssist/ur3e_rl_ws/install/_local_setup_util_sh.py'
[1.959s] INFO:colcon.colcon_core.shell:Creating prefix chain script '/home/ollie/git/RS2/main/HoloAssist/ur3e_rl_ws/install/setup.sh'
[1.960s] INFO:colcon.colcon_core.shell:Creating prefix script '/home/ollie/git/RS2/main/HoloAssist/ur3e_rl_ws/install/local_setup.bash'
[1.960s] INFO:colcon.colcon_core.shell:Creating prefix chain script '/home/ollie/git/RS2/main/HoloAssist/ur3e_rl_ws/install/setup.bash'
[1.960s] INFO:colcon.colcon_core.shell:Creating prefix script '/home/ollie/git/RS2/main/HoloAssist/ur3e_rl_ws/install/local_setup.zsh'
[1.961s] INFO:colcon.colcon_core.shell:Creating prefix chain script '/home/ollie/git/RS2/main/HoloAssist/ur3e_rl_ws/install/setup.zsh'
