[0.400s] Invoking command in '/home/ollie/git/RS2/main/HoloAssist/ur3e_rl_ws/src/ur3e_safety_layer': PYTHONPATH=/home/ollie/git/RS2/main/HoloAssist/ur3e_rl_ws/build/ur3e_safety_layer/prefix_override:/usr/lib/python3/dist-packages/colcon_core/task/python/colcon_distutils_commands:/home/ollie/git/RS2/main/HoloAssist/ur3e_rl_ws/install/ur3e_safety_layer/lib/python3.10/site-packages:${PYTHONPATH} /usr/bin/python3 -W ignore:setup.py install is deprecated -W ignore:easy_install command is deprecated setup.py egg_info --egg-base ../../build/ur3e_safety_layer build --build-base /home/ollie/git/RS2/main/HoloAssist/ur3e_rl_ws/build/ur3e_safety_layer/build install --record /home/ollie/git/RS2/main/HoloAssist/ur3e_rl_ws/build/ur3e_safety_layer/install.log --single-version-externally-managed install_data
[0.545s] running egg_info
[0.546s] writing ../../build/ur3e_safety_layer/ur3e_safety_layer.egg-info/PKG-INFO
[0.546s] writing dependency_links to ../../build/ur3e_safety_layer/ur3e_safety_layer.egg-info/dependency_links.txt
[0.546s] writing entry points to ../../build/ur3e_safety_layer/ur3e_safety_layer.egg-info/entry_points.txt
[0.546s] writing requirements to ../../build/ur3e_safety_layer/ur3e_safety_layer.egg-info/requires.txt
[0.546s] writing top-level names to ../../build/ur3e_safety_layer/ur3e_safety_layer.egg-info/top_level.txt
[0.547s] reading manifest file '../../build/ur3e_safety_layer/ur3e_safety_layer.egg-info/SOURCES.txt'
[0.547s] writing manifest file '../../build/ur3e_safety_layer/ur3e_safety_layer.egg-info/SOURCES.txt'
[0.548s] running build
[0.548s] running build_py
[0.548s] running install
[0.548s] running install_lib
[0.548s] running install_data
[0.549s] running install_egg_info
[0.550s] removing '/home/ollie/git/RS2/main/HoloAssist/ur3e_rl_ws/install/ur3e_safety_layer/lib/python3.10/site-packages/ur3e_safety_layer-0.1.0-py3.10.egg-info' (and everything under it)
[0.550s] Copying ../../build/ur3e_safety_layer/ur3e_safety_layer.egg-info to /home/ollie/git/RS2/main/HoloAssist/ur3e_rl_ws/install/ur3e_safety_layer/lib/python3.10/site-packages/ur3e_safety_layer-0.1.0-py3.10.egg-info
[0.550s] running install_scripts
[0.562s] Installing moveit_collision_checker script to /home/ollie/git/RS2/main/HoloAssist/ur3e_rl_ws/install/ur3e_safety_layer/lib/ur3e_safety_layer
[0.562s] Installing safety_node script to /home/ollie/git/RS2/main/HoloAssist/ur3e_rl_ws/install/ur3e_safety_layer/lib/ur3e_safety_layer
[0.563s] writing list of installed files to '/home/ollie/git/RS2/main/HoloAssist/ur3e_rl_ws/build/ur3e_safety_layer/install.log'
[0.581s] Invoked command in '/home/ollie/git/RS2/main/HoloAssist/ur3e_rl_ws/src/ur3e_safety_layer' returned '0': PYTHONPATH=/home/ollie/git/RS2/main/HoloAssist/ur3e_rl_ws/build/ur3e_safety_layer/prefix_override:/usr/lib/python3/dist-packages/colcon_core/task/python/colcon_distutils_commands:/home/ollie/git/RS2/main/HoloAssist/ur3e_rl_ws/install/ur3e_safety_layer/lib/python3.10/site-packages:${PYTHONPATH} /usr/bin/python3 -W ignore:setup.py install is deprecated -W ignore:easy_install command is deprecated setup.py egg_info --egg-base ../../build/ur3e_safety_layer build --build-base /home/ollie/git/RS2/main/HoloAssist/ur3e_rl_ws/build/ur3e_safety_layer/build install --record /home/ollie/git/RS2/main/HoloAssist/ur3e_rl_ws/build/ur3e_safety_layer/install.log --single-version-externally-managed install_data
