[0.444s] Invoking command in '/home/ollie/git/RS2/main/HoloAssist/ur3e_rl_ws/src/ur3e_rl_env': AMENT_PREFIX_PATH=/home/ollie/git/RS2/main/HoloAssist/ur3e_rl_ws/install/ur3e_safety_layer:${AMENT_PREFIX_PATH} PYTHONPATH=/home/ollie/git/RS2/main/HoloAssist/ur3e_rl_ws/build/ur3e_rl_env/prefix_override:/usr/lib/python3/dist-packages/colcon_core/task/python/colcon_distutils_commands:/home/ollie/git/RS2/main/HoloAssist/ur3e_rl_ws/install/ur3e_rl_env/lib/python3.10/site-packages:/home/ollie/git/RS2/main/HoloAssist/ur3e_rl_ws/install/ur3e_safety_layer/lib/python3.10/site-packages:${PYTHONPATH} /usr/bin/python3 -W ignore:setup.py install is deprecated -W ignore:easy_install command is deprecated setup.py egg_info --egg-base ../../build/ur3e_rl_env build --build-base /home/ollie/git/RS2/main/HoloAssist/ur3e_rl_ws/build/ur3e_rl_env/build install --record /home/ollie/git/RS2/main/HoloAssist/ur3e_rl_ws/build/ur3e_rl_env/install.log --single-version-externally-managed install_data
[0.625s] running egg_info
[0.625s] writing ../../build/ur3e_rl_env/ur3e_rl_env.egg-info/PKG-INFO
[0.625s] writing dependency_links to ../../build/ur3e_rl_env/ur3e_rl_env.egg-info/dependency_links.txt
[0.625s] writing entry points to ../../build/ur3e_rl_env/ur3e_rl_env.egg-info/entry_points.txt
[0.625s] writing requirements to ../../build/ur3e_rl_env/ur3e_rl_env.egg-info/requires.txt
[0.625s] writing top-level names to ../../build/ur3e_rl_env/ur3e_rl_env.egg-info/top_level.txt
[0.626s] reading manifest file '../../build/ur3e_rl_env/ur3e_rl_env.egg-info/SOURCES.txt'
[0.627s] writing manifest file '../../build/ur3e_rl_env/ur3e_rl_env.egg-info/SOURCES.txt'
[0.627s] running build
[0.627s] running build_py
[0.627s] copying ur3e_rl_env/train_ppo.py -> /home/ollie/git/RS2/main/HoloAssist/ur3e_rl_ws/build/ur3e_rl_env/build/lib/ur3e_rl_env
[0.627s] copying ur3e_rl_env/envs/ur3e_pick_place_env.py -> /home/ollie/git/RS2/main/HoloAssist/ur3e_rl_ws/build/ur3e_rl_env/build/lib/ur3e_rl_env/envs
[0.627s] running install
[0.628s] running install_lib
[0.628s] copying /home/ollie/git/RS2/main/HoloAssist/ur3e_rl_ws/build/ur3e_rl_env/build/lib/ur3e_rl_env/train_ppo.py -> /home/ollie/git/RS2/main/HoloAssist/ur3e_rl_ws/install/ur3e_rl_env/lib/python3.10/site-packages/ur3e_rl_env
[0.628s] copying /home/ollie/git/RS2/main/HoloAssist/ur3e_rl_ws/build/ur3e_rl_env/build/lib/ur3e_rl_env/envs/ur3e_pick_place_env.py -> /home/ollie/git/RS2/main/HoloAssist/ur3e_rl_ws/install/ur3e_rl_env/lib/python3.10/site-packages/ur3e_rl_env/envs
[0.629s] byte-compiling /home/ollie/git/RS2/main/HoloAssist/ur3e_rl_ws/install/ur3e_rl_env/lib/python3.10/site-packages/ur3e_rl_env/train_ppo.py to train_ppo.cpython-310.pyc
[0.630s] byte-compiling /home/ollie/git/RS2/main/HoloAssist/ur3e_rl_ws/install/ur3e_rl_env/lib/python3.10/site-packages/ur3e_rl_env/envs/ur3e_pick_place_env.py to ur3e_pick_place_env.cpython-310.pyc
[0.630s] running install_data
[0.630s] running install_egg_info
[0.631s] removing '/home/ollie/git/RS2/main/HoloAssist/ur3e_rl_ws/install/ur3e_rl_env/lib/python3.10/site-packages/ur3e_rl_env-0.1.0-py3.10.egg-info' (and everything under it)
[0.631s] Copying ../../build/ur3e_rl_env/ur3e_rl_env.egg-info to /home/ollie/git/RS2/main/HoloAssist/ur3e_rl_ws/install/ur3e_rl_env/lib/python3.10/site-packages/ur3e_rl_env-0.1.0-py3.10.egg-info
[0.632s] running install_scripts
[0.646s] Installing evaluate_policy script to /home/ollie/git/RS2/main/HoloAssist/ur3e_rl_ws/install/ur3e_rl_env/lib/ur3e_rl_env
[0.646s] Installing smoke_test_joint_command script to /home/ollie/git/RS2/main/HoloAssist/ur3e_rl_ws/install/ur3e_rl_env/lib/ur3e_rl_env
[0.646s] Installing train_ppo script to /home/ollie/git/RS2/main/HoloAssist/ur3e_rl_ws/install/ur3e_rl_env/lib/ur3e_rl_env
[0.646s] writing list of installed files to '/home/ollie/git/RS2/main/HoloAssist/ur3e_rl_ws/build/ur3e_rl_env/install.log'
[0.664s] Invoked command in '/home/ollie/git/RS2/main/HoloAssist/ur3e_rl_ws/src/ur3e_rl_env' returned '0': AMENT_PREFIX_PATH=/home/ollie/git/RS2/main/HoloAssist/ur3e_rl_ws/install/ur3e_safety_layer:${AMENT_PREFIX_PATH} PYTHONPATH=/home/ollie/git/RS2/main/HoloAssist/ur3e_rl_ws/build/ur3e_rl_env/prefix_override:/usr/lib/python3/dist-packages/colcon_core/task/python/colcon_distutils_commands:/home/ollie/git/RS2/main/HoloAssist/ur3e_rl_ws/install/ur3e_rl_env/lib/python3.10/site-packages:/home/ollie/git/RS2/main/HoloAssist/ur3e_rl_ws/install/ur3e_safety_layer/lib/python3.10/site-packages:${PYTHONPATH} /usr/bin/python3 -W ignore:setup.py install is deprecated -W ignore:easy_install command is deprecated setup.py egg_info --egg-base ../../build/ur3e_rl_env build --build-base /home/ollie/git/RS2/main/HoloAssist/ur3e_rl_ws/build/ur3e_rl_env/build install --record /home/ollie/git/RS2/main/HoloAssist/ur3e_rl_ws/build/ur3e_rl_env/install.log --single-version-externally-managed install_data
