-- Found ament_cmake: 1.3.14 (/opt/ros/humble/share/ament_cmake/cmake)
-- Override CMake install command with custom implementation using symlinks instead of copying resources
-- Configuring done
-- Generating done
-- Build files have been written to: /home/nic/git/HoloAssist-AI/ur3e_rl_ws/build/ur3e_gazebo_sim
-- Install configuration: ""
-- Execute custom install script
-- Symlinking: /home/nic/git/HoloAssist-AI/ur3e_rl_ws/install/ur3e_gazebo_sim/share/ur3e_gazebo_sim/launch/ur3e_pick_place_world.launch.py
-- Symlinking: /home/nic/git/HoloAssist-AI/ur3e_rl_ws/install/ur3e_gazebo_sim/share/ur3e_gazebo_sim/worlds/pick_place_world.sdf
-- Symlinking: /home/nic/git/HoloAssist-AI/ur3e_rl_ws/install/ur3e_gazebo_sim/share/ur3e_gazebo_sim/models/bin/model.config
-- Symlinking: /home/nic/git/HoloAssist-AI/ur3e_rl_ws/install/ur3e_gazebo_sim/share/ur3e_gazebo_sim/models/bin/model.sdf
-- Symlinking: /home/nic/git/HoloAssist-AI/ur3e_rl_ws/install/ur3e_gazebo_sim/share/ur3e_gazebo_sim/models/cube/model.config
-- Symlinking: /home/nic/git/HoloAssist-AI/ur3e_rl_ws/install/ur3e_gazebo_sim/share/ur3e_gazebo_sim/models/cube/model.sdf
-- Symlinking: /home/nic/git/HoloAssist-AI/ur3e_rl_ws/install/ur3e_gazebo_sim/share/ur3e_gazebo_sim/models/table/meshes/UR3eTrolley_decimated.dae
-- Symlinking: /home/nic/git/HoloAssist-AI/ur3e_rl_ws/install/ur3e_gazebo_sim/share/ur3e_gazebo_sim/models/table/model.config
-- Symlinking: /home/nic/git/HoloAssist-AI/ur3e_rl_ws/install/ur3e_gazebo_sim/share/ur3e_gazebo_sim/models/table/model.sdf
-- Symlinking: /home/nic/git/HoloAssist-AI/ur3e_rl_ws/install/ur3e_gazebo_sim/share/ur3e_gazebo_sim/urdf/rg2_fixed.xacro
-- Symlinking: /home/nic/git/HoloAssist-AI/ur3e_rl_ws/install/ur3e_gazebo_sim/share/ur3e_gazebo_sim/urdf/ur3e_rg2_benchtop.urdf.xacro
-- Symlinking: /home/nic/git/HoloAssist-AI/ur3e_rl_ws/install/ur3e_gazebo_sim/share/ur3e_gazebo_sim/meshes/rg2/collision/base_link.stl
-- Symlinking: /home/nic/git/HoloAssist-AI/ur3e_rl_ws/install/ur3e_gazebo_sim/share/ur3e_gazebo_sim/meshes/rg2/collision/inner_finger.stl
-- Symlinking: /home/nic/git/HoloAssist-AI/ur3e_rl_ws/install/ur3e_gazebo_sim/share/ur3e_gazebo_sim/meshes/rg2/collision/inner_knuckle.stl
-- Symlinking: /home/nic/git/HoloAssist-AI/ur3e_rl_ws/install/ur3e_gazebo_sim/share/ur3e_gazebo_sim/meshes/rg2/collision/outer_knuckle.stl
-- Symlinking: /home/nic/git/HoloAssist-AI/ur3e_rl_ws/install/ur3e_gazebo_sim/share/ur3e_gazebo_sim/meshes/rg2/visual/base_link.stl
-- Symlinking: /home/nic/git/HoloAssist-AI/ur3e_rl_ws/install/ur3e_gazebo_sim/share/ur3e_gazebo_sim/meshes/rg2/visual/inner_finger.stl
-- Symlinking: /home/nic/git/HoloAssist-AI/ur3e_rl_ws/install/ur3e_gazebo_sim/share/ur3e_gazebo_sim/meshes/rg2/visual/inner_knuckle.stl
-- Symlinking: /home/nic/git/HoloAssist-AI/ur3e_rl_ws/install/ur3e_gazebo_sim/share/ur3e_gazebo_sim/meshes/rg2/visual/outer_knuckle.stl
-- Symlinking: /home/nic/git/HoloAssist-AI/ur3e_rl_ws/install/ur3e_gazebo_sim/share/ur3e_gazebo_sim/config/initial_positions.yaml
-- Symlinking: /home/nic/git/HoloAssist-AI/ur3e_rl_ws/install/ur3e_gazebo_sim/share/ur3e_gazebo_sim/config/ur3e_controllers.yaml
-- Symlinking: /home/nic/git/HoloAssist-AI/ur3e_rl_ws/install/ur3e_gazebo_sim/lib/ur3e_gazebo_sim/gazebo_pose_bridge.py
-- Symlinking: /home/nic/git/HoloAssist-AI/ur3e_rl_ws/install/ur3e_gazebo_sim/lib/ur3e_gazebo_sim/send_home_trajectory.py
-- Symlinking: /home/nic/git/HoloAssist-AI/ur3e_rl_ws/install/ur3e_gazebo_sim/lib/ur3e_gazebo_sim/setup_controllers.py
-- Symlinking: /home/nic/git/HoloAssist-AI/ur3e_rl_ws/install/ur3e_gazebo_sim/share/ur3e_gazebo_sim/README.md
-- Symlinking: /home/nic/git/HoloAssist-AI/ur3e_rl_ws/install/ur3e_gazebo_sim/share/ament_index/resource_index/package_run_dependencies/ur3e_gazebo_sim
-- Symlinking: /home/nic/git/HoloAssist-AI/ur3e_rl_ws/install/ur3e_gazebo_sim/share/ament_index/resource_index/parent_prefix_path/ur3e_gazebo_sim
-- Symlinking: /home/nic/git/HoloAssist-AI/ur3e_rl_ws/install/ur3e_gazebo_sim/share/ur3e_gazebo_sim/environment/ament_prefix_path.sh
-- Symlinking: /home/nic/git/HoloAssist-AI/ur3e_rl_ws/install/ur3e_gazebo_sim/share/ur3e_gazebo_sim/environment/ament_prefix_path.dsv
-- Symlinking: /home/nic/git/HoloAssist-AI/ur3e_rl_ws/install/ur3e_gazebo_sim/share/ur3e_gazebo_sim/environment/path.sh
-- Symlinking: /home/nic/git/HoloAssist-AI/ur3e_rl_ws/install/ur3e_gazebo_sim/share/ur3e_gazebo_sim/environment/path.dsv
-- Symlinking: /home/nic/git/HoloAssist-AI/ur3e_rl_ws/install/ur3e_gazebo_sim/share/ur3e_gazebo_sim/local_setup.bash
-- Symlinking: /home/nic/git/HoloAssist-AI/ur3e_rl_ws/install/ur3e_gazebo_sim/share/ur3e_gazebo_sim/local_setup.sh
-- Symlinking: /home/nic/git/HoloAssist-AI/ur3e_rl_ws/install/ur3e_gazebo_sim/share/ur3e_gazebo_sim/local_setup.zsh
-- Symlinking: /home/nic/git/HoloAssist-AI/ur3e_rl_ws/install/ur3e_gazebo_sim/share/ur3e_gazebo_sim/local_setup.dsv
-- Symlinking: /home/nic/git/HoloAssist-AI/ur3e_rl_ws/install/ur3e_gazebo_sim/share/ur3e_gazebo_sim/package.dsv
-- Symlinking: /home/nic/git/HoloAssist-AI/ur3e_rl_ws/install/ur3e_gazebo_sim/share/ament_index/resource_index/packages/ur3e_gazebo_sim
-- Symlinking: /home/nic/git/HoloAssist-AI/ur3e_rl_ws/install/ur3e_gazebo_sim/share/ur3e_gazebo_sim/cmake/ur3e_gazebo_simConfig.cmake
-- Symlinking: /home/nic/git/HoloAssist-AI/ur3e_rl_ws/install/ur3e_gazebo_sim/share/ur3e_gazebo_sim/cmake/ur3e_gazebo_simConfig-version.cmake
-- Symlinking: /home/nic/git/HoloAssist-AI/ur3e_rl_ws/install/ur3e_gazebo_sim/share/ur3e_gazebo_sim/package.xml
