[0.411s] Invoking command in '/home/ollie/git/RS2/main/HoloAssist/ur3e_rl_ws/src/ur3e_rl_env': AMENT_PREFIX_PATH=/home/ollie/git/RS2/main/HoloAssist/ur3e_rl_ws/install/ur3e_safety_layer:${AMENT_PREFIX_PATH} PYTHONPATH=/home/ollie/git/RS2/main/HoloAssist/ur3e_rl_ws/build/ur3e_rl_env/prefix_override:/usr/lib/python3/dist-packages/colcon_core/task/python/colcon_distutils_commands:/home/ollie/git/RS2/main/HoloAssist/ur3e_rl_ws/install/ur3e_rl_env/lib/python3.10/site-packages:/home/ollie/git/RS2/main/HoloAssist/ur3e_rl_ws/install/ur3e_safety_layer/lib/python3.10/site-packages:${PYTHONPATH} /usr/bin/python3 -W ignore:setup.py install is deprecated -W ignore:easy_install command is deprecated setup.py egg_info --egg-base ../../build/ur3e_rl_env build --build-base /home/ollie/git/RS2/main/HoloAssist/ur3e_rl_ws/build/ur3e_rl_env/build install --record /home/ollie/git/RS2/main/HoloAssist/ur3e_rl_ws/build/ur3e_rl_env/install.log --single-version-externally-managed install_data
[0.569s] running egg_info
[0.570s] creating ../../build/ur3e_rl_env/ur3e_rl_env.egg-info
[0.570s] writing ../../build/ur3e_rl_env/ur3e_rl_env.egg-info/PKG-INFO
[0.570s] writing dependency_links to ../../build/ur3e_rl_env/ur3e_rl_env.egg-info/dependency_links.txt
[0.570s] writing entry points to ../../build/ur3e_rl_env/ur3e_rl_env.egg-info/entry_points.txt
[0.570s] writing requirements to ../../build/ur3e_rl_env/ur3e_rl_env.egg-info/requires.txt
[0.570s] writing top-level names to ../../build/ur3e_rl_env/ur3e_rl_env.egg-info/top_level.txt
[0.570s] writing manifest file '../../build/ur3e_rl_env/ur3e_rl_env.egg-info/SOURCES.txt'
[0.571s] reading manifest file '../../build/ur3e_rl_env/ur3e_rl_env.egg-info/SOURCES.txt'
[0.571s] writing manifest file '../../build/ur3e_rl_env/ur3e_rl_env.egg-info/SOURCES.txt'
[0.572s] running build
[0.572s] running build_py
[0.572s] creating /home/ollie/git/RS2/main/HoloAssist/ur3e_rl_ws/build/ur3e_rl_env/build
[0.572s] creating /home/ollie/git/RS2/main/HoloAssist/ur3e_rl_ws/build/ur3e_rl_env/build/lib
[0.572s] creating /home/ollie/git/RS2/main/HoloAssist/ur3e_rl_ws/build/ur3e_rl_env/build/lib/ur3e_rl_env
[0.572s] copying ur3e_rl_env/reward.py -> /home/ollie/git/RS2/main/HoloAssist/ur3e_rl_ws/build/ur3e_rl_env/build/lib/ur3e_rl_env
[0.573s] copying ur3e_rl_env/ros_interface.py -> /home/ollie/git/RS2/main/HoloAssist/ur3e_rl_ws/build/ur3e_rl_env/build/lib/ur3e_rl_env
[0.573s] copying ur3e_rl_env/train_ppo.py -> /home/ollie/git/RS2/main/HoloAssist/ur3e_rl_ws/build/ur3e_rl_env/build/lib/ur3e_rl_env
[0.573s] copying ur3e_rl_env/evaluate_policy.py -> /home/ollie/git/RS2/main/HoloAssist/ur3e_rl_ws/build/ur3e_rl_env/build/lib/ur3e_rl_env
[0.573s] copying ur3e_rl_env/__init__.py -> /home/ollie/git/RS2/main/HoloAssist/ur3e_rl_ws/build/ur3e_rl_env/build/lib/ur3e_rl_env
[0.573s] copying ur3e_rl_env/smoke_test_joint_command.py -> /home/ollie/git/RS2/main/HoloAssist/ur3e_rl_ws/build/ur3e_rl_env/build/lib/ur3e_rl_env
[0.573s] creating /home/ollie/git/RS2/main/HoloAssist/ur3e_rl_ws/build/ur3e_rl_env/build/lib/ur3e_rl_env/envs
[0.573s] copying ur3e_rl_env/envs/ur3e_pick_place_env.py -> /home/ollie/git/RS2/main/HoloAssist/ur3e_rl_ws/build/ur3e_rl_env/build/lib/ur3e_rl_env/envs
[0.573s] copying ur3e_rl_env/envs/__init__.py -> /home/ollie/git/RS2/main/HoloAssist/ur3e_rl_ws/build/ur3e_rl_env/build/lib/ur3e_rl_env/envs
[0.573s] running install
[0.574s] running install_lib
[0.574s] creating /home/ollie/git/RS2/main/HoloAssist/ur3e_rl_ws/install/ur3e_rl_env/lib/python3.10/site-packages/ur3e_rl_env
[0.574s] copying /home/ollie/git/RS2/main/HoloAssist/ur3e_rl_ws/build/ur3e_rl_env/build/lib/ur3e_rl_env/reward.py -> /home/ollie/git/RS2/main/HoloAssist/ur3e_rl_ws/install/ur3e_rl_env/lib/python3.10/site-packages/ur3e_rl_env
[0.574s] copying /home/ollie/git/RS2/main/HoloAssist/ur3e_rl_ws/build/ur3e_rl_env/build/lib/ur3e_rl_env/ros_interface.py -> /home/ollie/git/RS2/main/HoloAssist/ur3e_rl_ws/install/ur3e_rl_env/lib/python3.10/site-packages/ur3e_rl_env
[0.574s] copying /home/ollie/git/RS2/main/HoloAssist/ur3e_rl_ws/build/ur3e_rl_env/build/lib/ur3e_rl_env/train_ppo.py -> /home/ollie/git/RS2/main/HoloAssist/ur3e_rl_ws/install/ur3e_rl_env/lib/python3.10/site-packages/ur3e_rl_env
[0.574s] copying /home/ollie/git/RS2/main/HoloAssist/ur3e_rl_ws/build/ur3e_rl_env/build/lib/ur3e_rl_env/evaluate_policy.py -> /home/ollie/git/RS2/main/HoloAssist/ur3e_rl_ws/install/ur3e_rl_env/lib/python3.10/site-packages/ur3e_rl_env
[0.574s] copying /home/ollie/git/RS2/main/HoloAssist/ur3e_rl_ws/build/ur3e_rl_env/build/lib/ur3e_rl_env/__init__.py -> /home/ollie/git/RS2/main/HoloAssist/ur3e_rl_ws/install/ur3e_rl_env/lib/python3.10/site-packages/ur3e_rl_env
[0.574s] copying /home/ollie/git/RS2/main/HoloAssist/ur3e_rl_ws/build/ur3e_rl_env/build/lib/ur3e_rl_env/smoke_test_joint_command.py -> /home/ollie/git/RS2/main/HoloAssist/ur3e_rl_ws/install/ur3e_rl_env/lib/python3.10/site-packages/ur3e_rl_env
[0.574s] creating /home/ollie/git/RS2/main/HoloAssist/ur3e_rl_ws/install/ur3e_rl_env/lib/python3.10/site-packages/ur3e_rl_env/envs
[0.574s] copying /home/ollie/git/RS2/main/HoloAssist/ur3e_rl_ws/build/ur3e_rl_env/build/lib/ur3e_rl_env/envs/ur3e_pick_place_env.py -> /home/ollie/git/RS2/main/HoloAssist/ur3e_rl_ws/install/ur3e_rl_env/lib/python3.10/site-packages/ur3e_rl_env/envs
[0.574s] copying /home/ollie/git/RS2/main/HoloAssist/ur3e_rl_ws/build/ur3e_rl_env/build/lib/ur3e_rl_env/envs/__init__.py -> /home/ollie/git/RS2/main/HoloAssist/ur3e_rl_ws/install/ur3e_rl_env/lib/python3.10/site-packages/ur3e_rl_env/envs
[0.575s] byte-compiling /home/ollie/git/RS2/main/HoloAssist/ur3e_rl_ws/install/ur3e_rl_env/lib/python3.10/site-packages/ur3e_rl_env/reward.py to reward.cpython-310.pyc
[0.575s] byte-compiling /home/ollie/git/RS2/main/HoloAssist/ur3e_rl_ws/install/ur3e_rl_env/lib/python3.10/site-packages/ur3e_rl_env/ros_interface.py to ros_interface.cpython-310.pyc
[0.575s] byte-compiling /home/ollie/git/RS2/main/HoloAssist/ur3e_rl_ws/install/ur3e_rl_env/lib/python3.10/site-packages/ur3e_rl_env/train_ppo.py to train_ppo.cpython-310.pyc
[0.575s] byte-compiling /home/ollie/git/RS2/main/HoloAssist/ur3e_rl_ws/install/ur3e_rl_env/lib/python3.10/site-packages/ur3e_rl_env/evaluate_policy.py to evaluate_policy.cpython-310.pyc
[0.575s] byte-compiling /home/ollie/git/RS2/main/HoloAssist/ur3e_rl_ws/install/ur3e_rl_env/lib/python3.10/site-packages/ur3e_rl_env/__init__.py to __init__.cpython-310.pyc
[0.575s] byte-compiling /home/ollie/git/RS2/main/HoloAssist/ur3e_rl_ws/install/ur3e_rl_env/lib/python3.10/site-packages/ur3e_rl_env/smoke_test_joint_command.py to smoke_test_joint_command.cpython-310.pyc
[0.576s] byte-compiling /home/ollie/git/RS2/main/HoloAssist/ur3e_rl_ws/install/ur3e_rl_env/lib/python3.10/site-packages/ur3e_rl_env/envs/ur3e_pick_place_env.py to ur3e_pick_place_env.cpython-310.pyc
[0.577s] byte-compiling /home/ollie/git/RS2/main/HoloAssist/ur3e_rl_ws/install/ur3e_rl_env/lib/python3.10/site-packages/ur3e_rl_env/envs/__init__.py to __init__.cpython-310.pyc
[0.577s] running install_data
[0.577s] creating /home/ollie/git/RS2/main/HoloAssist/ur3e_rl_ws/install/ur3e_rl_env/share/ament_index
[0.577s] creating /home/ollie/git/RS2/main/HoloAssist/ur3e_rl_ws/install/ur3e_rl_env/share/ament_index/resource_index
[0.577s] creating /home/ollie/git/RS2/main/HoloAssist/ur3e_rl_ws/install/ur3e_rl_env/share/ament_index/resource_index/packages
[0.577s] copying resource/ur3e_rl_env -> /home/ollie/git/RS2/main/HoloAssist/ur3e_rl_ws/install/ur3e_rl_env/share/ament_index/resource_index/packages
[0.577s] copying package.xml -> /home/ollie/git/RS2/main/HoloAssist/ur3e_rl_ws/install/ur3e_rl_env/share/ur3e_rl_env
[0.577s] running install_egg_info
[0.578s] Copying ../../build/ur3e_rl_env/ur3e_rl_env.egg-info to /home/ollie/git/RS2/main/HoloAssist/ur3e_rl_ws/install/ur3e_rl_env/lib/python3.10/site-packages/ur3e_rl_env-0.1.0-py3.10.egg-info
[0.578s] running install_scripts
[0.590s] Installing evaluate_policy script to /home/ollie/git/RS2/main/HoloAssist/ur3e_rl_ws/install/ur3e_rl_env/lib/ur3e_rl_env
[0.591s] Installing smoke_test_joint_command script to /home/ollie/git/RS2/main/HoloAssist/ur3e_rl_ws/install/ur3e_rl_env/lib/ur3e_rl_env
[0.591s] Installing train_ppo script to /home/ollie/git/RS2/main/HoloAssist/ur3e_rl_ws/install/ur3e_rl_env/lib/ur3e_rl_env
[0.591s] writing list of installed files to '/home/ollie/git/RS2/main/HoloAssist/ur3e_rl_ws/build/ur3e_rl_env/install.log'
[0.605s] Invoked command in '/home/ollie/git/RS2/main/HoloAssist/ur3e_rl_ws/src/ur3e_rl_env' returned '0': AMENT_PREFIX_PATH=/home/ollie/git/RS2/main/HoloAssist/ur3e_rl_ws/install/ur3e_safety_layer:${AMENT_PREFIX_PATH} PYTHONPATH=/home/ollie/git/RS2/main/HoloAssist/ur3e_rl_ws/build/ur3e_rl_env/prefix_override:/usr/lib/python3/dist-packages/colcon_core/task/python/colcon_distutils_commands:/home/ollie/git/RS2/main/HoloAssist/ur3e_rl_ws/install/ur3e_rl_env/lib/python3.10/site-packages:/home/ollie/git/RS2/main/HoloAssist/ur3e_rl_ws/install/ur3e_safety_layer/lib/python3.10/site-packages:${PYTHONPATH} /usr/bin/python3 -W ignore:setup.py install is deprecated -W ignore:easy_install command is deprecated setup.py egg_info --egg-base ../../build/ur3e_rl_env build --build-base /home/ollie/git/RS2/main/HoloAssist/ur3e_rl_ws/build/ur3e_rl_env/build install --record /home/ollie/git/RS2/main/HoloAssist/ur3e_rl_ws/build/ur3e_rl_env/install.log --single-version-externally-managed install_data
