[0.072s] DEBUG:colcon:Command line arguments: ['/usr/bin/colcon', 'build', '--packages-select', 'ur3e_gazebo_sim', 'ur3e_safety_layer', 'ur3e_rl_env']
[0.072s] DEBUG:colcon:Parsed command line arguments: Namespace(log_base=None, log_level=None, verb_name='build', build_base='build', install_base='install', merge_install=False, symlink_install=False, test_result_base=None, continue_on_error=False, executor='parallel', parallel_workers=20, event_handlers=None, ignore_user_meta=False, metas=['./colcon.meta'], base_paths=['.'], packages_ignore=None, packages_ignore_regex=None, paths=None, packages_up_to=None, packages_up_to_regex=None, packages_above=None, packages_above_and_dependencies=None, packages_above_depth=None, packages_select_by_dep=None, packages_skip_by_dep=None, packages_skip_up_to=None, packages_select_build_failed=False, packages_skip_build_finished=False, packages_select_test_failures=False, packages_skip_test_passed=False, packages_select=['ur3e_gazebo_sim', 'ur3e_safety_layer', 'ur3e_rl_env'], packages_skip=None, packages_select_regex=None, packages_skip_regex=None, packages_start=None, packages_end=None, allow_overriding=[], cmake_args=None, cmake_target=None, cmake_target_skip_unavailable=False, cmake_clean_cache=False, cmake_clean_first=False, cmake_force_configure=False, ament_cmake_args=None, catkin_cmake_args=None, catkin_skip_building_tests=False, mixin_files=None, mixin=None, verb_parser=<colcon_mixin.mixin.mixin_argument.MixinArgumentDecorator object at 0x763fd4217010>, verb_extension=<colcon_core.verb.build.BuildVerb object at 0x763fd4216440>, main=<bound method BuildVerb.main of <colcon_core.verb.build.BuildVerb object at 0x763fd4216440>>, mixin_verb=('build',))
[0.187s] Level 1:colcon.colcon_core.package_discovery:discover_packages(colcon_meta) check parameters
[0.187s] Level 1:colcon.colcon_core.package_discovery:discover_packages(recursive) check parameters
[0.187s] Level 1:colcon.colcon_core.package_discovery:discover_packages(ignore) check parameters
[0.187s] Level 1:colcon.colcon_core.package_discovery:discover_packages(path) check parameters
[0.187s] Level 1:colcon.colcon_core.package_discovery:discover_packages(colcon_meta) discover
[0.187s] Level 1:colcon.colcon_core.package_discovery:discover_packages(recursive) discover
[0.187s] INFO:colcon.colcon_core.package_discovery:Crawling recursively for packages in '/home/nic/git/HoloAssist-AI/ur3e_rl_ws'
[0.187s] Level 1:colcon.colcon_core.package_identification:_identify(.) by extensions ['ignore', 'ignore_ament_install']
[0.187s] Level 1:colcon.colcon_core.package_identification:_identify(.) by extension 'ignore'
[0.187s] Level 1:colcon.colcon_core.package_identification:_identify(.) by extension 'ignore_ament_install'
[0.187s] Level 1:colcon.colcon_core.package_identification:_identify(.) by extensions ['colcon_pkg']
[0.187s] Level 1:colcon.colcon_core.package_identification:_identify(.) by extension 'colcon_pkg'
[0.187s] Level 1:colcon.colcon_core.package_identification:_identify(.) by extensions ['colcon_meta']
[0.187s] Level 1:colcon.colcon_core.package_identification:_identify(.) by extension 'colcon_meta'
[0.187s] Level 1:colcon.colcon_core.package_identification:_identify(.) by extensions ['ros']
[0.187s] Level 1:colcon.colcon_core.package_identification:_identify(.) by extension 'ros'
[0.195s] Level 1:colcon.colcon_core.package_identification:_identify(.) by extensions ['cmake', 'python']
[0.195s] Level 1:colcon.colcon_core.package_identification:_identify(.) by extension 'cmake'
[0.195s] Level 1:colcon.colcon_core.package_identification:_identify(.) by extension 'python'
[0.195s] Level 1:colcon.colcon_core.package_identification:_identify(.) by extensions ['python_setup_py']
[0.195s] Level 1:colcon.colcon_core.package_identification:_identify(.) by extension 'python_setup_py'
[0.195s] Level 1:colcon.colcon_core.package_identification:_identify(build) by extensions ['ignore', 'ignore_ament_install']
[0.195s] Level 1:colcon.colcon_core.package_identification:_identify(build) by extension 'ignore'
[0.195s] Level 1:colcon.colcon_core.package_identification:_identify(build) ignored
[0.195s] Level 1:colcon.colcon_core.package_identification:_identify(install) by extensions ['ignore', 'ignore_ament_install']
[0.195s] Level 1:colcon.colcon_core.package_identification:_identify(install) by extension 'ignore'
[0.195s] Level 1:colcon.colcon_core.package_identification:_identify(install) ignored
[0.195s] Level 1:colcon.colcon_core.package_identification:_identify(log) by extensions ['ignore', 'ignore_ament_install']
[0.195s] Level 1:colcon.colcon_core.package_identification:_identify(log) by extension 'ignore'
[0.196s] Level 1:colcon.colcon_core.package_identification:_identify(log) ignored
[0.196s] Level 1:colcon.colcon_core.package_identification:_identify(rl_models) by extensions ['ignore', 'ignore_ament_install']
[0.196s] Level 1:colcon.colcon_core.package_identification:_identify(rl_models) by extension 'ignore'
[0.196s] Level 1:colcon.colcon_core.package_identification:_identify(rl_models) by extension 'ignore_ament_install'
[0.196s] Level 1:colcon.colcon_core.package_identification:_identify(rl_models) by extensions ['colcon_pkg']
[0.196s] Level 1:colcon.colcon_core.package_identification:_identify(rl_models) by extension 'colcon_pkg'
[0.196s] Level 1:colcon.colcon_core.package_identification:_identify(rl_models) by extensions ['colcon_meta']
[0.196s] Level 1:colcon.colcon_core.package_identification:_identify(rl_models) by extension 'colcon_meta'
[0.196s] Level 1:colcon.colcon_core.package_identification:_identify(rl_models) by extensions ['ros']
[0.196s] Level 1:colcon.colcon_core.package_identification:_identify(rl_models) by extension 'ros'
[0.196s] Level 1:colcon.colcon_core.package_identification:_identify(rl_models) by extensions ['cmake', 'python']
[0.196s] Level 1:colcon.colcon_core.package_identification:_identify(rl_models) by extension 'cmake'
[0.196s] Level 1:colcon.colcon_core.package_identification:_identify(rl_models) by extension 'python'
[0.196s] Level 1:colcon.colcon_core.package_identification:_identify(rl_models) by extensions ['python_setup_py']
[0.196s] Level 1:colcon.colcon_core.package_identification:_identify(rl_models) by extension 'python_setup_py'
[0.196s] Level 1:colcon.colcon_core.package_identification:_identify(rl_models/checkpoints) by extensions ['ignore', 'ignore_ament_install']
[0.197s] Level 1:colcon.colcon_core.package_identification:_identify(rl_models/checkpoints) by extension 'ignore'
[0.197s] Level 1:colcon.colcon_core.package_identification:_identify(rl_models/checkpoints) by extension 'ignore_ament_install'
[0.197s] Level 1:colcon.colcon_core.package_identification:_identify(rl_models/checkpoints) by extensions ['colcon_pkg']
[0.197s] Level 1:colcon.colcon_core.package_identification:_identify(rl_models/checkpoints) by extension 'colcon_pkg'
[0.197s] Level 1:colcon.colcon_core.package_identification:_identify(rl_models/checkpoints) by extensions ['colcon_meta']
[0.197s] Level 1:colcon.colcon_core.package_identification:_identify(rl_models/checkpoints) by extension 'colcon_meta'
[0.197s] Level 1:colcon.colcon_core.package_identification:_identify(rl_models/checkpoints) by extensions ['ros']
[0.197s] Level 1:colcon.colcon_core.package_identification:_identify(rl_models/checkpoints) by extension 'ros'
[0.197s] Level 1:colcon.colcon_core.package_identification:_identify(rl_models/checkpoints) by extensions ['cmake', 'python']
[0.197s] Level 1:colcon.colcon_core.package_identification:_identify(rl_models/checkpoints) by extension 'cmake'
[0.197s] Level 1:colcon.colcon_core.package_identification:_identify(rl_models/checkpoints) by extension 'python'
[0.197s] Level 1:colcon.colcon_core.package_identification:_identify(rl_models/checkpoints) by extensions ['python_setup_py']
[0.197s] Level 1:colcon.colcon_core.package_identification:_identify(rl_models/checkpoints) by extension 'python_setup_py'
[0.197s] Level 1:colcon.colcon_core.package_identification:_identify(rl_models/gazebo_parallel_logs) by extensions ['ignore', 'ignore_ament_install']
[0.197s] Level 1:colcon.colcon_core.package_identification:_identify(rl_models/gazebo_parallel_logs) by extension 'ignore'
[0.197s] Level 1:colcon.colcon_core.package_identification:_identify(rl_models/gazebo_parallel_logs) by extension 'ignore_ament_install'
[0.197s] Level 1:colcon.colcon_core.package_identification:_identify(rl_models/gazebo_parallel_logs) by extensions ['colcon_pkg']
[0.197s] Level 1:colcon.colcon_core.package_identification:_identify(rl_models/gazebo_parallel_logs) by extension 'colcon_pkg'
[0.197s] Level 1:colcon.colcon_core.package_identification:_identify(rl_models/gazebo_parallel_logs) by extensions ['colcon_meta']
[0.197s] Level 1:colcon.colcon_core.package_identification:_identify(rl_models/gazebo_parallel_logs) by extension 'colcon_meta'
[0.197s] Level 1:colcon.colcon_core.package_identification:_identify(rl_models/gazebo_parallel_logs) by extensions ['ros']
[0.197s] Level 1:colcon.colcon_core.package_identification:_identify(rl_models/gazebo_parallel_logs) by extension 'ros'
[0.197s] Level 1:colcon.colcon_core.package_identification:_identify(rl_models/gazebo_parallel_logs) by extensions ['cmake', 'python']
[0.197s] Level 1:colcon.colcon_core.package_identification:_identify(rl_models/gazebo_parallel_logs) by extension 'cmake'
[0.197s] Level 1:colcon.colcon_core.package_identification:_identify(rl_models/gazebo_parallel_logs) by extension 'python'
[0.197s] Level 1:colcon.colcon_core.package_identification:_identify(rl_models/gazebo_parallel_logs) by extensions ['python_setup_py']
[0.197s] Level 1:colcon.colcon_core.package_identification:_identify(rl_models/gazebo_parallel_logs) by extension 'python_setup_py'
[0.198s] Level 1:colcon.colcon_core.package_identification:_identify(src) by extensions ['ignore', 'ignore_ament_install']
[0.198s] Level 1:colcon.colcon_core.package_identification:_identify(src) by extension 'ignore'
[0.198s] Level 1:colcon.colcon_core.package_identification:_identify(src) by extension 'ignore_ament_install'
[0.198s] Level 1:colcon.colcon_core.package_identification:_identify(src) by extensions ['colcon_pkg']
[0.198s] Level 1:colcon.colcon_core.package_identification:_identify(src) by extension 'colcon_pkg'
[0.198s] Level 1:colcon.colcon_core.package_identification:_identify(src) by extensions ['colcon_meta']
[0.198s] Level 1:colcon.colcon_core.package_identification:_identify(src) by extension 'colcon_meta'
[0.198s] Level 1:colcon.colcon_core.package_identification:_identify(src) by extensions ['ros']
[0.198s] Level 1:colcon.colcon_core.package_identification:_identify(src) by extension 'ros'
[0.198s] Level 1:colcon.colcon_core.package_identification:_identify(src) by extensions ['cmake', 'python']
[0.198s] Level 1:colcon.colcon_core.package_identification:_identify(src) by extension 'cmake'
[0.198s] Level 1:colcon.colcon_core.package_identification:_identify(src) by extension 'python'
[0.198s] Level 1:colcon.colcon_core.package_identification:_identify(src) by extensions ['python_setup_py']
[0.198s] Level 1:colcon.colcon_core.package_identification:_identify(src) by extension 'python_setup_py'
[0.198s] Level 1:colcon.colcon_core.package_identification:_identify(src/ur3e_gazebo_sim) by extensions ['ignore', 'ignore_ament_install']
[0.198s] Level 1:colcon.colcon_core.package_identification:_identify(src/ur3e_gazebo_sim) by extension 'ignore'
[0.198s] Level 1:colcon.colcon_core.package_identification:_identify(src/ur3e_gazebo_sim) by extension 'ignore_ament_install'
[0.198s] Level 1:colcon.colcon_core.package_identification:_identify(src/ur3e_gazebo_sim) by extensions ['colcon_pkg']
[0.198s] Level 1:colcon.colcon_core.package_identification:_identify(src/ur3e_gazebo_sim) by extension 'colcon_pkg'
[0.198s] Level 1:colcon.colcon_core.package_identification:_identify(src/ur3e_gazebo_sim) by extensions ['colcon_meta']
[0.198s] Level 1:colcon.colcon_core.package_identification:_identify(src/ur3e_gazebo_sim) by extension 'colcon_meta'
[0.198s] Level 1:colcon.colcon_core.package_identification:_identify(src/ur3e_gazebo_sim) by extensions ['ros']
[0.198s] Level 1:colcon.colcon_core.package_identification:_identify(src/ur3e_gazebo_sim) by extension 'ros'
[0.201s] DEBUG:colcon.colcon_core.package_identification:Package 'src/ur3e_gazebo_sim' with type 'ros.ament_cmake' and name 'ur3e_gazebo_sim'
[0.201s] Level 1:colcon.colcon_core.package_identification:_identify(src/ur3e_policy_controller) by extensions ['ignore', 'ignore_ament_install']
[0.201s] Level 1:colcon.colcon_core.package_identification:_identify(src/ur3e_policy_controller) by extension 'ignore'
[0.201s] Level 1:colcon.colcon_core.package_identification:_identify(src/ur3e_policy_controller) by extension 'ignore_ament_install'
[0.201s] Level 1:colcon.colcon_core.package_identification:_identify(src/ur3e_policy_controller) by extensions ['colcon_pkg']
[0.201s] Level 1:colcon.colcon_core.package_identification:_identify(src/ur3e_policy_controller) by extension 'colcon_pkg'
[0.201s] Level 1:colcon.colcon_core.package_identification:_identify(src/ur3e_policy_controller) by extensions ['colcon_meta']
[0.201s] Level 1:colcon.colcon_core.package_identification:_identify(src/ur3e_policy_controller) by extension 'colcon_meta'
[0.201s] Level 1:colcon.colcon_core.package_identification:_identify(src/ur3e_policy_controller) by extensions ['ros']
[0.201s] Level 1:colcon.colcon_core.package_identification:_identify(src/ur3e_policy_controller) by extension 'ros'
[0.201s] DEBUG:colcon.colcon_core.package_identification:Package 'src/ur3e_policy_controller' with type 'ros.ament_python' and name 'ur3e_policy_controller'
[0.202s] Level 1:colcon.colcon_core.package_identification:_identify(src/ur3e_rl_env) by extensions ['ignore', 'ignore_ament_install']
[0.202s] Level 1:colcon.colcon_core.package_identification:_identify(src/ur3e_rl_env) by extension 'ignore'
[0.202s] Level 1:colcon.colcon_core.package_identification:_identify(src/ur3e_rl_env) by extension 'ignore_ament_install'
[0.202s] Level 1:colcon.colcon_core.package_identification:_identify(src/ur3e_rl_env) by extensions ['colcon_pkg']
[0.202s] Level 1:colcon.colcon_core.package_identification:_identify(src/ur3e_rl_env) by extension 'colcon_pkg'
[0.202s] Level 1:colcon.colcon_core.package_identification:_identify(src/ur3e_rl_env) by extensions ['colcon_meta']
[0.202s] Level 1:colcon.colcon_core.package_identification:_identify(src/ur3e_rl_env) by extension 'colcon_meta'
[0.202s] Level 1:colcon.colcon_core.package_identification:_identify(src/ur3e_rl_env) by extensions ['ros']
[0.202s] Level 1:colcon.colcon_core.package_identification:_identify(src/ur3e_rl_env) by extension 'ros'
[0.202s] DEBUG:colcon.colcon_core.package_identification:Package 'src/ur3e_rl_env' with type 'ros.ament_python' and name 'ur3e_rl_env'
[0.202s] Level 1:colcon.colcon_core.package_identification:_identify(src/ur3e_safety_layer) by extensions ['ignore', 'ignore_ament_install']
[0.202s] Level 1:colcon.colcon_core.package_identification:_identify(src/ur3e_safety_layer) by extension 'ignore'
[0.202s] Level 1:colcon.colcon_core.package_identification:_identify(src/ur3e_safety_layer) by extension 'ignore_ament_install'
[0.202s] Level 1:colcon.colcon_core.package_identification:_identify(src/ur3e_safety_layer) by extensions ['colcon_pkg']
[0.202s] Level 1:colcon.colcon_core.package_identification:_identify(src/ur3e_safety_layer) by extension 'colcon_pkg'
[0.202s] Level 1:colcon.colcon_core.package_identification:_identify(src/ur3e_safety_layer) by extensions ['colcon_meta']
[0.202s] Level 1:colcon.colcon_core.package_identification:_identify(src/ur3e_safety_layer) by extension 'colcon_meta'
[0.202s] Level 1:colcon.colcon_core.package_identification:_identify(src/ur3e_safety_layer) by extensions ['ros']
[0.202s] Level 1:colcon.colcon_core.package_identification:_identify(src/ur3e_safety_layer) by extension 'ros'
[0.210s] DEBUG:colcon.colcon_core.package_identification:Package 'src/ur3e_safety_layer' with type 'ros.ament_python' and name 'ur3e_safety_layer'
[0.210s] Level 1:colcon.colcon_core.package_identification:_identify(tb_logs) by extensions ['ignore', 'ignore_ament_install']
[0.210s] Level 1:colcon.colcon_core.package_identification:_identify(tb_logs) by extension 'ignore'
[0.210s] Level 1:colcon.colcon_core.package_identification:_identify(tb_logs) by extension 'ignore_ament_install'
[0.210s] Level 1:colcon.colcon_core.package_identification:_identify(tb_logs) by extensions ['colcon_pkg']
[0.210s] Level 1:colcon.colcon_core.package_identification:_identify(tb_logs) by extension 'colcon_pkg'
[0.210s] Level 1:colcon.colcon_core.package_identification:_identify(tb_logs) by extensions ['colcon_meta']
[0.210s] Level 1:colcon.colcon_core.package_identification:_identify(tb_logs) by extension 'colcon_meta'
[0.210s] Level 1:colcon.colcon_core.package_identification:_identify(tb_logs) by extensions ['ros']
[0.210s] Level 1:colcon.colcon_core.package_identification:_identify(tb_logs) by extension 'ros'
[0.210s] Level 1:colcon.colcon_core.package_identification:_identify(tb_logs) by extensions ['cmake', 'python']
[0.210s] Level 1:colcon.colcon_core.package_identification:_identify(tb_logs) by extension 'cmake'
[0.210s] Level 1:colcon.colcon_core.package_identification:_identify(tb_logs) by extension 'python'
[0.210s] Level 1:colcon.colcon_core.package_identification:_identify(tb_logs) by extensions ['python_setup_py']
[0.210s] Level 1:colcon.colcon_core.package_identification:_identify(tb_logs) by extension 'python_setup_py'
[0.210s] Level 1:colcon.colcon_core.package_identification:_identify(tb_logs/PPO_1) by extensions ['ignore', 'ignore_ament_install']
[0.210s] Level 1:colcon.colcon_core.package_identification:_identify(tb_logs/PPO_1) by extension 'ignore'
[0.210s] Level 1:colcon.colcon_core.package_identification:_identify(tb_logs/PPO_1) by extension 'ignore_ament_install'
[0.210s] Level 1:colcon.colcon_core.package_identification:_identify(tb_logs/PPO_1) by extensions ['colcon_pkg']
[0.210s] Level 1:colcon.colcon_core.package_identification:_identify(tb_logs/PPO_1) by extension 'colcon_pkg'
[0.210s] Level 1:colcon.colcon_core.package_identification:_identify(tb_logs/PPO_1) by extensions ['colcon_meta']
[0.210s] Level 1:colcon.colcon_core.package_identification:_identify(tb_logs/PPO_1) by extension 'colcon_meta'
[0.210s] Level 1:colcon.colcon_core.package_identification:_identify(tb_logs/PPO_1) by extensions ['ros']
[0.210s] Level 1:colcon.colcon_core.package_identification:_identify(tb_logs/PPO_1) by extension 'ros'
[0.210s] Level 1:colcon.colcon_core.package_identification:_identify(tb_logs/PPO_1) by extensions ['cmake', 'python']
[0.210s] Level 1:colcon.colcon_core.package_identification:_identify(tb_logs/PPO_1) by extension 'cmake'
[0.210s] Level 1:colcon.colcon_core.package_identification:_identify(tb_logs/PPO_1) by extension 'python'
[0.210s] Level 1:colcon.colcon_core.package_identification:_identify(tb_logs/PPO_1) by extensions ['python_setup_py']
[0.210s] Level 1:colcon.colcon_core.package_identification:_identify(tb_logs/PPO_1) by extension 'python_setup_py'
[0.210s] Level 1:colcon.colcon_core.package_identification:_identify(tb_logs/PPO_2) by extensions ['ignore', 'ignore_ament_install']
[0.210s] Level 1:colcon.colcon_core.package_identification:_identify(tb_logs/PPO_2) by extension 'ignore'
[0.210s] Level 1:colcon.colcon_core.package_identification:_identify(tb_logs/PPO_2) by extension 'ignore_ament_install'
[0.210s] Level 1:colcon.colcon_core.package_identification:_identify(tb_logs/PPO_2) by extensions ['colcon_pkg']
[0.210s] Level 1:colcon.colcon_core.package_identification:_identify(tb_logs/PPO_2) by extension 'colcon_pkg'
[0.210s] Level 1:colcon.colcon_core.package_identification:_identify(tb_logs/PPO_2) by extensions ['colcon_meta']
[0.210s] Level 1:colcon.colcon_core.package_identification:_identify(tb_logs/PPO_2) by extension 'colcon_meta'
[0.211s] Level 1:colcon.colcon_core.package_identification:_identify(tb_logs/PPO_2) by extensions ['ros']
[0.211s] Level 1:colcon.colcon_core.package_identification:_identify(tb_logs/PPO_2) by extension 'ros'
[0.211s] Level 1:colcon.colcon_core.package_identification:_identify(tb_logs/PPO_2) by extensions ['cmake', 'python']
[0.211s] Level 1:colcon.colcon_core.package_identification:_identify(tb_logs/PPO_2) by extension 'cmake'
[0.211s] Level 1:colcon.colcon_core.package_identification:_identify(tb_logs/PPO_2) by extension 'python'
[0.211s] Level 1:colcon.colcon_core.package_identification:_identify(tb_logs/PPO_2) by extensions ['python_setup_py']
[0.211s] Level 1:colcon.colcon_core.package_identification:_identify(tb_logs/PPO_2) by extension 'python_setup_py'
[0.211s] Level 1:colcon.colcon_core.package_identification:_identify(tb_logs/PPO_3) by extensions ['ignore', 'ignore_ament_install']
[0.211s] Level 1:colcon.colcon_core.package_identification:_identify(tb_logs/PPO_3) by extension 'ignore'
[0.211s] Level 1:colcon.colcon_core.package_identification:_identify(tb_logs/PPO_3) by extension 'ignore_ament_install'
[0.211s] Level 1:colcon.colcon_core.package_identification:_identify(tb_logs/PPO_3) by extensions ['colcon_pkg']
[0.211s] Level 1:colcon.colcon_core.package_identification:_identify(tb_logs/PPO_3) by extension 'colcon_pkg'
[0.211s] Level 1:colcon.colcon_core.package_identification:_identify(tb_logs/PPO_3) by extensions ['colcon_meta']
[0.211s] Level 1:colcon.colcon_core.package_identification:_identify(tb_logs/PPO_3) by extension 'colcon_meta'
[0.211s] Level 1:colcon.colcon_core.package_identification:_identify(tb_logs/PPO_3) by extensions ['ros']
[0.211s] Level 1:colcon.colcon_core.package_identification:_identify(tb_logs/PPO_3) by extension 'ros'
[0.211s] Level 1:colcon.colcon_core.package_identification:_identify(tb_logs/PPO_3) by extensions ['cmake', 'python']
[0.211s] Level 1:colcon.colcon_core.package_identification:_identify(tb_logs/PPO_3) by extension 'cmake'
[0.211s] Level 1:colcon.colcon_core.package_identification:_identify(tb_logs/PPO_3) by extension 'python'
[0.211s] Level 1:colcon.colcon_core.package_identification:_identify(tb_logs/PPO_3) by extensions ['python_setup_py']
[0.211s] Level 1:colcon.colcon_core.package_identification:_identify(tb_logs/PPO_3) by extension 'python_setup_py'
[0.211s] Level 1:colcon.colcon_core.package_discovery:discover_packages(recursive) using defaults
[0.211s] Level 1:colcon.colcon_core.package_discovery:discover_packages(ignore) discover
[0.211s] Level 1:colcon.colcon_core.package_discovery:discover_packages(ignore) using defaults
[0.211s] Level 1:colcon.colcon_core.package_discovery:discover_packages(path) discover
[0.211s] Level 1:colcon.colcon_core.package_discovery:discover_packages(path) using defaults
[0.228s] INFO:colcon.colcon_core.package_selection:Skipping not selected package 'ur3e_policy_controller' in 'src/ur3e_policy_controller'
[0.229s] Level 1:colcon.colcon_core.package_discovery:discover_packages(prefix_path) check parameters
[0.229s] Level 1:colcon.colcon_core.package_discovery:discover_packages(prefix_path) discover
[0.230s] DEBUG:colcon.colcon_installed_package_information.package_discovery:Found 507 installed packages in /opt/ros/humble
[0.234s] Level 1:colcon.colcon_core.package_discovery:discover_packages(prefix_path) using defaults
[0.273s] Level 5:colcon.colcon_core.verb:set package 'ur3e_gazebo_sim' build argument 'cmake_args' from command line to 'None'
[0.273s] Level 5:colcon.colcon_core.verb:set package 'ur3e_gazebo_sim' build argument 'cmake_target' from command line to 'None'
[0.273s] Level 5:colcon.colcon_core.verb:set package 'ur3e_gazebo_sim' build argument 'cmake_target_skip_unavailable' from command line to 'False'
[0.273s] Level 5:colcon.colcon_core.verb:set package 'ur3e_gazebo_sim' build argument 'cmake_clean_cache' from command line to 'False'
[0.273s] Level 5:colcon.colcon_core.verb:set package 'ur3e_gazebo_sim' build argument 'cmake_clean_first' from command line to 'False'
[0.273s] Level 5:colcon.colcon_core.verb:set package 'ur3e_gazebo_sim' build argument 'cmake_force_configure' from command line to 'False'
[0.273s] Level 5:colcon.colcon_core.verb:set package 'ur3e_gazebo_sim' build argument 'ament_cmake_args' from command line to 'None'
[0.273s] Level 5:colcon.colcon_core.verb:set package 'ur3e_gazebo_sim' build argument 'catkin_cmake_args' from command line to 'None'
[0.273s] Level 5:colcon.colcon_core.verb:set package 'ur3e_gazebo_sim' build argument 'catkin_skip_building_tests' from command line to 'False'
[0.273s] DEBUG:colcon.colcon_core.verb:Building package 'ur3e_gazebo_sim' with the following arguments: {'ament_cmake_args': None, 'build_base': '/home/nic/git/HoloAssist-AI/ur3e_rl_ws/build/ur3e_gazebo_sim', 'catkin_cmake_args': None, 'catkin_skip_building_tests': False, 'cmake_args': None, 'cmake_clean_cache': False, 'cmake_clean_first': False, 'cmake_force_configure': False, 'cmake_target': None, 'cmake_target_skip_unavailable': False, 'install_base': '/home/nic/git/HoloAssist-AI/ur3e_rl_ws/install/ur3e_gazebo_sim', 'merge_install': False, 'path': '/home/nic/git/HoloAssist-AI/ur3e_rl_ws/src/ur3e_gazebo_sim', 'symlink_install': False, 'test_result_base': None}
[0.273s] Level 5:colcon.colcon_core.verb:set package 'ur3e_safety_layer' build argument 'cmake_args' from command line to 'None'
[0.273s] Level 5:colcon.colcon_core.verb:set package 'ur3e_safety_layer' build argument 'cmake_target' from command line to 'None'
[0.273s] Level 5:colcon.colcon_core.verb:set package 'ur3e_safety_layer' build argument 'cmake_target_skip_unavailable' from command line to 'False'
[0.273s] Level 5:colcon.colcon_core.verb:set package 'ur3e_safety_layer' build argument 'cmake_clean_cache' from command line to 'False'
[0.273s] Level 5:colcon.colcon_core.verb:set package 'ur3e_safety_layer' build argument 'cmake_clean_first' from command line to 'False'
[0.273s] Level 5:colcon.colcon_core.verb:set package 'ur3e_safety_layer' build argument 'cmake_force_configure' from command line to 'False'
[0.273s] Level 5:colcon.colcon_core.verb:set package 'ur3e_safety_layer' build argument 'ament_cmake_args' from command line to 'None'
[0.273s] Level 5:colcon.colcon_core.verb:set package 'ur3e_safety_layer' build argument 'catkin_cmake_args' from command line to 'None'
[0.273s] Level 5:colcon.colcon_core.verb:set package 'ur3e_safety_layer' build argument 'catkin_skip_building_tests' from command line to 'False'
[0.273s] DEBUG:colcon.colcon_core.verb:Building package 'ur3e_safety_layer' with the following arguments: {'ament_cmake_args': None, 'build_base': '/home/nic/git/HoloAssist-AI/ur3e_rl_ws/build/ur3e_safety_layer', 'catkin_cmake_args': None, 'catkin_skip_building_tests': False, 'cmake_args': None, 'cmake_clean_cache': False, 'cmake_clean_first': False, 'cmake_force_configure': False, 'cmake_target': None, 'cmake_target_skip_unavailable': False, 'install_base': '/home/nic/git/HoloAssist-AI/ur3e_rl_ws/install/ur3e_safety_layer', 'merge_install': False, 'path': '/home/nic/git/HoloAssist-AI/ur3e_rl_ws/src/ur3e_safety_layer', 'symlink_install': False, 'test_result_base': None}
[0.273s] Level 5:colcon.colcon_core.verb:set package 'ur3e_rl_env' build argument 'cmake_args' from command line to 'None'
[0.273s] Level 5:colcon.colcon_core.verb:set package 'ur3e_rl_env' build argument 'cmake_target' from command line to 'None'
[0.273s] Level 5:colcon.colcon_core.verb:set package 'ur3e_rl_env' build argument 'cmake_target_skip_unavailable' from command line to 'False'
[0.273s] Level 5:colcon.colcon_core.verb:set package 'ur3e_rl_env' build argument 'cmake_clean_cache' from command line to 'False'
[0.273s] Level 5:colcon.colcon_core.verb:set package 'ur3e_rl_env' build argument 'cmake_clean_first' from command line to 'False'
[0.273s] Level 5:colcon.colcon_core.verb:set package 'ur3e_rl_env' build argument 'cmake_force_configure' from command line to 'False'
[0.273s] Level 5:colcon.colcon_core.verb:set package 'ur3e_rl_env' build argument 'ament_cmake_args' from command line to 'None'
[0.273s] Level 5:colcon.colcon_core.verb:set package 'ur3e_rl_env' build argument 'catkin_cmake_args' from command line to 'None'
[0.273s] Level 5:colcon.colcon_core.verb:set package 'ur3e_rl_env' build argument 'catkin_skip_building_tests' from command line to 'False'
[0.274s] DEBUG:colcon.colcon_core.verb:Building package 'ur3e_rl_env' with the following arguments: {'ament_cmake_args': None, 'build_base': '/home/nic/git/HoloAssist-AI/ur3e_rl_ws/build/ur3e_rl_env', 'catkin_cmake_args': None, 'catkin_skip_building_tests': False, 'cmake_args': None, 'cmake_clean_cache': False, 'cmake_clean_first': False, 'cmake_force_configure': False, 'cmake_target': None, 'cmake_target_skip_unavailable': False, 'install_base': '/home/nic/git/HoloAssist-AI/ur3e_rl_ws/install/ur3e_rl_env', 'merge_install': False, 'path': '/home/nic/git/HoloAssist-AI/ur3e_rl_ws/src/ur3e_rl_env', 'symlink_install': False, 'test_result_base': None}
[0.274s] INFO:colcon.colcon_core.executor:Executing jobs using 'parallel' executor
[0.274s] DEBUG:colcon.colcon_parallel_executor.executor.parallel:run_until_complete
[0.275s] INFO:colcon.colcon_ros.task.ament_python.build:Building ROS package in '/home/nic/git/HoloAssist-AI/ur3e_rl_ws/src/ur3e_safety_layer' with build type 'ament_python'
[0.275s] Level 1:colcon.colcon_core.shell:create_environment_hook('ur3e_safety_layer', 'ament_prefix_path')
[0.276s] INFO:colcon.colcon_core.plugin_system:Skipping extension 'colcon_core.shell.bat': Not used on non-Windows systems
[0.276s] INFO:colcon.colcon_core.shell:Creating environment hook '/home/nic/git/HoloAssist-AI/ur3e_rl_ws/install/ur3e_safety_layer/share/ur3e_safety_layer/hook/ament_prefix_path.ps1'
[0.277s] INFO:colcon.colcon_core.shell:Creating environment descriptor '/home/nic/git/HoloAssist-AI/ur3e_rl_ws/install/ur3e_safety_layer/share/ur3e_safety_layer/hook/ament_prefix_path.dsv'
[0.277s] INFO:colcon.colcon_core.shell:Creating environment hook '/home/nic/git/HoloAssist-AI/ur3e_rl_ws/install/ur3e_safety_layer/share/ur3e_safety_layer/hook/ament_prefix_path.sh'
[0.278s] INFO:colcon.colcon_core.shell:Skip shell extension 'powershell' for command environment: Not usable outside of PowerShell
[0.278s] DEBUG:colcon.colcon_core.shell:Skip shell extension 'dsv' for command environment
[0.280s] INFO:colcon.colcon_ros.task.ament_cmake.build:Building ROS package in '/home/nic/git/HoloAssist-AI/ur3e_rl_ws/src/ur3e_gazebo_sim' with build type 'ament_cmake'
[0.280s] INFO:colcon.colcon_cmake.task.cmake.build:Building CMake package in '/home/nic/git/HoloAssist-AI/ur3e_rl_ws/src/ur3e_gazebo_sim'
[0.280s] INFO:colcon.colcon_core.shell:Skip shell extension 'powershell' for command environment: Not usable outside of PowerShell
[0.280s] DEBUG:colcon.colcon_core.shell:Skip shell extension 'dsv' for command environment
[0.455s] INFO:colcon.colcon_core.task.python.build:Building Python package in '/home/nic/git/HoloAssist-AI/ur3e_rl_ws/src/ur3e_safety_layer'
[0.455s] INFO:colcon.colcon_core.shell:Skip shell extension 'powershell' for command environment: Not usable outside of PowerShell
[0.456s] DEBUG:colcon.colcon_core.shell:Skip shell extension 'dsv' for command environment
[0.460s] DEBUG:colcon.colcon_core.event_handler.log_command:Invoking command in '/home/nic/git/HoloAssist-AI/ur3e_rl_ws/build/ur3e_gazebo_sim': CMAKE_PREFIX_PATH=/opt/ros/humble /usr/bin/cmake /home/nic/git/HoloAssist-AI/ur3e_rl_ws/src/ur3e_gazebo_sim -DCMAKE_INSTALL_PREFIX=/home/nic/git/HoloAssist-AI/ur3e_rl_ws/install/ur3e_gazebo_sim
[0.705s] DEBUG:colcon.colcon_core.event_handler.log_command:Invoking command in '/home/nic/git/HoloAssist-AI/ur3e_rl_ws/src/ur3e_safety_layer': PYTHONPATH=/home/nic/git/HoloAssist-AI/ur3e_rl_ws/build/ur3e_safety_layer/prefix_override:/usr/lib/python3/dist-packages/colcon_core/task/python/colcon_distutils_commands:/home/nic/git/HoloAssist-AI/ur3e_rl_ws/install/ur3e_safety_layer/lib/python3.10/site-packages:${PYTHONPATH} /usr/bin/python3 -W ignore:setup.py install is deprecated -W ignore:easy_install command is deprecated setup.py egg_info --egg-base ../../build/ur3e_safety_layer build --build-base /home/nic/git/HoloAssist-AI/ur3e_rl_ws/build/ur3e_safety_layer/build install --record /home/nic/git/HoloAssist-AI/ur3e_rl_ws/build/ur3e_safety_layer/install.log --single-version-externally-managed install_data
[0.925s] DEBUG:colcon.colcon_core.event_handler.log_command:Invoked command in '/home/nic/git/HoloAssist-AI/ur3e_rl_ws/src/ur3e_safety_layer' returned '0': PYTHONPATH=/home/nic/git/HoloAssist-AI/ur3e_rl_ws/build/ur3e_safety_layer/prefix_override:/usr/lib/python3/dist-packages/colcon_core/task/python/colcon_distutils_commands:/home/nic/git/HoloAssist-AI/ur3e_rl_ws/install/ur3e_safety_layer/lib/python3.10/site-packages:${PYTHONPATH} /usr/bin/python3 -W ignore:setup.py install is deprecated -W ignore:easy_install command is deprecated setup.py egg_info --egg-base ../../build/ur3e_safety_layer build --build-base /home/nic/git/HoloAssist-AI/ur3e_rl_ws/build/ur3e_safety_layer/build install --record /home/nic/git/HoloAssist-AI/ur3e_rl_ws/build/ur3e_safety_layer/install.log --single-version-externally-managed install_data
[0.926s] Level 1:colcon.colcon_core.environment:checking '/home/nic/git/HoloAssist-AI/ur3e_rl_ws/install/ur3e_safety_layer' for CMake module files
[0.926s] Level 1:colcon.colcon_core.environment:checking '/home/nic/git/HoloAssist-AI/ur3e_rl_ws/install/ur3e_safety_layer' for CMake config files
[0.927s] Level 1:colcon.colcon_core.environment:checking '/home/nic/git/HoloAssist-AI/ur3e_rl_ws/install/ur3e_safety_layer/lib'
[0.927s] Level 1:colcon.colcon_core.environment:checking '/home/nic/git/HoloAssist-AI/ur3e_rl_ws/install/ur3e_safety_layer/bin'
[0.927s] Level 1:colcon.colcon_core.environment:checking '/home/nic/git/HoloAssist-AI/ur3e_rl_ws/install/ur3e_safety_layer/lib/pkgconfig/ur3e_safety_layer.pc'
[0.927s] Level 1:colcon.colcon_core.environment:checking '/home/nic/git/HoloAssist-AI/ur3e_rl_ws/install/ur3e_safety_layer/lib/python3.10/site-packages'
[0.927s] Level 1:colcon.colcon_core.shell:create_environment_hook('ur3e_safety_layer', 'pythonpath')
[0.927s] INFO:colcon.colcon_core.shell:Creating environment hook '/home/nic/git/HoloAssist-AI/ur3e_rl_ws/install/ur3e_safety_layer/share/ur3e_safety_layer/hook/pythonpath.ps1'
[0.927s] INFO:colcon.colcon_core.shell:Creating environment descriptor '/home/nic/git/HoloAssist-AI/ur3e_rl_ws/install/ur3e_safety_layer/share/ur3e_safety_layer/hook/pythonpath.dsv'
[0.928s] INFO:colcon.colcon_core.shell:Creating environment hook '/home/nic/git/HoloAssist-AI/ur3e_rl_ws/install/ur3e_safety_layer/share/ur3e_safety_layer/hook/pythonpath.sh'
[0.928s] Level 1:colcon.colcon_core.environment:checking '/home/nic/git/HoloAssist-AI/ur3e_rl_ws/install/ur3e_safety_layer/bin'
[0.928s] Level 1:colcon.colcon_core.environment:create_environment_scripts_only(ur3e_safety_layer)
[0.928s] INFO:colcon.colcon_core.shell:Creating package script '/home/nic/git/HoloAssist-AI/ur3e_rl_ws/install/ur3e_safety_layer/share/ur3e_safety_layer/package.ps1'
[0.929s] INFO:colcon.colcon_core.shell:Creating package descriptor '/home/nic/git/HoloAssist-AI/ur3e_rl_ws/install/ur3e_safety_layer/share/ur3e_safety_layer/package.dsv'
[0.929s] INFO:colcon.colcon_core.shell:Creating package script '/home/nic/git/HoloAssist-AI/ur3e_rl_ws/install/ur3e_safety_layer/share/ur3e_safety_layer/package.sh'
[0.930s] INFO:colcon.colcon_core.shell:Creating package script '/home/nic/git/HoloAssist-AI/ur3e_rl_ws/install/ur3e_safety_layer/share/ur3e_safety_layer/package.bash'
[0.930s] INFO:colcon.colcon_core.shell:Creating package script '/home/nic/git/HoloAssist-AI/ur3e_rl_ws/install/ur3e_safety_layer/share/ur3e_safety_layer/package.zsh'
[0.930s] Level 1:colcon.colcon_core.environment:create_file_with_runtime_dependencies(/home/nic/git/HoloAssist-AI/ur3e_rl_ws/install/ur3e_safety_layer/share/colcon-core/packages/ur3e_safety_layer)
[0.931s] INFO:colcon.colcon_ros.task.ament_python.build:Building ROS package in '/home/nic/git/HoloAssist-AI/ur3e_rl_ws/src/ur3e_rl_env' with build type 'ament_python'
[0.931s] Level 1:colcon.colcon_core.shell:create_environment_hook('ur3e_rl_env', 'ament_prefix_path')
[0.931s] INFO:colcon.colcon_core.shell:Creating environment hook '/home/nic/git/HoloAssist-AI/ur3e_rl_ws/install/ur3e_rl_env/share/ur3e_rl_env/hook/ament_prefix_path.ps1'
[0.932s] INFO:colcon.colcon_core.shell:Creating environment descriptor '/home/nic/git/HoloAssist-AI/ur3e_rl_ws/install/ur3e_rl_env/share/ur3e_rl_env/hook/ament_prefix_path.dsv'
[0.932s] INFO:colcon.colcon_core.shell:Creating environment hook '/home/nic/git/HoloAssist-AI/ur3e_rl_ws/install/ur3e_rl_env/share/ur3e_rl_env/hook/ament_prefix_path.sh'
[0.933s] INFO:colcon.colcon_core.shell:Skip shell extension 'powershell' for command environment: Not usable outside of PowerShell
[0.933s] DEBUG:colcon.colcon_core.shell:Skip shell extension 'dsv' for command environment
[0.936s] DEBUG:colcon.colcon_core.event_handler.log_command:Invoked command in '/home/nic/git/HoloAssist-AI/ur3e_rl_ws/build/ur3e_gazebo_sim' returned '0': CMAKE_PREFIX_PATH=/opt/ros/humble /usr/bin/cmake /home/nic/git/HoloAssist-AI/ur3e_rl_ws/src/ur3e_gazebo_sim -DCMAKE_INSTALL_PREFIX=/home/nic/git/HoloAssist-AI/ur3e_rl_ws/install/ur3e_gazebo_sim
[0.937s] DEBUG:colcon.colcon_core.event_handler.log_command:Invoking command in '/home/nic/git/HoloAssist-AI/ur3e_rl_ws/build/ur3e_gazebo_sim': CMAKE_PREFIX_PATH=/opt/ros/humble /usr/bin/cmake --build /home/nic/git/HoloAssist-AI/ur3e_rl_ws/build/ur3e_gazebo_sim -- -j20 -l20
[1.114s] INFO:colcon.colcon_core.task.python.build:Building Python package in '/home/nic/git/HoloAssist-AI/ur3e_rl_ws/src/ur3e_rl_env'
[1.114s] INFO:colcon.colcon_core.shell:Skip shell extension 'powershell' for command environment: Not usable outside of PowerShell
[1.114s] DEBUG:colcon.colcon_core.shell:Skip shell extension 'dsv' for command environment
[1.117s] DEBUG:colcon.colcon_core.event_handler.log_command:Invoked command in '/home/nic/git/HoloAssist-AI/ur3e_rl_ws/build/ur3e_gazebo_sim' returned '0': CMAKE_PREFIX_PATH=/opt/ros/humble /usr/bin/cmake --build /home/nic/git/HoloAssist-AI/ur3e_rl_ws/build/ur3e_gazebo_sim -- -j20 -l20
[1.124s] DEBUG:colcon.colcon_core.event_handler.log_command:Invoking command in '/home/nic/git/HoloAssist-AI/ur3e_rl_ws/build/ur3e_gazebo_sim': CMAKE_PREFIX_PATH=/opt/ros/humble /usr/bin/cmake --install /home/nic/git/HoloAssist-AI/ur3e_rl_ws/build/ur3e_gazebo_sim
[1.141s] Level 1:colcon.colcon_core.environment:create_environment_scripts_only(ur3e_gazebo_sim)
[1.141s] DEBUG:colcon.colcon_core.event_handler.log_command:Invoked command in '/home/nic/git/HoloAssist-AI/ur3e_rl_ws/build/ur3e_gazebo_sim' returned '0': CMAKE_PREFIX_PATH=/opt/ros/humble /usr/bin/cmake --install /home/nic/git/HoloAssist-AI/ur3e_rl_ws/build/ur3e_gazebo_sim
[1.142s] Level 1:colcon.colcon_core.environment:checking '/home/nic/git/HoloAssist-AI/ur3e_rl_ws/install/ur3e_gazebo_sim' for CMake module files
[1.142s] Level 1:colcon.colcon_core.environment:checking '/home/nic/git/HoloAssist-AI/ur3e_rl_ws/install/ur3e_gazebo_sim' for CMake config files
[1.143s] Level 1:colcon.colcon_core.shell:create_environment_hook('ur3e_gazebo_sim', 'cmake_prefix_path')
[1.143s] INFO:colcon.colcon_core.shell:Creating environment hook '/home/nic/git/HoloAssist-AI/ur3e_rl_ws/install/ur3e_gazebo_sim/share/ur3e_gazebo_sim/hook/cmake_prefix_path.ps1'
[1.143s] INFO:colcon.colcon_core.shell:Creating environment descriptor '/home/nic/git/HoloAssist-AI/ur3e_rl_ws/install/ur3e_gazebo_sim/share/ur3e_gazebo_sim/hook/cmake_prefix_path.dsv'
[1.144s] INFO:colcon.colcon_core.shell:Creating environment hook '/home/nic/git/HoloAssist-AI/ur3e_rl_ws/install/ur3e_gazebo_sim/share/ur3e_gazebo_sim/hook/cmake_prefix_path.sh'
[1.144s] Level 1:colcon.colcon_core.environment:checking '/home/nic/git/HoloAssist-AI/ur3e_rl_ws/install/ur3e_gazebo_sim/lib'
[1.144s] Level 1:colcon.colcon_core.environment:checking '/home/nic/git/HoloAssist-AI/ur3e_rl_ws/install/ur3e_gazebo_sim/bin'
[1.144s] Level 1:colcon.colcon_core.environment:checking '/home/nic/git/HoloAssist-AI/ur3e_rl_ws/install/ur3e_gazebo_sim/lib/pkgconfig/ur3e_gazebo_sim.pc'
[1.144s] Level 1:colcon.colcon_core.environment:checking '/home/nic/git/HoloAssist-AI/ur3e_rl_ws/install/ur3e_gazebo_sim/lib/python3.10/site-packages'
[1.145s] Level 1:colcon.colcon_core.environment:checking '/home/nic/git/HoloAssist-AI/ur3e_rl_ws/install/ur3e_gazebo_sim/bin'
[1.145s] INFO:colcon.colcon_core.shell:Creating package script '/home/nic/git/HoloAssist-AI/ur3e_rl_ws/install/ur3e_gazebo_sim/share/ur3e_gazebo_sim/package.ps1'
[1.145s] INFO:colcon.colcon_core.shell:Creating package descriptor '/home/nic/git/HoloAssist-AI/ur3e_rl_ws/install/ur3e_gazebo_sim/share/ur3e_gazebo_sim/package.dsv'
[1.146s] INFO:colcon.colcon_core.shell:Creating package script '/home/nic/git/HoloAssist-AI/ur3e_rl_ws/install/ur3e_gazebo_sim/share/ur3e_gazebo_sim/package.sh'
[1.146s] INFO:colcon.colcon_core.shell:Creating package script '/home/nic/git/HoloAssist-AI/ur3e_rl_ws/install/ur3e_gazebo_sim/share/ur3e_gazebo_sim/package.bash'
[1.147s] INFO:colcon.colcon_core.shell:Creating package script '/home/nic/git/HoloAssist-AI/ur3e_rl_ws/install/ur3e_gazebo_sim/share/ur3e_gazebo_sim/package.zsh'
[1.147s] Level 1:colcon.colcon_core.environment:create_file_with_runtime_dependencies(/home/nic/git/HoloAssist-AI/ur3e_rl_ws/install/ur3e_gazebo_sim/share/colcon-core/packages/ur3e_gazebo_sim)
[1.148s] Level 1:colcon.colcon_core.environment:create_environment_scripts_only(ur3e_gazebo_sim)
[1.148s] Level 1:colcon.colcon_core.environment:checking '/home/nic/git/HoloAssist-AI/ur3e_rl_ws/install/ur3e_gazebo_sim' for CMake module files
[1.148s] Level 1:colcon.colcon_core.environment:checking '/home/nic/git/HoloAssist-AI/ur3e_rl_ws/install/ur3e_gazebo_sim' for CMake config files
[1.148s] Level 1:colcon.colcon_core.shell:create_environment_hook('ur3e_gazebo_sim', 'cmake_prefix_path')
[1.148s] INFO:colcon.colcon_core.shell:Creating environment hook '/home/nic/git/HoloAssist-AI/ur3e_rl_ws/install/ur3e_gazebo_sim/share/ur3e_gazebo_sim/hook/cmake_prefix_path.ps1'
[1.149s] INFO:colcon.colcon_core.shell:Creating environment descriptor '/home/nic/git/HoloAssist-AI/ur3e_rl_ws/install/ur3e_gazebo_sim/share/ur3e_gazebo_sim/hook/cmake_prefix_path.dsv'
[1.149s] INFO:colcon.colcon_core.shell:Creating environment hook '/home/nic/git/HoloAssist-AI/ur3e_rl_ws/install/ur3e_gazebo_sim/share/ur3e_gazebo_sim/hook/cmake_prefix_path.sh'
[1.149s] Level 1:colcon.colcon_core.environment:checking '/home/nic/git/HoloAssist-AI/ur3e_rl_ws/install/ur3e_gazebo_sim/lib'
[1.149s] Level 1:colcon.colcon_core.environment:checking '/home/nic/git/HoloAssist-AI/ur3e_rl_ws/install/ur3e_gazebo_sim/bin'
[1.149s] Level 1:colcon.colcon_core.environment:checking '/home/nic/git/HoloAssist-AI/ur3e_rl_ws/install/ur3e_gazebo_sim/lib/pkgconfig/ur3e_gazebo_sim.pc'
[1.149s] Level 1:colcon.colcon_core.environment:checking '/home/nic/git/HoloAssist-AI/ur3e_rl_ws/install/ur3e_gazebo_sim/lib/python3.10/site-packages'
[1.150s] Level 1:colcon.colcon_core.environment:checking '/home/nic/git/HoloAssist-AI/ur3e_rl_ws/install/ur3e_gazebo_sim/bin'
[1.150s] INFO:colcon.colcon_core.shell:Creating package script '/home/nic/git/HoloAssist-AI/ur3e_rl_ws/install/ur3e_gazebo_sim/share/ur3e_gazebo_sim/package.ps1'
[1.150s] INFO:colcon.colcon_core.shell:Creating package descriptor '/home/nic/git/HoloAssist-AI/ur3e_rl_ws/install/ur3e_gazebo_sim/share/ur3e_gazebo_sim/package.dsv'
[1.150s] INFO:colcon.colcon_core.shell:Creating package script '/home/nic/git/HoloAssist-AI/ur3e_rl_ws/install/ur3e_gazebo_sim/share/ur3e_gazebo_sim/package.sh'
[1.151s] INFO:colcon.colcon_core.shell:Creating package script '/home/nic/git/HoloAssist-AI/ur3e_rl_ws/install/ur3e_gazebo_sim/share/ur3e_gazebo_sim/package.bash'
[1.151s] INFO:colcon.colcon_core.shell:Creating package script '/home/nic/git/HoloAssist-AI/ur3e_rl_ws/install/ur3e_gazebo_sim/share/ur3e_gazebo_sim/package.zsh'
[1.151s] Level 1:colcon.colcon_core.environment:create_file_with_runtime_dependencies(/home/nic/git/HoloAssist-AI/ur3e_rl_ws/install/ur3e_gazebo_sim/share/colcon-core/packages/ur3e_gazebo_sim)
[1.371s] DEBUG:colcon.colcon_core.event_handler.log_command:Invoking command in '/home/nic/git/HoloAssist-AI/ur3e_rl_ws/src/ur3e_rl_env': AMENT_PREFIX_PATH=/home/nic/git/HoloAssist-AI/ur3e_rl_ws/install/ur3e_safety_layer:${AMENT_PREFIX_PATH} PYTHONPATH=/home/nic/git/HoloAssist-AI/ur3e_rl_ws/build/ur3e_rl_env/prefix_override:/usr/lib/python3/dist-packages/colcon_core/task/python/colcon_distutils_commands:/home/nic/git/HoloAssist-AI/ur3e_rl_ws/install/ur3e_rl_env/lib/python3.10/site-packages:/home/nic/git/HoloAssist-AI/ur3e_rl_ws/install/ur3e_safety_layer/lib/python3.10/site-packages:${PYTHONPATH} /usr/bin/python3 -W ignore:setup.py install is deprecated -W ignore:easy_install command is deprecated setup.py egg_info --egg-base ../../build/ur3e_rl_env build --build-base /home/nic/git/HoloAssist-AI/ur3e_rl_ws/build/ur3e_rl_env/build install --record /home/nic/git/HoloAssist-AI/ur3e_rl_ws/build/ur3e_rl_env/install.log --single-version-externally-managed install_data
[1.583s] Level 1:colcon.colcon_core.environment:checking '/home/nic/git/HoloAssist-AI/ur3e_rl_ws/install/ur3e_rl_env' for CMake module files
[1.583s] DEBUG:colcon.colcon_core.event_handler.log_command:Invoked command in '/home/nic/git/HoloAssist-AI/ur3e_rl_ws/src/ur3e_rl_env' returned '0': AMENT_PREFIX_PATH=/home/nic/git/HoloAssist-AI/ur3e_rl_ws/install/ur3e_safety_layer:${AMENT_PREFIX_PATH} PYTHONPATH=/home/nic/git/HoloAssist-AI/ur3e_rl_ws/build/ur3e_rl_env/prefix_override:/usr/lib/python3/dist-packages/colcon_core/task/python/colcon_distutils_commands:/home/nic/git/HoloAssist-AI/ur3e_rl_ws/install/ur3e_rl_env/lib/python3.10/site-packages:/home/nic/git/HoloAssist-AI/ur3e_rl_ws/install/ur3e_safety_layer/lib/python3.10/site-packages:${PYTHONPATH} /usr/bin/python3 -W ignore:setup.py install is deprecated -W ignore:easy_install command is deprecated setup.py egg_info --egg-base ../../build/ur3e_rl_env build --build-base /home/nic/git/HoloAssist-AI/ur3e_rl_ws/build/ur3e_rl_env/build install --record /home/nic/git/HoloAssist-AI/ur3e_rl_ws/build/ur3e_rl_env/install.log --single-version-externally-managed install_data
[1.583s] Level 1:colcon.colcon_core.environment:checking '/home/nic/git/HoloAssist-AI/ur3e_rl_ws/install/ur3e_rl_env' for CMake config files
[1.584s] Level 1:colcon.colcon_core.environment:checking '/home/nic/git/HoloAssist-AI/ur3e_rl_ws/install/ur3e_rl_env/lib'
[1.584s] Level 1:colcon.colcon_core.environment:checking '/home/nic/git/HoloAssist-AI/ur3e_rl_ws/install/ur3e_rl_env/bin'
[1.584s] Level 1:colcon.colcon_core.environment:checking '/home/nic/git/HoloAssist-AI/ur3e_rl_ws/install/ur3e_rl_env/lib/pkgconfig/ur3e_rl_env.pc'
[1.584s] Level 1:colcon.colcon_core.environment:checking '/home/nic/git/HoloAssist-AI/ur3e_rl_ws/install/ur3e_rl_env/lib/python3.10/site-packages'
[1.584s] Level 1:colcon.colcon_core.shell:create_environment_hook('ur3e_rl_env', 'pythonpath')
[1.584s] INFO:colcon.colcon_core.shell:Creating environment hook '/home/nic/git/HoloAssist-AI/ur3e_rl_ws/install/ur3e_rl_env/share/ur3e_rl_env/hook/pythonpath.ps1'
[1.584s] INFO:colcon.colcon_core.shell:Creating environment descriptor '/home/nic/git/HoloAssist-AI/ur3e_rl_ws/install/ur3e_rl_env/share/ur3e_rl_env/hook/pythonpath.dsv'
[1.585s] INFO:colcon.colcon_core.shell:Creating environment hook '/home/nic/git/HoloAssist-AI/ur3e_rl_ws/install/ur3e_rl_env/share/ur3e_rl_env/hook/pythonpath.sh'
[1.585s] Level 1:colcon.colcon_core.environment:checking '/home/nic/git/HoloAssist-AI/ur3e_rl_ws/install/ur3e_rl_env/bin'
[1.585s] Level 1:colcon.colcon_core.environment:create_environment_scripts_only(ur3e_rl_env)
[1.585s] INFO:colcon.colcon_core.shell:Creating package script '/home/nic/git/HoloAssist-AI/ur3e_rl_ws/install/ur3e_rl_env/share/ur3e_rl_env/package.ps1'
[1.586s] INFO:colcon.colcon_core.shell:Creating package descriptor '/home/nic/git/HoloAssist-AI/ur3e_rl_ws/install/ur3e_rl_env/share/ur3e_rl_env/package.dsv'
[1.586s] INFO:colcon.colcon_core.shell:Creating package script '/home/nic/git/HoloAssist-AI/ur3e_rl_ws/install/ur3e_rl_env/share/ur3e_rl_env/package.sh'
[1.586s] INFO:colcon.colcon_core.shell:Creating package script '/home/nic/git/HoloAssist-AI/ur3e_rl_ws/install/ur3e_rl_env/share/ur3e_rl_env/package.bash'
[1.586s] INFO:colcon.colcon_core.shell:Creating package script '/home/nic/git/HoloAssist-AI/ur3e_rl_ws/install/ur3e_rl_env/share/ur3e_rl_env/package.zsh'
[1.587s] Level 1:colcon.colcon_core.environment:create_file_with_runtime_dependencies(/home/nic/git/HoloAssist-AI/ur3e_rl_ws/install/ur3e_rl_env/share/colcon-core/packages/ur3e_rl_env)
[1.587s] DEBUG:colcon.colcon_parallel_executor.executor.parallel:closing loop
[1.587s] DEBUG:colcon.colcon_parallel_executor.executor.parallel:loop closed
[1.587s] DEBUG:colcon.colcon_parallel_executor.executor.parallel:run_until_complete finished with '0'
[1.587s] DEBUG:colcon.colcon_core.event_reactor:joining thread
[1.590s] INFO:colcon.colcon_core.plugin_system:Skipping extension 'colcon_notification.desktop_notification.terminal_notifier': Not used on non-Darwin systems
[1.590s] INFO:colcon.colcon_core.plugin_system:Skipping extension 'colcon_notification.desktop_notification.win32': Not used on non-Windows systems
[1.590s] INFO:colcon.colcon_notification.desktop_notification:Sending desktop notification using 'notify2'
[1.604s] DEBUG:colcon.colcon_core.event_reactor:joined thread
[1.604s] INFO:colcon.colcon_core.shell:Creating prefix script '/home/nic/git/HoloAssist-AI/ur3e_rl_ws/install/local_setup.ps1'
[1.605s] INFO:colcon.colcon_core.shell:Creating prefix util module '/home/nic/git/HoloAssist-AI/ur3e_rl_ws/install/_local_setup_util_ps1.py'
[1.606s] INFO:colcon.colcon_core.shell:Creating prefix chain script '/home/nic/git/HoloAssist-AI/ur3e_rl_ws/install/setup.ps1'
[1.606s] INFO:colcon.colcon_core.shell:Creating prefix script '/home/nic/git/HoloAssist-AI/ur3e_rl_ws/install/local_setup.sh'
[1.607s] INFO:colcon.colcon_core.shell:Creating prefix util module '/home/nic/git/HoloAssist-AI/ur3e_rl_ws/install/_local_setup_util_sh.py'
[1.607s] INFO:colcon.colcon_core.shell:Creating prefix chain script '/home/nic/git/HoloAssist-AI/ur3e_rl_ws/install/setup.sh'
[1.608s] INFO:colcon.colcon_core.shell:Creating prefix script '/home/nic/git/HoloAssist-AI/ur3e_rl_ws/install/local_setup.bash'
[1.608s] INFO:colcon.colcon_core.shell:Creating prefix chain script '/home/nic/git/HoloAssist-AI/ur3e_rl_ws/install/setup.bash'
[1.608s] INFO:colcon.colcon_core.shell:Creating prefix script '/home/nic/git/HoloAssist-AI/ur3e_rl_ws/install/local_setup.zsh'
[1.609s] INFO:colcon.colcon_core.shell:Creating prefix chain script '/home/nic/git/HoloAssist-AI/ur3e_rl_ws/install/setup.zsh'
