[INFO] [launch]: All log files can be found below /home/john/.ros/log/2026-05-26-08-01-30-473449-xps-677835
[INFO] [launch]: Default logging verbosity is set to INFO
[INFO] [ign gazebo-1]: process started with pid [677880]
[INFO] [robot_state_publisher-2]: process started with pid [677884]
[robot_state_publisher-2] [INFO] [1779746490.916109718] [ur3e_robot_state_publisher]: got segment base
[robot_state_publisher-2] [INFO] [1779746490.916229817] [ur3e_robot_state_publisher]: got segment base_link
[robot_state_publisher-2] [INFO] [1779746490.916243791] [ur3e_robot_state_publisher]: got segment base_link_inertia
[robot_state_publisher-2] [INFO] [1779746490.916252569] [ur3e_robot_state_publisher]: got segment flange
[robot_state_publisher-2] [INFO] [1779746490.916260184] [ur3e_robot_state_publisher]: got segment forearm_link
[robot_state_publisher-2] [INFO] [1779746490.916267204] [ur3e_robot_state_publisher]: got segment ft_frame
[robot_state_publisher-2] [INFO] [1779746490.916274003] [ur3e_robot_state_publisher]: got segment gripper_tcp
[robot_state_publisher-2] [INFO] [1779746490.916280862] [ur3e_robot_state_publisher]: got segment left_inner_finger
[robot_state_publisher-2] [INFO] [1779746490.916287831] [ur3e_robot_state_publisher]: got segment left_inner_knuckle
[robot_state_publisher-2] [INFO] [1779746490.916295016] [ur3e_robot_state_publisher]: got segment left_outer_knuckle
[robot_state_publisher-2] [INFO] [1779746490.916301786] [ur3e_robot_state_publisher]: got segment onrobot_rg2_base_link
[robot_state_publisher-2] [INFO] [1779746490.916309121] [ur3e_robot_state_publisher]: got segment right_inner_finger
[robot_state_publisher-2] [INFO] [1779746490.916316073] [ur3e_robot_state_publisher]: got segment right_inner_knuckle
[robot_state_publisher-2] [INFO] [1779746490.916322850] [ur3e_robot_state_publisher]: got segment right_outer_knuckle
[robot_state_publisher-2] [INFO] [1779746490.916329542] [ur3e_robot_state_publisher]: got segment shoulder_link
[robot_state_publisher-2] [INFO] [1779746490.916336374] [ur3e_robot_state_publisher]: got segment tool0
[robot_state_publisher-2] [INFO] [1779746490.916343221] [ur3e_robot_state_publisher]: got segment upper_arm_link
[robot_state_publisher-2] [INFO] [1779746490.916350065] [ur3e_robot_state_publisher]: got segment world
[robot_state_publisher-2] [INFO] [1779746490.916356810] [ur3e_robot_state_publisher]: got segment wrist_1_link
[robot_state_publisher-2] [INFO] [1779746490.916363365] [ur3e_robot_state_publisher]: got segment wrist_2_link
[robot_state_publisher-2] [INFO] [1779746490.916369994] [ur3e_robot_state_publisher]: got segment wrist_3_link
[ign gazebo-1] [1;32m[Msg] [0m[1;32mIgnition Gazebo Server v[0m[1;32m6.17.1[0m[1;32m[0m
[ign gazebo-1] [1;32m[Msg] [0m[1;32mLoading SDF world file[[0m[1;32m/home/john/git/HoloAssist-AI/ur3e_rl_ws/install/ur3e_gazebo_sim/share/ur3e_gazebo_sim/worlds/pick_place_world.sdf[0m[1;32m].[0m
[ign gazebo-1] [1;32m[Msg] [0m[1;32mServing entity system service on [[0m[1;32m/[0m[1;32mentity/system/add[0m[1;32m][0m[1;32m[0m
[ign gazebo-1] [1;32m[Msg] [0m[1;32mLoaded level [[0m[1;32m3[0m[1;32m][0m[1;32m[0m
[ign gazebo-1] [1;32m[Msg] [0m[1;32mNo systems loaded from SDF, loading defaults[0m[1;32m[0m
[ign gazebo-1] [1;32m[Msg] [0m[1;32mCreate service on [[0m[1;32m/world/ur3e_pick_place_world/create[0m[1;32m][0m[1;32m[0m
[ign gazebo-1] [1;32m[Msg] [0m[1;32mRemove service on [[0m[1;32m/world/ur3e_pick_place_world/remove[0m[1;32m][0m[1;32m[0m
[ign gazebo-1] [1;32m[Msg] [0m[1;32mPose service on [[0m[1;32m/world/ur3e_pick_place_world/set_pose[0m[1;32m][0m[1;32m[0m
[ign gazebo-1] [1;32m[Msg] [0m[1;32mPose service on [[0m[1;32m/world/ur3e_pick_place_world/set_pose_vector[0m[1;32m][0m[1;32m[0m
[ign gazebo-1] [1;32m[Msg] [0m[1;32mLight configuration service on [[0m[1;32m/world/ur3e_pick_place_world/light_config[0m[1;32m][0m[1;32m[0m
[ign gazebo-1] [1;32m[Msg] [0m[1;32mPhysics service on [[0m[1;32m/world/ur3e_pick_place_world/set_physics[0m[1;32m][0m[1;32m[0m
[ign gazebo-1] [1;32m[Msg] [0m[1;32mSphericalCoordinates service on [[0m[1;32m/world/ur3e_pick_place_world/set_spherical_coordinates[0m[1;32m][0m[1;32m[0m
[ign gazebo-1] [1;32m[Msg] [0m[1;32mEnable collision service on [[0m[1;32m/world/ur3e_pick_place_world/enable_collision[0m[1;32m][0m[1;32m[0m
[ign gazebo-1] [1;32m[Msg] [0m[1;32mDisable collision service on [[0m[1;32m/world/ur3e_pick_place_world/disable_collision[0m[1;32m][0m[1;32m[0m
[ign gazebo-1] [1;32m[Msg] [0m[1;32mMaterial service on [[0m[1;32m/world/ur3e_pick_place_world/visual_config[0m[1;32m][0m[1;32m[0m
[ign gazebo-1] [1;32m[Msg] [0m[1;32mMaterial service on [[0m[1;32m/world/ur3e_pick_place_world/wheel_slip[0m[1;32m][0m[1;32m[0m
[ign gazebo-1] [1;32m[Msg] [0m[1;32mServing world controls on [[0m[1;32m/world/ur3e_pick_place_world[0m[1;32m/control], [[0m[1;32m/world/ur3e_pick_place_world[0m[1;32m/control/state] and [[0m[1;32m/world/ur3e_pick_place_world[0m[1;32m/playback/control][0m[1;32m[0m
[ign gazebo-1] [1;32m[Msg] [0m[1;32mServing GUI information on [[0m[1;32m/world/ur3e_pick_place_world[0m[1;32m/[0m[1;32mgui/info[0m[1;32m][0m[1;32m[0m
[ign gazebo-1] [1;32m[Msg] [0m[1;32mWorld [[0m[1;32mur3e_pick_place_world[0m[1;32m] initialized with [[0m[1;32mdefault_physics[0m[1;32m] physics profile.[0m[1;32m[0m
[ign gazebo-1] [1;32m[Msg] [0m[1;32mServing world SDF generation service on [[0m[1;32m/world/ur3e_pick_place_world[0m[1;32m/[0m[1;32mgenerate_world_sdf[0m[1;32m][0m[1;32m[0m
[ign gazebo-1] [1;32m[Msg] [0m[1;32mServing world names on [[0m[1;32m/gazebo/worlds[0m[1;32m][0m[1;32m[0m
[ign gazebo-1] [1;32m[Msg] [0m[1;32mResource path add service on [[0m[1;32m/gazebo/resource_paths/add[0m[1;32m].[0m[1;32m[0m
[ign gazebo-1] [1;32m[Msg] [0m[1;32mResource path get service on [[0m[1;32m/gazebo/resource_paths/get[0m[1;32m].[0m[1;32m[0m
[ign gazebo-1] [1;32m[Msg] [0m[1;32mResource path resolve service on [[0m[1;32m/gazebo/resource_paths/resolve[0m[1;32m].[0m[1;32m[0m
[ign gazebo-1] [1;32m[Msg] [0m[1;32mResource paths published on [[0m[1;32m/gazebo/resource_paths[0m[1;32m].[0m[1;32m[0m
[ign gazebo-1] [1;32m[Msg] [0m[1;32mServer control service on [[0m[1;32m/server_control[0m[1;32m].[0m[1;32m[0m
[ign gazebo-1] [1;32m[Msg] [0m[1;32mFound no publishers on /stats, adding root stats topic[0m[1;32m[0m
[ign gazebo-1] [1;32m[Msg] [0m[1;32mFound no publishers on /clock, adding root clock topic[0m[1;32m[0m
[ign gazebo-1] [1;32m[Msg] [0m[1;32mServing scene information on [[0m[1;32m/world/ur3e_pick_place_world[0m[1;32m/[0m[1;32mscene/info[0m[1;32m][0m[1;32m[0m
[ign gazebo-1] [1;32m[Msg] [0m[1;32mServing graph information on [[0m[1;32m/world/ur3e_pick_place_world[0m[1;32m/[0m[1;32mscene/graph[0m[1;32m][0m[1;32m[0m
[ign gazebo-1] [1;32m[Msg] [0m[1;32mServing full state on [[0m[1;32m/world/ur3e_pick_place_world[0m[1;32m/[0m[1;32mstate[0m[1;32m][0m[1;32m[0m
[INFO] [create-3]: process started with pid [678076]
[create-3] [INFO] [1779746494.915112018] [spawn_ur3e_rg2]: Requesting list of world names.
[create-3] [INFO] [1779746495.216410680] [spawn_ur3e_rg2]: Waiting messages on topic [/ur3e_rg2/robot_description].
[create-3] [INFO] [1779746495.317739249] [spawn_ur3e_rg2]: Requested creation of entity.
[create-3] [INFO] [1779746495.317770430] [spawn_ur3e_rg2]: OK creation of entity.
[ign gazebo-1] [INFO] [1779746495.377592365] [GazeboSimROS2ControlPlugin]: robot_param_node is ur3e_robot_state_publisher
[ign gazebo-1] [INFO] [1779746495.377610066] [GazeboSimROS2ControlPlugin]: robot_param_node is robot_description
[ign gazebo-1] [INFO] [1779746495.385265954] [gz_ros2_control]: connected to service!! ur3e_robot_state_publisher asking for robot_description
[ign gazebo-1] [INFO] [1779746495.385521980] [gz_ros2_control]: Received URDF from param server
[ign gazebo-1] [INFO] [1779746495.386147561] [gz_ros2_control]: [gz_ros2_control] Fixed joint [base_joint] (Entity=95)] is skipped
[ign gazebo-1] [INFO] [1779746495.388155126] [gz_ros2_control]: The position_proportional_gain has been set to: 0.1
[ign gazebo-1] [INFO] [1779746495.388196258] [gz_ros2_control]: Loading joint: shoulder_pan_joint
[ign gazebo-1] [INFO] [1779746495.388200884] [gz_ros2_control]: 	State:
[ign gazebo-1] [INFO] [1779746495.388204889] [gz_ros2_control]: 		 position
[ign gazebo-1] [INFO] [1779746495.388212657] [gz_ros2_control]: 			 found initial value: 0.000000
[ign gazebo-1] [INFO] [1779746495.388216123] [gz_ros2_control]: 		 velocity
[ign gazebo-1] [INFO] [1779746495.388218557] [gz_ros2_control]: 		 effort
[ign gazebo-1] [INFO] [1779746495.388220876] [gz_ros2_control]: 	Command:
[ign gazebo-1] [INFO] [1779746495.388223089] [gz_ros2_control]: 		 position
[ign gazebo-1] [INFO] [1779746495.388231730] [gz_ros2_control]: 		 velocity
[ign gazebo-1] [INFO] [1779746495.388240599] [gz_ros2_control]: Loading joint: shoulder_lift_joint
[ign gazebo-1] [INFO] [1779746495.388243000] [gz_ros2_control]: 	State:
[ign gazebo-1] [INFO] [1779746495.388245227] [gz_ros2_control]: 		 position
[ign gazebo-1] [INFO] [1779746495.388247454] [gz_ros2_control]: 			 found initial value: 0.000000
[ign gazebo-1] [INFO] [1779746495.388249980] [gz_ros2_control]: 		 velocity
[ign gazebo-1] [INFO] [1779746495.388252260] [gz_ros2_control]: 		 effort
[ign gazebo-1] [INFO] [1779746495.388254382] [gz_ros2_control]: 	Command:
[ign gazebo-1] [INFO] [1779746495.388256365] [gz_ros2_control]: 		 position
[ign gazebo-1] [INFO] [1779746495.388261599] [gz_ros2_control]: 		 velocity
[ign gazebo-1] [INFO] [1779746495.388268496] [gz_ros2_control]: Loading joint: elbow_joint
[ign gazebo-1] [INFO] [1779746495.388270868] [gz_ros2_control]: 	State:
[ign gazebo-1] [INFO] [1779746495.388273080] [gz_ros2_control]: 		 position
[ign gazebo-1] [INFO] [1779746495.388275047] [gz_ros2_control]: 			 found initial value: 0.000000
[ign gazebo-1] [INFO] [1779746495.388277481] [gz_ros2_control]: 		 velocity
[ign gazebo-1] [INFO] [1779746495.388279574] [gz_ros2_control]: 		 effort
[ign gazebo-1] [INFO] [1779746495.388282004] [gz_ros2_control]: 	Command:
[ign gazebo-1] [INFO] [1779746495.388284054] [gz_ros2_control]: 		 position
[ign gazebo-1] [INFO] [1779746495.388288631] [gz_ros2_control]: 		 velocity
[ign gazebo-1] [INFO] [1779746495.388294916] [gz_ros2_control]: Loading joint: wrist_1_joint
[ign gazebo-1] [INFO] [1779746495.388297465] [gz_ros2_control]: 	State:
[ign gazebo-1] [INFO] [1779746495.388299580] [gz_ros2_control]: 		 position
[ign gazebo-1] [INFO] [1779746495.388301465] [gz_ros2_control]: 			 found initial value: 0.000000
[ign gazebo-1] [INFO] [1779746495.388303828] [gz_ros2_control]: 		 velocity
[ign gazebo-1] [INFO] [1779746495.388305825] [gz_ros2_control]: 		 effort
[ign gazebo-1] [INFO] [1779746495.388307909] [gz_ros2_control]: 	Command:
[ign gazebo-1] [INFO] [1779746495.388310514] [gz_ros2_control]: 		 position
[ign gazebo-1] [INFO] [1779746495.388314773] [gz_ros2_control]: 		 velocity
[ign gazebo-1] [INFO] [1779746495.388320802] [gz_ros2_control]: Loading joint: wrist_2_joint
[ign gazebo-1] [INFO] [1779746495.388323030] [gz_ros2_control]: 	State:
[ign gazebo-1] [INFO] [1779746495.388325066] [gz_ros2_control]: 		 position
[ign gazebo-1] [INFO] [1779746495.388326969] [gz_ros2_control]: 			 found initial value: 0.000000
[ign gazebo-1] [INFO] [1779746495.388329275] [gz_ros2_control]: 		 velocity
[ign gazebo-1] [INFO] [1779746495.388331345] [gz_ros2_control]: 		 effort
[ign gazebo-1] [INFO] [1779746495.388333403] [gz_ros2_control]: 	Command:
[ign gazebo-1] [INFO] [1779746495.388335412] [gz_ros2_control]: 		 position
[ign gazebo-1] [INFO] [1779746495.388339985] [gz_ros2_control]: 		 velocity
[ign gazebo-1] [INFO] [1779746495.388345683] [gz_ros2_control]: Loading joint: wrist_3_joint
[ign gazebo-1] [INFO] [1779746495.388349595] [gz_ros2_control]: 	State:
[ign gazebo-1] [INFO] [1779746495.388351770] [gz_ros2_control]: 		 position
[ign gazebo-1] [INFO] [1779746495.388353750] [gz_ros2_control]: 			 found initial value: 0.000000
[ign gazebo-1] [INFO] [1779746495.388356097] [gz_ros2_control]: 		 velocity
[ign gazebo-1] [INFO] [1779746495.388358506] [gz_ros2_control]: 		 effort
[ign gazebo-1] [INFO] [1779746495.388360629] [gz_ros2_control]: 	Command:
[ign gazebo-1] [INFO] [1779746495.388362653] [gz_ros2_control]: 		 position
[ign gazebo-1] [INFO] [1779746495.388366578] [gz_ros2_control]: 		 velocity
[ign gazebo-1] [INFO] [1779746495.388419862] [resource_manager]: Initialize hardware 'ur3e_rg2' 
[ign gazebo-1] [WARN] [1779746495.388432265] [gz_ros2_control]: The ign_ros2_control plugin got renamed to gz_ros2_control.
[ign gazebo-1] Update the <ros2_control> tag and gazebo plugin to
[ign gazebo-1] <hardware>
[ign gazebo-1]   <plugin>gz_ros2_control/GazeboSimSystem</plugin>
[ign gazebo-1] </hardware>
[ign gazebo-1] <gazebo>
[ign gazebo-1]   <plugin filename="gz_ros2_control-system"name="gz_ros2_control::GazeboSimROS2ControlPlugin">
[ign gazebo-1]     ...
[ign gazebo-1]   </plugin>
[ign gazebo-1] </gazebo>
[ign gazebo-1] [INFO] [1779746495.388464956] [resource_manager]: Successful initialization of hardware 'ur3e_rg2'
[ign gazebo-1] [INFO] [1779746495.388487696] [resource_manager]: 'configure' hardware 'ur3e_rg2' 
[ign gazebo-1] [INFO] [1779746495.388489885] [gz_ros2_control]: System Successfully configured!
[ign gazebo-1] [INFO] [1779746495.388494188] [resource_manager]: Successful 'configure' of hardware 'ur3e_rg2'
[ign gazebo-1] [INFO] [1779746495.388498499] [resource_manager]: 'activate' hardware 'ur3e_rg2' 
[ign gazebo-1] [INFO] [1779746495.388500732] [resource_manager]: Successful 'activate' of hardware 'ur3e_rg2'
[ign gazebo-1] [INFO] [1779746495.388506872] [gz_ros2_control]: Loading controller_manager
[ign gazebo-1] [WARN] [1779746495.410027298] [gz_ros2_control]:  Desired controller update period (0.004 s) is slower than the gazebo simulation period (0.001 s).
[INFO] [create-3]: process has finished cleanly [pid 678076]
[INFO] [parameter_bridge-4]: process started with pid [678264]
[parameter_bridge-4] [INFO] [1779746495.921223133] [dynamic_pose_bridge]: Creating GZ->ROS Bridge: [/world/ur3e_pick_place_world/dynamic_pose/info (ignition.msgs.Pose_V) -> /world/ur3e_pick_place_world/dynamic_pose/info (tf2_msgs/msg/TFMessage)] (Lazy 0)
[parameter_bridge-4] [INFO] [1779746495.922238465] [dynamic_pose_bridge]: Creating ROS->GZ Bridge: [/world/ur3e_pick_place_world/dynamic_pose/info (tf2_msgs/msg/TFMessage) -> /world/ur3e_pick_place_world/dynamic_pose/info (ignition.msgs.Pose_V)] (Lazy 0)
[INFO] [gazebo_pose_bridge.py-5]: process started with pid [678376]
[gazebo_pose_bridge.py-5] [INFO] [1779746497.162630521] [gazebo_pose_bridge]: Publishing RL pose topics: /tcp_pose_broadcaster/pose, /cube_0..3/pose, /goal/pose (dynamic source: /world/ur3e_pick_place_world/dynamic_pose/info)
[gazebo_pose_bridge.py-5] [WARN] [1779746497.202207595] [gazebo_pose_bridge]: TF world → ['gripper_tcp', 'tool0', 'wrist_3_link'] not available yet.
[ign gazebo-1] [1;32m[Msg] [0m[1;32mServing full state (async) on [[0m[1;32m/world/ur3e_pick_place_world[0m[1;32m/[0m[1;32mstate_async[0m[1;32m][0m[1;32m[0m
[ign gazebo-1] [1;32m[Msg] [0m[1;32mPublishing scene information on [[0m[1;32m/world/ur3e_pick_place_world/scene/info[0m[1;32m][0m[1;32m[0m
[ign gazebo-1] [1;32m[Msg] [0m[1;32mPublishing entity deletions on [[0m[1;32m/world/ur3e_pick_place_world/scene/deletion[0m[1;32m][0m[1;32m[0m
[ign gazebo-1] [1;32m[Msg] [0m[1;32mPublishing state changes on [[0m[1;32m/world/ur3e_pick_place_world/state[0m[1;32m][0m[1;32m[0m
[ign gazebo-1] [1;32m[Msg] [0m[1;32mPublishing pose messages on [[0m[1;32m/world/ur3e_pick_place_world[0m[1;32m/[0m[1;32mpose/info[0m[1;32m][0m[1;32m[0m
[ign gazebo-1] [1;32m[Msg] [0m[1;32mPublishing dynamic pose messages on [[0m[1;32m/world/ur3e_pick_place_world[0m[1;32m/[0m[1;32mdynamic_pose/info[0m[1;32m][0m[1;32m[0m
[INFO] [setup_controllers.py-6]: process started with pid [678534]
[ign gazebo-1] [INFO] [1779746501.358815490] [controller_manager]: Loading controller 'joint_state_broadcaster'
[setup_controllers.py-6] [INFO] [1779746501.370354538] [setup_ur3e_gazebo_controllers]: Loaded controller 'joint_state_broadcaster'.
[ign gazebo-1] [INFO] [1779746501.370505617] [controller_manager]: Loading controller 'scaled_joint_trajectory_controller'
[setup_controllers.py-6] [INFO] [1779746501.380899174] [setup_ur3e_gazebo_controllers]: Loaded controller 'scaled_joint_trajectory_controller'.
[ign gazebo-1] [INFO] [1779746501.381925958] [controller_manager]: Configuring controller 'joint_state_broadcaster'
[ign gazebo-1] [INFO] [1779746501.382003300] [joint_state_broadcaster]: 'joints' or 'interfaces' parameter is empty. All available state interfaces will be published
[setup_controllers.py-6] [INFO] [1779746501.388887345] [setup_ur3e_gazebo_controllers]: Configured controller 'joint_state_broadcaster'.
[ign gazebo-1] [INFO] [1779746501.389025740] [controller_manager]: Configuring controller 'scaled_joint_trajectory_controller'
[ign gazebo-1] [INFO] [1779746501.389197646] [scaled_joint_trajectory_controller]: No specific joint names are used for command interfaces. Using 'joints' parameter.
[ign gazebo-1] [INFO] [1779746501.389212814] [scaled_joint_trajectory_controller]: Command interfaces are [position] and state interfaces are [position velocity].
[ign gazebo-1] [INFO] [1779746501.389228838] [scaled_joint_trajectory_controller]: Using 'splines' interpolation method.
[ign gazebo-1] [INFO] [1779746501.389821019] [scaled_joint_trajectory_controller]: Controller state will be published at 100.00 Hz.
[ign gazebo-1] [INFO] [1779746501.391027454] [scaled_joint_trajectory_controller]: Action status changes will be monitored at 20.00 Hz.
[setup_controllers.py-6] [INFO] [1779746501.396715130] [setup_ur3e_gazebo_controllers]: Configured controller 'scaled_joint_trajectory_controller'.
[setup_controllers.py-6] [INFO] [1779746501.404606943] [setup_ur3e_gazebo_controllers]: Activated UR3e controllers.
[setup_controllers.py-6] [INFO] [1779746502.006883147] [setup_ur3e_gazebo_controllers]: Controllers active; UR3e at home position.
[INFO] [setup_controllers.py-6]: process has finished cleanly [pid 678534]
[INFO] [ros2-7]: process started with pid [678787]
[ros2-7] publisher: beginning loop
[ros2-7] publishing #1: trajectory_msgs.msg.JointTrajectory(header=std_msgs.msg.Header(stamp=builtin_interfaces.msg.Time(sec=0, nanosec=0), frame_id=''), joint_names=['shoulder_pan_joint', 'shoulder_lift_joint', 'elbow_joint', 'wrist_1_joint', 'wrist_2_joint', 'wrist_3_joint'], points=[trajectory_msgs.msg.JointTrajectoryPoint(positions=[0.0, -1.5708, 0.0, -1.5708, 0.0, 0.0], velocities=[], accelerations=[], effort=[], time_from_start=builtin_interfaces.msg.Duration(sec=2, nanosec=0))])
[ros2-7] 
[INFO] [ros2-7]: process has finished cleanly [pid 678787]
