[0.070s] DEBUG:colcon:Command line arguments: ['/usr/bin/colcon', 'build', '--packages-select', 'ur3e_gazebo_sim']
[0.070s] DEBUG:colcon:Parsed command line arguments: Namespace(log_base=None, log_level=None, verb_name='build', build_base='build', install_base='install', merge_install=False, symlink_install=False, test_result_base=None, continue_on_error=False, executor='parallel', parallel_workers=20, event_handlers=None, ignore_user_meta=False, metas=['./colcon.meta'], base_paths=['.'], packages_ignore=None, packages_ignore_regex=None, paths=None, packages_up_to=None, packages_up_to_regex=None, packages_above=None, packages_above_and_dependencies=None, packages_above_depth=None, packages_select_by_dep=None, packages_skip_by_dep=None, packages_skip_up_to=None, packages_select_build_failed=False, packages_skip_build_finished=False, packages_select_test_failures=False, packages_skip_test_passed=False, packages_select=['ur3e_gazebo_sim'], packages_skip=None, packages_select_regex=None, packages_skip_regex=None, packages_start=None, packages_end=None, allow_overriding=[], cmake_args=None, cmake_target=None, cmake_target_skip_unavailable=False, cmake_clean_cache=False, cmake_clean_first=False, cmake_force_configure=False, ament_cmake_args=None, catkin_cmake_args=None, catkin_skip_building_tests=False, mixin_files=None, mixin=None, verb_parser=<colcon_mixin.mixin.mixin_argument.MixinArgumentDecorator object at 0x767bd3923010>, verb_extension=<colcon_core.verb.build.BuildVerb object at 0x767bd3922440>, main=<bound method BuildVerb.main of <colcon_core.verb.build.BuildVerb object at 0x767bd3922440>>, mixin_verb=('build',))
[0.193s] Level 1:colcon.colcon_core.package_discovery:discover_packages(colcon_meta) check parameters
[0.193s] Level 1:colcon.colcon_core.package_discovery:discover_packages(recursive) check parameters
[0.193s] Level 1:colcon.colcon_core.package_discovery:discover_packages(ignore) check parameters
[0.193s] Level 1:colcon.colcon_core.package_discovery:discover_packages(path) check parameters
[0.193s] Level 1:colcon.colcon_core.package_discovery:discover_packages(colcon_meta) discover
[0.193s] Level 1:colcon.colcon_core.package_discovery:discover_packages(recursive) discover
[0.193s] INFO:colcon.colcon_core.package_discovery:Crawling recursively for packages in '/home/nic/git/HoloAssist-AI/ur3e_rl_ws'
[0.193s] Level 1:colcon.colcon_core.package_identification:_identify(.) by extensions ['ignore', 'ignore_ament_install']
[0.193s] Level 1:colcon.colcon_core.package_identification:_identify(.) by extension 'ignore'
[0.193s] Level 1:colcon.colcon_core.package_identification:_identify(.) by extension 'ignore_ament_install'
[0.193s] Level 1:colcon.colcon_core.package_identification:_identify(.) by extensions ['colcon_pkg']
[0.193s] Level 1:colcon.colcon_core.package_identification:_identify(.) by extension 'colcon_pkg'
[0.193s] Level 1:colcon.colcon_core.package_identification:_identify(.) by extensions ['colcon_meta']
[0.193s] Level 1:colcon.colcon_core.package_identification:_identify(.) by extension 'colcon_meta'
[0.193s] Level 1:colcon.colcon_core.package_identification:_identify(.) by extensions ['ros']
[0.193s] Level 1:colcon.colcon_core.package_identification:_identify(.) by extension 'ros'
[0.201s] Level 1:colcon.colcon_core.package_identification:_identify(.) by extensions ['cmake', 'python']
[0.201s] Level 1:colcon.colcon_core.package_identification:_identify(.) by extension 'cmake'
[0.201s] Level 1:colcon.colcon_core.package_identification:_identify(.) by extension 'python'
[0.201s] Level 1:colcon.colcon_core.package_identification:_identify(.) by extensions ['python_setup_py']
[0.201s] Level 1:colcon.colcon_core.package_identification:_identify(.) by extension 'python_setup_py'
[0.201s] Level 1:colcon.colcon_core.package_identification:_identify(build) by extensions ['ignore', 'ignore_ament_install']
[0.201s] Level 1:colcon.colcon_core.package_identification:_identify(build) by extension 'ignore'
[0.201s] Level 1:colcon.colcon_core.package_identification:_identify(build) ignored
[0.201s] Level 1:colcon.colcon_core.package_identification:_identify(install) by extensions ['ignore', 'ignore_ament_install']
[0.201s] Level 1:colcon.colcon_core.package_identification:_identify(install) by extension 'ignore'
[0.201s] Level 1:colcon.colcon_core.package_identification:_identify(install) ignored
[0.201s] Level 1:colcon.colcon_core.package_identification:_identify(log) by extensions ['ignore', 'ignore_ament_install']
[0.201s] Level 1:colcon.colcon_core.package_identification:_identify(log) by extension 'ignore'
[0.201s] Level 1:colcon.colcon_core.package_identification:_identify(log) ignored
[0.201s] Level 1:colcon.colcon_core.package_identification:_identify(rl_models) by extensions ['ignore', 'ignore_ament_install']
[0.201s] Level 1:colcon.colcon_core.package_identification:_identify(rl_models) by extension 'ignore'
[0.201s] Level 1:colcon.colcon_core.package_identification:_identify(rl_models) by extension 'ignore_ament_install'
[0.201s] Level 1:colcon.colcon_core.package_identification:_identify(rl_models) by extensions ['colcon_pkg']
[0.201s] Level 1:colcon.colcon_core.package_identification:_identify(rl_models) by extension 'colcon_pkg'
[0.201s] Level 1:colcon.colcon_core.package_identification:_identify(rl_models) by extensions ['colcon_meta']
[0.201s] Level 1:colcon.colcon_core.package_identification:_identify(rl_models) by extension 'colcon_meta'
[0.201s] Level 1:colcon.colcon_core.package_identification:_identify(rl_models) by extensions ['ros']
[0.201s] Level 1:colcon.colcon_core.package_identification:_identify(rl_models) by extension 'ros'
[0.201s] Level 1:colcon.colcon_core.package_identification:_identify(rl_models) by extensions ['cmake', 'python']
[0.201s] Level 1:colcon.colcon_core.package_identification:_identify(rl_models) by extension 'cmake'
[0.201s] Level 1:colcon.colcon_core.package_identification:_identify(rl_models) by extension 'python'
[0.201s] Level 1:colcon.colcon_core.package_identification:_identify(rl_models) by extensions ['python_setup_py']
[0.201s] Level 1:colcon.colcon_core.package_identification:_identify(rl_models) by extension 'python_setup_py'
[0.201s] Level 1:colcon.colcon_core.package_identification:_identify(rl_models/checkpoints) by extensions ['ignore', 'ignore_ament_install']
[0.202s] Level 1:colcon.colcon_core.package_identification:_identify(rl_models/checkpoints) by extension 'ignore'
[0.202s] Level 1:colcon.colcon_core.package_identification:_identify(rl_models/checkpoints) by extension 'ignore_ament_install'
[0.202s] Level 1:colcon.colcon_core.package_identification:_identify(rl_models/checkpoints) by extensions ['colcon_pkg']
[0.202s] Level 1:colcon.colcon_core.package_identification:_identify(rl_models/checkpoints) by extension 'colcon_pkg'
[0.202s] Level 1:colcon.colcon_core.package_identification:_identify(rl_models/checkpoints) by extensions ['colcon_meta']
[0.202s] Level 1:colcon.colcon_core.package_identification:_identify(rl_models/checkpoints) by extension 'colcon_meta'
[0.202s] Level 1:colcon.colcon_core.package_identification:_identify(rl_models/checkpoints) by extensions ['ros']
[0.202s] Level 1:colcon.colcon_core.package_identification:_identify(rl_models/checkpoints) by extension 'ros'
[0.202s] Level 1:colcon.colcon_core.package_identification:_identify(rl_models/checkpoints) by extensions ['cmake', 'python']
[0.202s] Level 1:colcon.colcon_core.package_identification:_identify(rl_models/checkpoints) by extension 'cmake'
[0.202s] Level 1:colcon.colcon_core.package_identification:_identify(rl_models/checkpoints) by extension 'python'
[0.202s] Level 1:colcon.colcon_core.package_identification:_identify(rl_models/checkpoints) by extensions ['python_setup_py']
[0.202s] Level 1:colcon.colcon_core.package_identification:_identify(rl_models/checkpoints) by extension 'python_setup_py'
[0.202s] Level 1:colcon.colcon_core.package_identification:_identify(rl_models/gazebo_parallel_logs) by extensions ['ignore', 'ignore_ament_install']
[0.202s] Level 1:colcon.colcon_core.package_identification:_identify(rl_models/gazebo_parallel_logs) by extension 'ignore'
[0.202s] Level 1:colcon.colcon_core.package_identification:_identify(rl_models/gazebo_parallel_logs) by extension 'ignore_ament_install'
[0.202s] Level 1:colcon.colcon_core.package_identification:_identify(rl_models/gazebo_parallel_logs) by extensions ['colcon_pkg']
[0.202s] Level 1:colcon.colcon_core.package_identification:_identify(rl_models/gazebo_parallel_logs) by extension 'colcon_pkg'
[0.202s] Level 1:colcon.colcon_core.package_identification:_identify(rl_models/gazebo_parallel_logs) by extensions ['colcon_meta']
[0.202s] Level 1:colcon.colcon_core.package_identification:_identify(rl_models/gazebo_parallel_logs) by extension 'colcon_meta'
[0.202s] Level 1:colcon.colcon_core.package_identification:_identify(rl_models/gazebo_parallel_logs) by extensions ['ros']
[0.202s] Level 1:colcon.colcon_core.package_identification:_identify(rl_models/gazebo_parallel_logs) by extension 'ros'
[0.202s] Level 1:colcon.colcon_core.package_identification:_identify(rl_models/gazebo_parallel_logs) by extensions ['cmake', 'python']
[0.202s] Level 1:colcon.colcon_core.package_identification:_identify(rl_models/gazebo_parallel_logs) by extension 'cmake'
[0.202s] Level 1:colcon.colcon_core.package_identification:_identify(rl_models/gazebo_parallel_logs) by extension 'python'
[0.202s] Level 1:colcon.colcon_core.package_identification:_identify(rl_models/gazebo_parallel_logs) by extensions ['python_setup_py']
[0.202s] Level 1:colcon.colcon_core.package_identification:_identify(rl_models/gazebo_parallel_logs) by extension 'python_setup_py'
[0.202s] Level 1:colcon.colcon_core.package_identification:_identify(src) by extensions ['ignore', 'ignore_ament_install']
[0.202s] Level 1:colcon.colcon_core.package_identification:_identify(src) by extension 'ignore'
[0.202s] Level 1:colcon.colcon_core.package_identification:_identify(src) by extension 'ignore_ament_install'
[0.202s] Level 1:colcon.colcon_core.package_identification:_identify(src) by extensions ['colcon_pkg']
[0.202s] Level 1:colcon.colcon_core.package_identification:_identify(src) by extension 'colcon_pkg'
[0.202s] Level 1:colcon.colcon_core.package_identification:_identify(src) by extensions ['colcon_meta']
[0.202s] Level 1:colcon.colcon_core.package_identification:_identify(src) by extension 'colcon_meta'
[0.202s] Level 1:colcon.colcon_core.package_identification:_identify(src) by extensions ['ros']
[0.202s] Level 1:colcon.colcon_core.package_identification:_identify(src) by extension 'ros'
[0.202s] Level 1:colcon.colcon_core.package_identification:_identify(src) by extensions ['cmake', 'python']
[0.202s] Level 1:colcon.colcon_core.package_identification:_identify(src) by extension 'cmake'
[0.202s] Level 1:colcon.colcon_core.package_identification:_identify(src) by extension 'python'
[0.202s] Level 1:colcon.colcon_core.package_identification:_identify(src) by extensions ['python_setup_py']
[0.202s] Level 1:colcon.colcon_core.package_identification:_identify(src) by extension 'python_setup_py'
[0.202s] Level 1:colcon.colcon_core.package_identification:_identify(src/ur3e_gazebo_sim) by extensions ['ignore', 'ignore_ament_install']
[0.202s] Level 1:colcon.colcon_core.package_identification:_identify(src/ur3e_gazebo_sim) by extension 'ignore'
[0.202s] Level 1:colcon.colcon_core.package_identification:_identify(src/ur3e_gazebo_sim) by extension 'ignore_ament_install'
[0.203s] Level 1:colcon.colcon_core.package_identification:_identify(src/ur3e_gazebo_sim) by extensions ['colcon_pkg']
[0.203s] Level 1:colcon.colcon_core.package_identification:_identify(src/ur3e_gazebo_sim) by extension 'colcon_pkg'
[0.203s] Level 1:colcon.colcon_core.package_identification:_identify(src/ur3e_gazebo_sim) by extensions ['colcon_meta']
[0.203s] Level 1:colcon.colcon_core.package_identification:_identify(src/ur3e_gazebo_sim) by extension 'colcon_meta'
[0.203s] Level 1:colcon.colcon_core.package_identification:_identify(src/ur3e_gazebo_sim) by extensions ['ros']
[0.203s] Level 1:colcon.colcon_core.package_identification:_identify(src/ur3e_gazebo_sim) by extension 'ros'
[0.205s] DEBUG:colcon.colcon_core.package_identification:Package 'src/ur3e_gazebo_sim' with type 'ros.ament_cmake' and name 'ur3e_gazebo_sim'
[0.205s] Level 1:colcon.colcon_core.package_identification:_identify(src/ur3e_policy_controller) by extensions ['ignore', 'ignore_ament_install']
[0.205s] Level 1:colcon.colcon_core.package_identification:_identify(src/ur3e_policy_controller) by extension 'ignore'
[0.205s] Level 1:colcon.colcon_core.package_identification:_identify(src/ur3e_policy_controller) by extension 'ignore_ament_install'
[0.205s] Level 1:colcon.colcon_core.package_identification:_identify(src/ur3e_policy_controller) by extensions ['colcon_pkg']
[0.205s] Level 1:colcon.colcon_core.package_identification:_identify(src/ur3e_policy_controller) by extension 'colcon_pkg'
[0.205s] Level 1:colcon.colcon_core.package_identification:_identify(src/ur3e_policy_controller) by extensions ['colcon_meta']
[0.205s] Level 1:colcon.colcon_core.package_identification:_identify(src/ur3e_policy_controller) by extension 'colcon_meta'
[0.205s] Level 1:colcon.colcon_core.package_identification:_identify(src/ur3e_policy_controller) by extensions ['ros']
[0.205s] Level 1:colcon.colcon_core.package_identification:_identify(src/ur3e_policy_controller) by extension 'ros'
[0.205s] DEBUG:colcon.colcon_core.package_identification:Package 'src/ur3e_policy_controller' with type 'ros.ament_python' and name 'ur3e_policy_controller'
[0.205s] Level 1:colcon.colcon_core.package_identification:_identify(src/ur3e_rl_env) by extensions ['ignore', 'ignore_ament_install']
[0.205s] Level 1:colcon.colcon_core.package_identification:_identify(src/ur3e_rl_env) by extension 'ignore'
[0.205s] Level 1:colcon.colcon_core.package_identification:_identify(src/ur3e_rl_env) by extension 'ignore_ament_install'
[0.205s] Level 1:colcon.colcon_core.package_identification:_identify(src/ur3e_rl_env) by extensions ['colcon_pkg']
[0.205s] Level 1:colcon.colcon_core.package_identification:_identify(src/ur3e_rl_env) by extension 'colcon_pkg'
[0.205s] Level 1:colcon.colcon_core.package_identification:_identify(src/ur3e_rl_env) by extensions ['colcon_meta']
[0.206s] Level 1:colcon.colcon_core.package_identification:_identify(src/ur3e_rl_env) by extension 'colcon_meta'
[0.206s] Level 1:colcon.colcon_core.package_identification:_identify(src/ur3e_rl_env) by extensions ['ros']
[0.206s] Level 1:colcon.colcon_core.package_identification:_identify(src/ur3e_rl_env) by extension 'ros'
[0.206s] DEBUG:colcon.colcon_core.package_identification:Package 'src/ur3e_rl_env' with type 'ros.ament_python' and name 'ur3e_rl_env'
[0.206s] Level 1:colcon.colcon_core.package_identification:_identify(src/ur3e_safety_layer) by extensions ['ignore', 'ignore_ament_install']
[0.206s] Level 1:colcon.colcon_core.package_identification:_identify(src/ur3e_safety_layer) by extension 'ignore'
[0.206s] Level 1:colcon.colcon_core.package_identification:_identify(src/ur3e_safety_layer) by extension 'ignore_ament_install'
[0.206s] Level 1:colcon.colcon_core.package_identification:_identify(src/ur3e_safety_layer) by extensions ['colcon_pkg']
[0.206s] Level 1:colcon.colcon_core.package_identification:_identify(src/ur3e_safety_layer) by extension 'colcon_pkg'
[0.206s] Level 1:colcon.colcon_core.package_identification:_identify(src/ur3e_safety_layer) by extensions ['colcon_meta']
[0.206s] Level 1:colcon.colcon_core.package_identification:_identify(src/ur3e_safety_layer) by extension 'colcon_meta'
[0.206s] Level 1:colcon.colcon_core.package_identification:_identify(src/ur3e_safety_layer) by extensions ['ros']
[0.206s] Level 1:colcon.colcon_core.package_identification:_identify(src/ur3e_safety_layer) by extension 'ros'
[0.212s] DEBUG:colcon.colcon_core.package_identification:Package 'src/ur3e_safety_layer' with type 'ros.ament_python' and name 'ur3e_safety_layer'
[0.212s] Level 1:colcon.colcon_core.package_identification:_identify(tb_logs) by extensions ['ignore', 'ignore_ament_install']
[0.212s] Level 1:colcon.colcon_core.package_identification:_identify(tb_logs) by extension 'ignore'
[0.212s] Level 1:colcon.colcon_core.package_identification:_identify(tb_logs) by extension 'ignore_ament_install'
[0.212s] Level 1:colcon.colcon_core.package_identification:_identify(tb_logs) by extensions ['colcon_pkg']
[0.212s] Level 1:colcon.colcon_core.package_identification:_identify(tb_logs) by extension 'colcon_pkg'
[0.212s] Level 1:colcon.colcon_core.package_identification:_identify(tb_logs) by extensions ['colcon_meta']
[0.212s] Level 1:colcon.colcon_core.package_identification:_identify(tb_logs) by extension 'colcon_meta'
[0.212s] Level 1:colcon.colcon_core.package_identification:_identify(tb_logs) by extensions ['ros']
[0.212s] Level 1:colcon.colcon_core.package_identification:_identify(tb_logs) by extension 'ros'
[0.212s] Level 1:colcon.colcon_core.package_identification:_identify(tb_logs) by extensions ['cmake', 'python']
[0.212s] Level 1:colcon.colcon_core.package_identification:_identify(tb_logs) by extension 'cmake'
[0.212s] Level 1:colcon.colcon_core.package_identification:_identify(tb_logs) by extension 'python'
[0.212s] Level 1:colcon.colcon_core.package_identification:_identify(tb_logs) by extensions ['python_setup_py']
[0.212s] Level 1:colcon.colcon_core.package_identification:_identify(tb_logs) by extension 'python_setup_py'
[0.212s] Level 1:colcon.colcon_core.package_identification:_identify(tb_logs/PPO_1) by extensions ['ignore', 'ignore_ament_install']
[0.212s] Level 1:colcon.colcon_core.package_identification:_identify(tb_logs/PPO_1) by extension 'ignore'
[0.212s] Level 1:colcon.colcon_core.package_identification:_identify(tb_logs/PPO_1) by extension 'ignore_ament_install'
[0.212s] Level 1:colcon.colcon_core.package_identification:_identify(tb_logs/PPO_1) by extensions ['colcon_pkg']
[0.212s] Level 1:colcon.colcon_core.package_identification:_identify(tb_logs/PPO_1) by extension 'colcon_pkg'
[0.212s] Level 1:colcon.colcon_core.package_identification:_identify(tb_logs/PPO_1) by extensions ['colcon_meta']
[0.212s] Level 1:colcon.colcon_core.package_identification:_identify(tb_logs/PPO_1) by extension 'colcon_meta'
[0.212s] Level 1:colcon.colcon_core.package_identification:_identify(tb_logs/PPO_1) by extensions ['ros']
[0.212s] Level 1:colcon.colcon_core.package_identification:_identify(tb_logs/PPO_1) by extension 'ros'
[0.212s] Level 1:colcon.colcon_core.package_identification:_identify(tb_logs/PPO_1) by extensions ['cmake', 'python']
[0.212s] Level 1:colcon.colcon_core.package_identification:_identify(tb_logs/PPO_1) by extension 'cmake'
[0.212s] Level 1:colcon.colcon_core.package_identification:_identify(tb_logs/PPO_1) by extension 'python'
[0.212s] Level 1:colcon.colcon_core.package_identification:_identify(tb_logs/PPO_1) by extensions ['python_setup_py']
[0.212s] Level 1:colcon.colcon_core.package_identification:_identify(tb_logs/PPO_1) by extension 'python_setup_py'
[0.212s] Level 1:colcon.colcon_core.package_identification:_identify(tb_logs/PPO_2) by extensions ['ignore', 'ignore_ament_install']
[0.212s] Level 1:colcon.colcon_core.package_identification:_identify(tb_logs/PPO_2) by extension 'ignore'
[0.212s] Level 1:colcon.colcon_core.package_identification:_identify(tb_logs/PPO_2) by extension 'ignore_ament_install'
[0.212s] Level 1:colcon.colcon_core.package_identification:_identify(tb_logs/PPO_2) by extensions ['colcon_pkg']
[0.212s] Level 1:colcon.colcon_core.package_identification:_identify(tb_logs/PPO_2) by extension 'colcon_pkg'
[0.213s] Level 1:colcon.colcon_core.package_identification:_identify(tb_logs/PPO_2) by extensions ['colcon_meta']
[0.213s] Level 1:colcon.colcon_core.package_identification:_identify(tb_logs/PPO_2) by extension 'colcon_meta'
[0.213s] Level 1:colcon.colcon_core.package_identification:_identify(tb_logs/PPO_2) by extensions ['ros']
[0.213s] Level 1:colcon.colcon_core.package_identification:_identify(tb_logs/PPO_2) by extension 'ros'
[0.213s] Level 1:colcon.colcon_core.package_identification:_identify(tb_logs/PPO_2) by extensions ['cmake', 'python']
[0.213s] Level 1:colcon.colcon_core.package_identification:_identify(tb_logs/PPO_2) by extension 'cmake'
[0.213s] Level 1:colcon.colcon_core.package_identification:_identify(tb_logs/PPO_2) by extension 'python'
[0.213s] Level 1:colcon.colcon_core.package_identification:_identify(tb_logs/PPO_2) by extensions ['python_setup_py']
[0.213s] Level 1:colcon.colcon_core.package_identification:_identify(tb_logs/PPO_2) by extension 'python_setup_py'
[0.213s] Level 1:colcon.colcon_core.package_identification:_identify(tb_logs/PPO_3) by extensions ['ignore', 'ignore_ament_install']
[0.213s] Level 1:colcon.colcon_core.package_identification:_identify(tb_logs/PPO_3) by extension 'ignore'
[0.213s] Level 1:colcon.colcon_core.package_identification:_identify(tb_logs/PPO_3) by extension 'ignore_ament_install'
[0.213s] Level 1:colcon.colcon_core.package_identification:_identify(tb_logs/PPO_3) by extensions ['colcon_pkg']
[0.213s] Level 1:colcon.colcon_core.package_identification:_identify(tb_logs/PPO_3) by extension 'colcon_pkg'
[0.213s] Level 1:colcon.colcon_core.package_identification:_identify(tb_logs/PPO_3) by extensions ['colcon_meta']
[0.213s] Level 1:colcon.colcon_core.package_identification:_identify(tb_logs/PPO_3) by extension 'colcon_meta'
[0.213s] Level 1:colcon.colcon_core.package_identification:_identify(tb_logs/PPO_3) by extensions ['ros']
[0.213s] Level 1:colcon.colcon_core.package_identification:_identify(tb_logs/PPO_3) by extension 'ros'
[0.213s] Level 1:colcon.colcon_core.package_identification:_identify(tb_logs/PPO_3) by extensions ['cmake', 'python']
[0.213s] Level 1:colcon.colcon_core.package_identification:_identify(tb_logs/PPO_3) by extension 'cmake'
[0.213s] Level 1:colcon.colcon_core.package_identification:_identify(tb_logs/PPO_3) by extension 'python'
[0.213s] Level 1:colcon.colcon_core.package_identification:_identify(tb_logs/PPO_3) by extensions ['python_setup_py']
[0.213s] Level 1:colcon.colcon_core.package_identification:_identify(tb_logs/PPO_3) by extension 'python_setup_py'
[0.213s] Level 1:colcon.colcon_core.package_discovery:discover_packages(recursive) using defaults
[0.213s] Level 1:colcon.colcon_core.package_discovery:discover_packages(ignore) discover
[0.213s] Level 1:colcon.colcon_core.package_discovery:discover_packages(ignore) using defaults
[0.213s] Level 1:colcon.colcon_core.package_discovery:discover_packages(path) discover
[0.213s] Level 1:colcon.colcon_core.package_discovery:discover_packages(path) using defaults
[0.225s] INFO:colcon.colcon_core.package_selection:Skipping not selected package 'ur3e_safety_layer' in 'src/ur3e_safety_layer'
[0.225s] INFO:colcon.colcon_core.package_selection:Skipping not selected package 'ur3e_rl_env' in 'src/ur3e_rl_env'
[0.225s] INFO:colcon.colcon_core.package_selection:Skipping not selected package 'ur3e_policy_controller' in 'src/ur3e_policy_controller'
[0.225s] Level 1:colcon.colcon_core.package_discovery:discover_packages(prefix_path) check parameters
[0.225s] Level 1:colcon.colcon_core.package_discovery:discover_packages(prefix_path) discover
[0.227s] DEBUG:colcon.colcon_installed_package_information.package_discovery:Found 507 installed packages in /opt/ros/humble
[0.228s] Level 1:colcon.colcon_core.package_discovery:discover_packages(prefix_path) using defaults
[0.260s] Level 5:colcon.colcon_core.verb:set package 'ur3e_gazebo_sim' build argument 'cmake_args' from command line to 'None'
[0.260s] Level 5:colcon.colcon_core.verb:set package 'ur3e_gazebo_sim' build argument 'cmake_target' from command line to 'None'
[0.260s] Level 5:colcon.colcon_core.verb:set package 'ur3e_gazebo_sim' build argument 'cmake_target_skip_unavailable' from command line to 'False'
[0.260s] Level 5:colcon.colcon_core.verb:set package 'ur3e_gazebo_sim' build argument 'cmake_clean_cache' from command line to 'False'
[0.260s] Level 5:colcon.colcon_core.verb:set package 'ur3e_gazebo_sim' build argument 'cmake_clean_first' from command line to 'False'
[0.260s] Level 5:colcon.colcon_core.verb:set package 'ur3e_gazebo_sim' build argument 'cmake_force_configure' from command line to 'False'
[0.260s] Level 5:colcon.colcon_core.verb:set package 'ur3e_gazebo_sim' build argument 'ament_cmake_args' from command line to 'None'
[0.260s] Level 5:colcon.colcon_core.verb:set package 'ur3e_gazebo_sim' build argument 'catkin_cmake_args' from command line to 'None'
[0.260s] Level 5:colcon.colcon_core.verb:set package 'ur3e_gazebo_sim' build argument 'catkin_skip_building_tests' from command line to 'False'
[0.260s] DEBUG:colcon.colcon_core.verb:Building package 'ur3e_gazebo_sim' with the following arguments: {'ament_cmake_args': None, 'build_base': '/home/nic/git/HoloAssist-AI/ur3e_rl_ws/build/ur3e_gazebo_sim', 'catkin_cmake_args': None, 'catkin_skip_building_tests': False, 'cmake_args': None, 'cmake_clean_cache': False, 'cmake_clean_first': False, 'cmake_force_configure': False, 'cmake_target': None, 'cmake_target_skip_unavailable': False, 'install_base': '/home/nic/git/HoloAssist-AI/ur3e_rl_ws/install/ur3e_gazebo_sim', 'merge_install': False, 'path': '/home/nic/git/HoloAssist-AI/ur3e_rl_ws/src/ur3e_gazebo_sim', 'symlink_install': False, 'test_result_base': None}
[0.260s] INFO:colcon.colcon_core.executor:Executing jobs using 'parallel' executor
[0.261s] DEBUG:colcon.colcon_parallel_executor.executor.parallel:run_until_complete
[0.261s] INFO:colcon.colcon_ros.task.ament_cmake.build:Building ROS package in '/home/nic/git/HoloAssist-AI/ur3e_rl_ws/src/ur3e_gazebo_sim' with build type 'ament_cmake'
[0.261s] INFO:colcon.colcon_cmake.task.cmake.build:Building CMake package in '/home/nic/git/HoloAssist-AI/ur3e_rl_ws/src/ur3e_gazebo_sim'
[0.263s] INFO:colcon.colcon_core.plugin_system:Skipping extension 'colcon_core.shell.bat': Not used on non-Windows systems
[0.263s] INFO:colcon.colcon_core.shell:Skip shell extension 'powershell' for command environment: Not usable outside of PowerShell
[0.263s] DEBUG:colcon.colcon_core.shell:Skip shell extension 'dsv' for command environment
[0.302s] DEBUG:colcon.colcon_core.event_handler.log_command:Invoking command in '/home/nic/git/HoloAssist-AI/ur3e_rl_ws/build/ur3e_gazebo_sim': CMAKE_PREFIX_PATH=/opt/ros/humble /usr/bin/cmake /home/nic/git/HoloAssist-AI/ur3e_rl_ws/src/ur3e_gazebo_sim -DCMAKE_INSTALL_PREFIX=/home/nic/git/HoloAssist-AI/ur3e_rl_ws/install/ur3e_gazebo_sim
[1.005s] DEBUG:colcon.colcon_core.event_handler.log_command:Invoked command in '/home/nic/git/HoloAssist-AI/ur3e_rl_ws/build/ur3e_gazebo_sim' returned '0': CMAKE_PREFIX_PATH=/opt/ros/humble /usr/bin/cmake /home/nic/git/HoloAssist-AI/ur3e_rl_ws/src/ur3e_gazebo_sim -DCMAKE_INSTALL_PREFIX=/home/nic/git/HoloAssist-AI/ur3e_rl_ws/install/ur3e_gazebo_sim
[1.006s] DEBUG:colcon.colcon_core.event_handler.log_command:Invoking command in '/home/nic/git/HoloAssist-AI/ur3e_rl_ws/build/ur3e_gazebo_sim': CMAKE_PREFIX_PATH=/opt/ros/humble /usr/bin/cmake --build /home/nic/git/HoloAssist-AI/ur3e_rl_ws/build/ur3e_gazebo_sim -- -j20 -l20
[1.041s] DEBUG:colcon.colcon_core.event_handler.log_command:Invoked command in '/home/nic/git/HoloAssist-AI/ur3e_rl_ws/build/ur3e_gazebo_sim' returned '0': CMAKE_PREFIX_PATH=/opt/ros/humble /usr/bin/cmake --build /home/nic/git/HoloAssist-AI/ur3e_rl_ws/build/ur3e_gazebo_sim -- -j20 -l20
[1.049s] DEBUG:colcon.colcon_core.event_handler.log_command:Invoking command in '/home/nic/git/HoloAssist-AI/ur3e_rl_ws/build/ur3e_gazebo_sim': CMAKE_PREFIX_PATH=/opt/ros/humble /usr/bin/cmake --install /home/nic/git/HoloAssist-AI/ur3e_rl_ws/build/ur3e_gazebo_sim
[1.064s] Level 1:colcon.colcon_core.environment:create_environment_scripts_only(ur3e_gazebo_sim)
[1.064s] DEBUG:colcon.colcon_core.event_handler.log_command:Invoked command in '/home/nic/git/HoloAssist-AI/ur3e_rl_ws/build/ur3e_gazebo_sim' returned '0': CMAKE_PREFIX_PATH=/opt/ros/humble /usr/bin/cmake --install /home/nic/git/HoloAssist-AI/ur3e_rl_ws/build/ur3e_gazebo_sim
[1.066s] Level 1:colcon.colcon_core.environment:checking '/home/nic/git/HoloAssist-AI/ur3e_rl_ws/install/ur3e_gazebo_sim' for CMake module files
[1.067s] Level 1:colcon.colcon_core.environment:checking '/home/nic/git/HoloAssist-AI/ur3e_rl_ws/install/ur3e_gazebo_sim' for CMake config files
[1.067s] Level 1:colcon.colcon_core.shell:create_environment_hook('ur3e_gazebo_sim', 'cmake_prefix_path')
[1.068s] INFO:colcon.colcon_core.shell:Creating environment hook '/home/nic/git/HoloAssist-AI/ur3e_rl_ws/install/ur3e_gazebo_sim/share/ur3e_gazebo_sim/hook/cmake_prefix_path.ps1'
[1.068s] INFO:colcon.colcon_core.shell:Creating environment descriptor '/home/nic/git/HoloAssist-AI/ur3e_rl_ws/install/ur3e_gazebo_sim/share/ur3e_gazebo_sim/hook/cmake_prefix_path.dsv'
[1.068s] INFO:colcon.colcon_core.shell:Creating environment hook '/home/nic/git/HoloAssist-AI/ur3e_rl_ws/install/ur3e_gazebo_sim/share/ur3e_gazebo_sim/hook/cmake_prefix_path.sh'
[1.069s] Level 1:colcon.colcon_core.environment:checking '/home/nic/git/HoloAssist-AI/ur3e_rl_ws/install/ur3e_gazebo_sim/lib'
[1.069s] Level 1:colcon.colcon_core.environment:checking '/home/nic/git/HoloAssist-AI/ur3e_rl_ws/install/ur3e_gazebo_sim/bin'
[1.069s] Level 1:colcon.colcon_core.environment:checking '/home/nic/git/HoloAssist-AI/ur3e_rl_ws/install/ur3e_gazebo_sim/lib/pkgconfig/ur3e_gazebo_sim.pc'
[1.070s] Level 1:colcon.colcon_core.environment:checking '/home/nic/git/HoloAssist-AI/ur3e_rl_ws/install/ur3e_gazebo_sim/lib/python3.10/site-packages'
[1.070s] Level 1:colcon.colcon_core.environment:checking '/home/nic/git/HoloAssist-AI/ur3e_rl_ws/install/ur3e_gazebo_sim/bin'
[1.070s] INFO:colcon.colcon_core.shell:Creating package script '/home/nic/git/HoloAssist-AI/ur3e_rl_ws/install/ur3e_gazebo_sim/share/ur3e_gazebo_sim/package.ps1'
[1.072s] INFO:colcon.colcon_core.shell:Creating package descriptor '/home/nic/git/HoloAssist-AI/ur3e_rl_ws/install/ur3e_gazebo_sim/share/ur3e_gazebo_sim/package.dsv'
[1.072s] INFO:colcon.colcon_core.shell:Creating package script '/home/nic/git/HoloAssist-AI/ur3e_rl_ws/install/ur3e_gazebo_sim/share/ur3e_gazebo_sim/package.sh'
[1.073s] INFO:colcon.colcon_core.shell:Creating package script '/home/nic/git/HoloAssist-AI/ur3e_rl_ws/install/ur3e_gazebo_sim/share/ur3e_gazebo_sim/package.bash'
[1.073s] INFO:colcon.colcon_core.shell:Creating package script '/home/nic/git/HoloAssist-AI/ur3e_rl_ws/install/ur3e_gazebo_sim/share/ur3e_gazebo_sim/package.zsh'
[1.074s] Level 1:colcon.colcon_core.environment:create_file_with_runtime_dependencies(/home/nic/git/HoloAssist-AI/ur3e_rl_ws/install/ur3e_gazebo_sim/share/colcon-core/packages/ur3e_gazebo_sim)
[1.074s] Level 1:colcon.colcon_core.environment:create_environment_scripts_only(ur3e_gazebo_sim)
[1.074s] Level 1:colcon.colcon_core.environment:checking '/home/nic/git/HoloAssist-AI/ur3e_rl_ws/install/ur3e_gazebo_sim' for CMake module files
[1.075s] Level 1:colcon.colcon_core.environment:checking '/home/nic/git/HoloAssist-AI/ur3e_rl_ws/install/ur3e_gazebo_sim' for CMake config files
[1.075s] Level 1:colcon.colcon_core.shell:create_environment_hook('ur3e_gazebo_sim', 'cmake_prefix_path')
[1.075s] INFO:colcon.colcon_core.shell:Creating environment hook '/home/nic/git/HoloAssist-AI/ur3e_rl_ws/install/ur3e_gazebo_sim/share/ur3e_gazebo_sim/hook/cmake_prefix_path.ps1'
[1.075s] INFO:colcon.colcon_core.shell:Creating environment descriptor '/home/nic/git/HoloAssist-AI/ur3e_rl_ws/install/ur3e_gazebo_sim/share/ur3e_gazebo_sim/hook/cmake_prefix_path.dsv'
[1.075s] INFO:colcon.colcon_core.shell:Creating environment hook '/home/nic/git/HoloAssist-AI/ur3e_rl_ws/install/ur3e_gazebo_sim/share/ur3e_gazebo_sim/hook/cmake_prefix_path.sh'
[1.076s] Level 1:colcon.colcon_core.environment:checking '/home/nic/git/HoloAssist-AI/ur3e_rl_ws/install/ur3e_gazebo_sim/lib'
[1.076s] Level 1:colcon.colcon_core.environment:checking '/home/nic/git/HoloAssist-AI/ur3e_rl_ws/install/ur3e_gazebo_sim/bin'
[1.076s] Level 1:colcon.colcon_core.environment:checking '/home/nic/git/HoloAssist-AI/ur3e_rl_ws/install/ur3e_gazebo_sim/lib/pkgconfig/ur3e_gazebo_sim.pc'
[1.076s] Level 1:colcon.colcon_core.environment:checking '/home/nic/git/HoloAssist-AI/ur3e_rl_ws/install/ur3e_gazebo_sim/lib/python3.10/site-packages'
[1.076s] Level 1:colcon.colcon_core.environment:checking '/home/nic/git/HoloAssist-AI/ur3e_rl_ws/install/ur3e_gazebo_sim/bin'
[1.076s] INFO:colcon.colcon_core.shell:Creating package script '/home/nic/git/HoloAssist-AI/ur3e_rl_ws/install/ur3e_gazebo_sim/share/ur3e_gazebo_sim/package.ps1'
[1.077s] INFO:colcon.colcon_core.shell:Creating package descriptor '/home/nic/git/HoloAssist-AI/ur3e_rl_ws/install/ur3e_gazebo_sim/share/ur3e_gazebo_sim/package.dsv'
[1.077s] INFO:colcon.colcon_core.shell:Creating package script '/home/nic/git/HoloAssist-AI/ur3e_rl_ws/install/ur3e_gazebo_sim/share/ur3e_gazebo_sim/package.sh'
[1.077s] INFO:colcon.colcon_core.shell:Creating package script '/home/nic/git/HoloAssist-AI/ur3e_rl_ws/install/ur3e_gazebo_sim/share/ur3e_gazebo_sim/package.bash'
[1.077s] INFO:colcon.colcon_core.shell:Creating package script '/home/nic/git/HoloAssist-AI/ur3e_rl_ws/install/ur3e_gazebo_sim/share/ur3e_gazebo_sim/package.zsh'
[1.078s] Level 1:colcon.colcon_core.environment:create_file_with_runtime_dependencies(/home/nic/git/HoloAssist-AI/ur3e_rl_ws/install/ur3e_gazebo_sim/share/colcon-core/packages/ur3e_gazebo_sim)
[1.078s] DEBUG:colcon.colcon_parallel_executor.executor.parallel:closing loop
[1.078s] DEBUG:colcon.colcon_parallel_executor.executor.parallel:loop closed
[1.078s] DEBUG:colcon.colcon_parallel_executor.executor.parallel:run_until_complete finished with '0'
[1.078s] DEBUG:colcon.colcon_core.event_reactor:joining thread
[1.081s] INFO:colcon.colcon_core.plugin_system:Skipping extension 'colcon_notification.desktop_notification.terminal_notifier': Not used on non-Darwin systems
[1.081s] INFO:colcon.colcon_core.plugin_system:Skipping extension 'colcon_notification.desktop_notification.win32': Not used on non-Windows systems
[1.081s] INFO:colcon.colcon_notification.desktop_notification:Sending desktop notification using 'notify2'
[1.094s] DEBUG:colcon.colcon_core.event_reactor:joined thread
[1.095s] INFO:colcon.colcon_core.shell:Creating prefix script '/home/nic/git/HoloAssist-AI/ur3e_rl_ws/install/local_setup.ps1'
[1.095s] INFO:colcon.colcon_core.shell:Creating prefix util module '/home/nic/git/HoloAssist-AI/ur3e_rl_ws/install/_local_setup_util_ps1.py'
[1.096s] INFO:colcon.colcon_core.shell:Creating prefix chain script '/home/nic/git/HoloAssist-AI/ur3e_rl_ws/install/setup.ps1'
[1.097s] INFO:colcon.colcon_core.shell:Creating prefix script '/home/nic/git/HoloAssist-AI/ur3e_rl_ws/install/local_setup.sh'
[1.098s] INFO:colcon.colcon_core.shell:Creating prefix util module '/home/nic/git/HoloAssist-AI/ur3e_rl_ws/install/_local_setup_util_sh.py'
[1.099s] INFO:colcon.colcon_core.shell:Creating prefix chain script '/home/nic/git/HoloAssist-AI/ur3e_rl_ws/install/setup.sh'
[1.099s] INFO:colcon.colcon_core.shell:Creating prefix script '/home/nic/git/HoloAssist-AI/ur3e_rl_ws/install/local_setup.bash'
[1.100s] INFO:colcon.colcon_core.shell:Creating prefix chain script '/home/nic/git/HoloAssist-AI/ur3e_rl_ws/install/setup.bash'
[1.101s] INFO:colcon.colcon_core.shell:Creating prefix script '/home/nic/git/HoloAssist-AI/ur3e_rl_ws/install/local_setup.zsh'
[1.101s] INFO:colcon.colcon_core.shell:Creating prefix chain script '/home/nic/git/HoloAssist-AI/ur3e_rl_ws/install/setup.zsh'
