running egg_info
writing ../../build/ur3e_safety_layer/ur3e_safety_layer.egg-info/PKG-INFO
writing dependency_links to ../../build/ur3e_safety_layer/ur3e_safety_layer.egg-info/dependency_links.txt
writing entry points to ../../build/ur3e_safety_layer/ur3e_safety_layer.egg-info/entry_points.txt
writing requirements to ../../build/ur3e_safety_layer/ur3e_safety_layer.egg-info/requires.txt
writing top-level names to ../../build/ur3e_safety_layer/ur3e_safety_layer.egg-info/top_level.txt
reading manifest file '../../build/ur3e_safety_layer/ur3e_safety_layer.egg-info/SOURCES.txt'
writing manifest file '../../build/ur3e_safety_layer/ur3e_safety_layer.egg-info/SOURCES.txt'
running build
running build_py
running install
running install_lib
running install_data
running install_egg_info
removing '/home/nic/git/HoloAssist-AI/ur3e_rl_ws/install/ur3e_safety_layer/lib/python3.10/site-packages/ur3e_safety_layer-0.1.0-py3.10.egg-info' (and everything under it)
Copying ../../build/ur3e_safety_layer/ur3e_safety_layer.egg-info to /home/nic/git/HoloAssist-AI/ur3e_rl_ws/install/ur3e_safety_layer/lib/python3.10/site-packages/ur3e_safety_layer-0.1.0-py3.10.egg-info
running install_scripts
Installing moveit_collision_checker script to /home/nic/git/HoloAssist-AI/ur3e_rl_ws/install/ur3e_safety_layer/lib/ur3e_safety_layer
Installing safety_node script to /home/nic/git/HoloAssist-AI/ur3e_rl_ws/install/ur3e_safety_layer/lib/ur3e_safety_layer
writing list of installed files to '/home/nic/git/HoloAssist-AI/ur3e_rl_ws/build/ur3e_safety_layer/install.log'
