running egg_info
writing ../../build/ur3e_rl_env/ur3e_rl_env.egg-info/PKG-INFO
writing dependency_links to ../../build/ur3e_rl_env/ur3e_rl_env.egg-info/dependency_links.txt
writing entry points to ../../build/ur3e_rl_env/ur3e_rl_env.egg-info/entry_points.txt
writing requirements to ../../build/ur3e_rl_env/ur3e_rl_env.egg-info/requires.txt
writing top-level names to ../../build/ur3e_rl_env/ur3e_rl_env.egg-info/top_level.txt
reading manifest file '../../build/ur3e_rl_env/ur3e_rl_env.egg-info/SOURCES.txt'
writing manifest file '../../build/ur3e_rl_env/ur3e_rl_env.egg-info/SOURCES.txt'
running build
running build_py
copying ur3e_rl_env/train_ppo_parallel.py -> /home/ollie/git/RS2/main/HoloAssist/ur3e_rl_ws/build/ur3e_rl_env/build/lib/ur3e_rl_env
running install
running install_lib
copying /home/ollie/git/RS2/main/HoloAssist/ur3e_rl_ws/build/ur3e_rl_env/build/lib/ur3e_rl_env/train_ppo_parallel.py -> /home/ollie/git/RS2/main/HoloAssist/ur3e_rl_ws/install/ur3e_rl_env/lib/python3.10/site-packages/ur3e_rl_env
byte-compiling /home/ollie/git/RS2/main/HoloAssist/ur3e_rl_ws/install/ur3e_rl_env/lib/python3.10/site-packages/ur3e_rl_env/train_ppo_parallel.py to train_ppo_parallel.cpython-310.pyc
running install_data
running install_egg_info
removing '/home/ollie/git/RS2/main/HoloAssist/ur3e_rl_ws/install/ur3e_rl_env/lib/python3.10/site-packages/ur3e_rl_env-0.1.0-py3.10.egg-info' (and everything under it)
Copying ../../build/ur3e_rl_env/ur3e_rl_env.egg-info to /home/ollie/git/RS2/main/HoloAssist/ur3e_rl_ws/install/ur3e_rl_env/lib/python3.10/site-packages/ur3e_rl_env-0.1.0-py3.10.egg-info
running install_scripts
Installing evaluate_policy script to /home/ollie/git/RS2/main/HoloAssist/ur3e_rl_ws/install/ur3e_rl_env/lib/ur3e_rl_env
Installing smoke_test_joint_command script to /home/ollie/git/RS2/main/HoloAssist/ur3e_rl_ws/install/ur3e_rl_env/lib/ur3e_rl_env
Installing train_ppo script to /home/ollie/git/RS2/main/HoloAssist/ur3e_rl_ws/install/ur3e_rl_env/lib/ur3e_rl_env
Installing train_ppo_parallel script to /home/ollie/git/RS2/main/HoloAssist/ur3e_rl_ws/install/ur3e_rl_env/lib/ur3e_rl_env
writing list of installed files to '/home/ollie/git/RS2/main/HoloAssist/ur3e_rl_ws/build/ur3e_rl_env/install.log'
