running egg_info
creating ../../build/ur3e_safety_layer/ur3e_safety_layer.egg-info
writing ../../build/ur3e_safety_layer/ur3e_safety_layer.egg-info/PKG-INFO
writing dependency_links to ../../build/ur3e_safety_layer/ur3e_safety_layer.egg-info/dependency_links.txt
writing entry points to ../../build/ur3e_safety_layer/ur3e_safety_layer.egg-info/entry_points.txt
writing requirements to ../../build/ur3e_safety_layer/ur3e_safety_layer.egg-info/requires.txt
writing top-level names to ../../build/ur3e_safety_layer/ur3e_safety_layer.egg-info/top_level.txt
writing manifest file '../../build/ur3e_safety_layer/ur3e_safety_layer.egg-info/SOURCES.txt'
reading manifest file '../../build/ur3e_safety_layer/ur3e_safety_layer.egg-info/SOURCES.txt'
writing manifest file '../../build/ur3e_safety_layer/ur3e_safety_layer.egg-info/SOURCES.txt'
running build
running build_py
creating /home/ollie/git/RS2/main/HoloAssist/ur3e_rl_ws/build/ur3e_safety_layer/build
creating /home/ollie/git/RS2/main/HoloAssist/ur3e_rl_ws/build/ur3e_safety_layer/build/lib
creating /home/ollie/git/RS2/main/HoloAssist/ur3e_rl_ws/build/ur3e_safety_layer/build/lib/ur3e_safety_layer
copying ur3e_safety_layer/safety_node.py -> /home/ollie/git/RS2/main/HoloAssist/ur3e_rl_ws/build/ur3e_safety_layer/build/lib/ur3e_safety_layer
copying ur3e_safety_layer/safety_checker.py -> /home/ollie/git/RS2/main/HoloAssist/ur3e_rl_ws/build/ur3e_safety_layer/build/lib/ur3e_safety_layer
copying ur3e_safety_layer/__init__.py -> /home/ollie/git/RS2/main/HoloAssist/ur3e_rl_ws/build/ur3e_safety_layer/build/lib/ur3e_safety_layer
copying ur3e_safety_layer/moveit_collision_checker.py -> /home/ollie/git/RS2/main/HoloAssist/ur3e_rl_ws/build/ur3e_safety_layer/build/lib/ur3e_safety_layer
running install
running install_lib
creating /home/ollie/git/RS2/main/HoloAssist/ur3e_rl_ws/install/ur3e_safety_layer/lib/python3.10/site-packages/ur3e_safety_layer
copying /home/ollie/git/RS2/main/HoloAssist/ur3e_rl_ws/build/ur3e_safety_layer/build/lib/ur3e_safety_layer/safety_node.py -> /home/ollie/git/RS2/main/HoloAssist/ur3e_rl_ws/install/ur3e_safety_layer/lib/python3.10/site-packages/ur3e_safety_layer
copying /home/ollie/git/RS2/main/HoloAssist/ur3e_rl_ws/build/ur3e_safety_layer/build/lib/ur3e_safety_layer/safety_checker.py -> /home/ollie/git/RS2/main/HoloAssist/ur3e_rl_ws/install/ur3e_safety_layer/lib/python3.10/site-packages/ur3e_safety_layer
copying /home/ollie/git/RS2/main/HoloAssist/ur3e_rl_ws/build/ur3e_safety_layer/build/lib/ur3e_safety_layer/__init__.py -> /home/ollie/git/RS2/main/HoloAssist/ur3e_rl_ws/install/ur3e_safety_layer/lib/python3.10/site-packages/ur3e_safety_layer
copying /home/ollie/git/RS2/main/HoloAssist/ur3e_rl_ws/build/ur3e_safety_layer/build/lib/ur3e_safety_layer/moveit_collision_checker.py -> /home/ollie/git/RS2/main/HoloAssist/ur3e_rl_ws/install/ur3e_safety_layer/lib/python3.10/site-packages/ur3e_safety_layer
byte-compiling /home/ollie/git/RS2/main/HoloAssist/ur3e_rl_ws/install/ur3e_safety_layer/lib/python3.10/site-packages/ur3e_safety_layer/safety_node.py to safety_node.cpython-310.pyc
byte-compiling /home/ollie/git/RS2/main/HoloAssist/ur3e_rl_ws/install/ur3e_safety_layer/lib/python3.10/site-packages/ur3e_safety_layer/safety_checker.py to safety_checker.cpython-310.pyc
byte-compiling /home/ollie/git/RS2/main/HoloAssist/ur3e_rl_ws/install/ur3e_safety_layer/lib/python3.10/site-packages/ur3e_safety_layer/__init__.py to __init__.cpython-310.pyc
byte-compiling /home/ollie/git/RS2/main/HoloAssist/ur3e_rl_ws/install/ur3e_safety_layer/lib/python3.10/site-packages/ur3e_safety_layer/moveit_collision_checker.py to moveit_collision_checker.cpython-310.pyc
running install_data
creating /home/ollie/git/RS2/main/HoloAssist/ur3e_rl_ws/install/ur3e_safety_layer/share/ament_index
creating /home/ollie/git/RS2/main/HoloAssist/ur3e_rl_ws/install/ur3e_safety_layer/share/ament_index/resource_index
creating /home/ollie/git/RS2/main/HoloAssist/ur3e_rl_ws/install/ur3e_safety_layer/share/ament_index/resource_index/packages
copying resource/ur3e_safety_layer -> /home/ollie/git/RS2/main/HoloAssist/ur3e_rl_ws/install/ur3e_safety_layer/share/ament_index/resource_index/packages
copying package.xml -> /home/ollie/git/RS2/main/HoloAssist/ur3e_rl_ws/install/ur3e_safety_layer/share/ur3e_safety_layer
running install_egg_info
Copying ../../build/ur3e_safety_layer/ur3e_safety_layer.egg-info to /home/ollie/git/RS2/main/HoloAssist/ur3e_rl_ws/install/ur3e_safety_layer/lib/python3.10/site-packages/ur3e_safety_layer-0.1.0-py3.10.egg-info
running install_scripts
Installing moveit_collision_checker script to /home/ollie/git/RS2/main/HoloAssist/ur3e_rl_ws/install/ur3e_safety_layer/lib/ur3e_safety_layer
Installing safety_node script to /home/ollie/git/RS2/main/HoloAssist/ur3e_rl_ws/install/ur3e_safety_layer/lib/ur3e_safety_layer
writing list of installed files to '/home/ollie/git/RS2/main/HoloAssist/ur3e_rl_ws/build/ur3e_safety_layer/install.log'
