[0.179s] Invoking command in '/home/nic/git/HoloAssist-AI/ur3e_rl_ws/build/ur3e_gazebo_sim': CMAKE_PREFIX_PATH=/opt/ros/humble /usr/bin/cmake /home/nic/git/HoloAssist-AI/ur3e_rl_ws/src/ur3e_gazebo_sim -DCMAKE_INSTALL_PREFIX=/home/nic/git/HoloAssist-AI/ur3e_rl_ws/install/ur3e_gazebo_sim
[0.225s] -- The C compiler identification is GNU 11.4.0
[0.267s] -- The CXX compiler identification is GNU 11.4.0
[0.273s] -- Detecting C compiler ABI info
[0.330s] -- Detecting C compiler ABI info - done
[0.337s] -- Check for working C compiler: /usr/bin/cc - skipped
[0.337s] -- Detecting C compile features
[0.337s] -- Detecting C compile features - done
[0.339s] -- Detecting CXX compiler ABI info
[0.399s] -- Detecting CXX compiler ABI info - done
[0.405s] -- Check for working CXX compiler: /usr/bin/c++ - skipped
[0.405s] -- Detecting CXX compile features
[0.405s] -- Detecting CXX compile features - done
[0.407s] -- Found ament_cmake: 1.3.14 (/opt/ros/humble/share/ament_cmake/cmake)
[0.525s] -- Found Python3: /usr/bin/python3 (found version "3.10.12") found components: Interpreter 
[0.641s] -- Configuring done
[0.642s] -- Generating done
[0.643s] -- Build files have been written to: /home/nic/git/HoloAssist-AI/ur3e_rl_ws/build/ur3e_gazebo_sim
[0.655s] Invoked command in '/home/nic/git/HoloAssist-AI/ur3e_rl_ws/build/ur3e_gazebo_sim' returned '0': CMAKE_PREFIX_PATH=/opt/ros/humble /usr/bin/cmake /home/nic/git/HoloAssist-AI/ur3e_rl_ws/src/ur3e_gazebo_sim -DCMAKE_INSTALL_PREFIX=/home/nic/git/HoloAssist-AI/ur3e_rl_ws/install/ur3e_gazebo_sim
[0.656s] Invoking command in '/home/nic/git/HoloAssist-AI/ur3e_rl_ws/build/ur3e_gazebo_sim': CMAKE_PREFIX_PATH=/opt/ros/humble /usr/bin/cmake --build /home/nic/git/HoloAssist-AI/ur3e_rl_ws/build/ur3e_gazebo_sim -- -j20 -l20
[0.837s] Invoked command in '/home/nic/git/HoloAssist-AI/ur3e_rl_ws/build/ur3e_gazebo_sim' returned '0': CMAKE_PREFIX_PATH=/opt/ros/humble /usr/bin/cmake --build /home/nic/git/HoloAssist-AI/ur3e_rl_ws/build/ur3e_gazebo_sim -- -j20 -l20
[0.844s] Invoking command in '/home/nic/git/HoloAssist-AI/ur3e_rl_ws/build/ur3e_gazebo_sim': CMAKE_PREFIX_PATH=/opt/ros/humble /usr/bin/cmake --install /home/nic/git/HoloAssist-AI/ur3e_rl_ws/build/ur3e_gazebo_sim
[0.850s] -- Install configuration: ""
[0.850s] -- Installing: /home/nic/git/HoloAssist-AI/ur3e_rl_ws/install/ur3e_gazebo_sim/share/ur3e_gazebo_sim/launch
[0.850s] -- Installing: /home/nic/git/HoloAssist-AI/ur3e_rl_ws/install/ur3e_gazebo_sim/share/ur3e_gazebo_sim/launch/ur3e_pick_place_world.launch.py
[0.851s] -- Installing: /home/nic/git/HoloAssist-AI/ur3e_rl_ws/install/ur3e_gazebo_sim/share/ur3e_gazebo_sim/worlds
[0.851s] -- Installing: /home/nic/git/HoloAssist-AI/ur3e_rl_ws/install/ur3e_gazebo_sim/share/ur3e_gazebo_sim/worlds/pick_place_world.sdf
[0.851s] -- Installing: /home/nic/git/HoloAssist-AI/ur3e_rl_ws/install/ur3e_gazebo_sim/share/ur3e_gazebo_sim/models
[0.851s] -- Installing: /home/nic/git/HoloAssist-AI/ur3e_rl_ws/install/ur3e_gazebo_sim/share/ur3e_gazebo_sim/models/table
[0.851s] -- Installing: /home/nic/git/HoloAssist-AI/ur3e_rl_ws/install/ur3e_gazebo_sim/share/ur3e_gazebo_sim/models/table/model.config
[0.851s] -- Installing: /home/nic/git/HoloAssist-AI/ur3e_rl_ws/install/ur3e_gazebo_sim/share/ur3e_gazebo_sim/models/table/model.sdf
[0.851s] -- Installing: /home/nic/git/HoloAssist-AI/ur3e_rl_ws/install/ur3e_gazebo_sim/share/ur3e_gazebo_sim/models/table/meshes
[0.851s] -- Installing: /home/nic/git/HoloAssist-AI/ur3e_rl_ws/install/ur3e_gazebo_sim/share/ur3e_gazebo_sim/models/table/meshes/UR3eTrolley_decimated.dae
[0.858s] -- Installing: /home/nic/git/HoloAssist-AI/ur3e_rl_ws/install/ur3e_gazebo_sim/share/ur3e_gazebo_sim/models/place_bin
[0.858s] -- Installing: /home/nic/git/HoloAssist-AI/ur3e_rl_ws/install/ur3e_gazebo_sim/share/ur3e_gazebo_sim/models/place_bin/model.config
[0.858s] -- Installing: /home/nic/git/HoloAssist-AI/ur3e_rl_ws/install/ur3e_gazebo_sim/share/ur3e_gazebo_sim/models/place_bin/model.sdf
[0.858s] -- Installing: /home/nic/git/HoloAssist-AI/ur3e_rl_ws/install/ur3e_gazebo_sim/share/ur3e_gazebo_sim/models/cube
[0.858s] -- Installing: /home/nic/git/HoloAssist-AI/ur3e_rl_ws/install/ur3e_gazebo_sim/share/ur3e_gazebo_sim/models/cube/model.config
[0.858s] -- Installing: /home/nic/git/HoloAssist-AI/ur3e_rl_ws/install/ur3e_gazebo_sim/share/ur3e_gazebo_sim/models/cube/model.sdf
[0.858s] -- Installing: /home/nic/git/HoloAssist-AI/ur3e_rl_ws/install/ur3e_gazebo_sim/share/ur3e_gazebo_sim/urdf
[0.858s] -- Installing: /home/nic/git/HoloAssist-AI/ur3e_rl_ws/install/ur3e_gazebo_sim/share/ur3e_gazebo_sim/urdf/rg2_fixed.xacro
[0.858s] -- Installing: /home/nic/git/HoloAssist-AI/ur3e_rl_ws/install/ur3e_gazebo_sim/share/ur3e_gazebo_sim/urdf/ur3e_rg2_benchtop.urdf.xacro
[0.858s] -- Installing: /home/nic/git/HoloAssist-AI/ur3e_rl_ws/install/ur3e_gazebo_sim/share/ur3e_gazebo_sim/meshes
[0.858s] -- Installing: /home/nic/git/HoloAssist-AI/ur3e_rl_ws/install/ur3e_gazebo_sim/share/ur3e_gazebo_sim/meshes/rg2
[0.858s] -- Installing: /home/nic/git/HoloAssist-AI/ur3e_rl_ws/install/ur3e_gazebo_sim/share/ur3e_gazebo_sim/meshes/rg2/collision
[0.858s] -- Installing: /home/nic/git/HoloAssist-AI/ur3e_rl_ws/install/ur3e_gazebo_sim/share/ur3e_gazebo_sim/meshes/rg2/collision/outer_knuckle.stl
[0.858s] -- Installing: /home/nic/git/HoloAssist-AI/ur3e_rl_ws/install/ur3e_gazebo_sim/share/ur3e_gazebo_sim/meshes/rg2/collision/inner_knuckle.stl
[0.858s] -- Installing: /home/nic/git/HoloAssist-AI/ur3e_rl_ws/install/ur3e_gazebo_sim/share/ur3e_gazebo_sim/meshes/rg2/collision/base_link.stl
[0.858s] -- Installing: /home/nic/git/HoloAssist-AI/ur3e_rl_ws/install/ur3e_gazebo_sim/share/ur3e_gazebo_sim/meshes/rg2/collision/inner_finger.stl
[0.858s] -- Installing: /home/nic/git/HoloAssist-AI/ur3e_rl_ws/install/ur3e_gazebo_sim/share/ur3e_gazebo_sim/meshes/rg2/visual
[0.858s] -- Installing: /home/nic/git/HoloAssist-AI/ur3e_rl_ws/install/ur3e_gazebo_sim/share/ur3e_gazebo_sim/meshes/rg2/visual/outer_knuckle.stl
[0.858s] -- Installing: /home/nic/git/HoloAssist-AI/ur3e_rl_ws/install/ur3e_gazebo_sim/share/ur3e_gazebo_sim/meshes/rg2/visual/inner_knuckle.stl
[0.859s] -- Installing: /home/nic/git/HoloAssist-AI/ur3e_rl_ws/install/ur3e_gazebo_sim/share/ur3e_gazebo_sim/meshes/rg2/visual/base_link.stl
[0.859s] -- Installing: /home/nic/git/HoloAssist-AI/ur3e_rl_ws/install/ur3e_gazebo_sim/share/ur3e_gazebo_sim/meshes/rg2/visual/inner_finger.stl
[0.859s] -- Installing: /home/nic/git/HoloAssist-AI/ur3e_rl_ws/install/ur3e_gazebo_sim/share/ur3e_gazebo_sim/config
[0.859s] -- Installing: /home/nic/git/HoloAssist-AI/ur3e_rl_ws/install/ur3e_gazebo_sim/share/ur3e_gazebo_sim/config/ur3e_controllers.yaml
[0.859s] -- Installing: /home/nic/git/HoloAssist-AI/ur3e_rl_ws/install/ur3e_gazebo_sim/share/ur3e_gazebo_sim/config/initial_positions.yaml
[0.859s] -- Installing: /home/nic/git/HoloAssist-AI/ur3e_rl_ws/install/ur3e_gazebo_sim/lib/ur3e_gazebo_sim/gazebo_pose_bridge.py
[0.859s] -- Installing: /home/nic/git/HoloAssist-AI/ur3e_rl_ws/install/ur3e_gazebo_sim/lib/ur3e_gazebo_sim/send_home_trajectory.py
[0.859s] -- Installing: /home/nic/git/HoloAssist-AI/ur3e_rl_ws/install/ur3e_gazebo_sim/lib/ur3e_gazebo_sim/setup_controllers.py
[0.859s] -- Installing: /home/nic/git/HoloAssist-AI/ur3e_rl_ws/install/ur3e_gazebo_sim/share/ur3e_gazebo_sim/README.md
[0.859s] -- Installing: /home/nic/git/HoloAssist-AI/ur3e_rl_ws/install/ur3e_gazebo_sim/share/ament_index/resource_index/package_run_dependencies/ur3e_gazebo_sim
[0.859s] -- Installing: /home/nic/git/HoloAssist-AI/ur3e_rl_ws/install/ur3e_gazebo_sim/share/ament_index/resource_index/parent_prefix_path/ur3e_gazebo_sim
[0.860s] -- Installing: /home/nic/git/HoloAssist-AI/ur3e_rl_ws/install/ur3e_gazebo_sim/share/ur3e_gazebo_sim/environment/ament_prefix_path.sh
[0.860s] -- Installing: /home/nic/git/HoloAssist-AI/ur3e_rl_ws/install/ur3e_gazebo_sim/share/ur3e_gazebo_sim/environment/ament_prefix_path.dsv
[0.860s] -- Installing: /home/nic/git/HoloAssist-AI/ur3e_rl_ws/install/ur3e_gazebo_sim/share/ur3e_gazebo_sim/environment/path.sh
[0.860s] -- Installing: /home/nic/git/HoloAssist-AI/ur3e_rl_ws/install/ur3e_gazebo_sim/share/ur3e_gazebo_sim/environment/path.dsv
[0.860s] -- Installing: /home/nic/git/HoloAssist-AI/ur3e_rl_ws/install/ur3e_gazebo_sim/share/ur3e_gazebo_sim/local_setup.bash
[0.860s] -- Installing: /home/nic/git/HoloAssist-AI/ur3e_rl_ws/install/ur3e_gazebo_sim/share/ur3e_gazebo_sim/local_setup.sh
[0.860s] -- Installing: /home/nic/git/HoloAssist-AI/ur3e_rl_ws/install/ur3e_gazebo_sim/share/ur3e_gazebo_sim/local_setup.zsh
[0.860s] -- Installing: /home/nic/git/HoloAssist-AI/ur3e_rl_ws/install/ur3e_gazebo_sim/share/ur3e_gazebo_sim/local_setup.dsv
[0.860s] -- Installing: /home/nic/git/HoloAssist-AI/ur3e_rl_ws/install/ur3e_gazebo_sim/share/ur3e_gazebo_sim/package.dsv
[0.860s] -- Installing: /home/nic/git/HoloAssist-AI/ur3e_rl_ws/install/ur3e_gazebo_sim/share/ament_index/resource_index/packages/ur3e_gazebo_sim
[0.860s] -- Installing: /home/nic/git/HoloAssist-AI/ur3e_rl_ws/install/ur3e_gazebo_sim/share/ur3e_gazebo_sim/cmake/ur3e_gazebo_simConfig.cmake
[0.860s] -- Installing: /home/nic/git/HoloAssist-AI/ur3e_rl_ws/install/ur3e_gazebo_sim/share/ur3e_gazebo_sim/cmake/ur3e_gazebo_simConfig-version.cmake
[0.860s] -- Installing: /home/nic/git/HoloAssist-AI/ur3e_rl_ws/install/ur3e_gazebo_sim/share/ur3e_gazebo_sim/package.xml
[0.861s] Invoked command in '/home/nic/git/HoloAssist-AI/ur3e_rl_ws/build/ur3e_gazebo_sim' returned '0': CMAKE_PREFIX_PATH=/opt/ros/humble /usr/bin/cmake --install /home/nic/git/HoloAssist-AI/ur3e_rl_ws/build/ur3e_gazebo_sim
