running egg_info
creating ../../build/ur3e_policy_controller/ur3e_policy_controller.egg-info
writing ../../build/ur3e_policy_controller/ur3e_policy_controller.egg-info/PKG-INFO
writing dependency_links to ../../build/ur3e_policy_controller/ur3e_policy_controller.egg-info/dependency_links.txt
writing entry points to ../../build/ur3e_policy_controller/ur3e_policy_controller.egg-info/entry_points.txt
writing requirements to ../../build/ur3e_policy_controller/ur3e_policy_controller.egg-info/requires.txt
writing top-level names to ../../build/ur3e_policy_controller/ur3e_policy_controller.egg-info/top_level.txt
writing manifest file '../../build/ur3e_policy_controller/ur3e_policy_controller.egg-info/SOURCES.txt'
reading manifest file '../../build/ur3e_policy_controller/ur3e_policy_controller.egg-info/SOURCES.txt'
writing manifest file '../../build/ur3e_policy_controller/ur3e_policy_controller.egg-info/SOURCES.txt'
running build
running build_py
creating /home/ollie/git/RS2/main/HoloAssist/ur3e_rl_ws/build/ur3e_policy_controller/build
creating /home/ollie/git/RS2/main/HoloAssist/ur3e_rl_ws/build/ur3e_policy_controller/build/lib
creating /home/ollie/git/RS2/main/HoloAssist/ur3e_rl_ws/build/ur3e_policy_controller/build/lib/ur3e_policy_controller
copying ur3e_policy_controller/rl_policy_node.py -> /home/ollie/git/RS2/main/HoloAssist/ur3e_rl_ws/build/ur3e_policy_controller/build/lib/ur3e_policy_controller
copying ur3e_policy_controller/__init__.py -> /home/ollie/git/RS2/main/HoloAssist/ur3e_rl_ws/build/ur3e_policy_controller/build/lib/ur3e_policy_controller
running install
running install_lib
creating /home/ollie/git/RS2/main/HoloAssist/ur3e_rl_ws/install/ur3e_policy_controller/lib/python3.10/site-packages/ur3e_policy_controller
copying /home/ollie/git/RS2/main/HoloAssist/ur3e_rl_ws/build/ur3e_policy_controller/build/lib/ur3e_policy_controller/rl_policy_node.py -> /home/ollie/git/RS2/main/HoloAssist/ur3e_rl_ws/install/ur3e_policy_controller/lib/python3.10/site-packages/ur3e_policy_controller
copying /home/ollie/git/RS2/main/HoloAssist/ur3e_rl_ws/build/ur3e_policy_controller/build/lib/ur3e_policy_controller/__init__.py -> /home/ollie/git/RS2/main/HoloAssist/ur3e_rl_ws/install/ur3e_policy_controller/lib/python3.10/site-packages/ur3e_policy_controller
byte-compiling /home/ollie/git/RS2/main/HoloAssist/ur3e_rl_ws/install/ur3e_policy_controller/lib/python3.10/site-packages/ur3e_policy_controller/rl_policy_node.py to rl_policy_node.cpython-310.pyc
byte-compiling /home/ollie/git/RS2/main/HoloAssist/ur3e_rl_ws/install/ur3e_policy_controller/lib/python3.10/site-packages/ur3e_policy_controller/__init__.py to __init__.cpython-310.pyc
running install_data
creating /home/ollie/git/RS2/main/HoloAssist/ur3e_rl_ws/install/ur3e_policy_controller/share/ament_index
creating /home/ollie/git/RS2/main/HoloAssist/ur3e_rl_ws/install/ur3e_policy_controller/share/ament_index/resource_index
creating /home/ollie/git/RS2/main/HoloAssist/ur3e_rl_ws/install/ur3e_policy_controller/share/ament_index/resource_index/packages
copying resource/ur3e_policy_controller -> /home/ollie/git/RS2/main/HoloAssist/ur3e_rl_ws/install/ur3e_policy_controller/share/ament_index/resource_index/packages
copying package.xml -> /home/ollie/git/RS2/main/HoloAssist/ur3e_rl_ws/install/ur3e_policy_controller/share/ur3e_policy_controller
running install_egg_info
Copying ../../build/ur3e_policy_controller/ur3e_policy_controller.egg-info to /home/ollie/git/RS2/main/HoloAssist/ur3e_rl_ws/install/ur3e_policy_controller/lib/python3.10/site-packages/ur3e_policy_controller-0.1.0-py3.10.egg-info
running install_scripts
Installing rl_policy_node script to /home/ollie/git/RS2/main/HoloAssist/ur3e_rl_ws/install/ur3e_policy_controller/lib/ur3e_policy_controller
writing list of installed files to '/home/ollie/git/RS2/main/HoloAssist/ur3e_rl_ws/build/ur3e_policy_controller/install.log'
