[0.441s] Invoking command in '/home/ollie/git/RS2/main/HoloAssist/ur3e_rl_ws/src/ur3e_policy_controller': AMENT_PREFIX_PATH=/home/ollie/git/RS2/main/HoloAssist/ur3e_rl_ws/install/ur3e_rl_env:/home/ollie/git/RS2/main/HoloAssist/ur3e_rl_ws/install/ur3e_safety_layer:${AMENT_PREFIX_PATH} PYTHONPATH=/home/ollie/git/RS2/main/HoloAssist/ur3e_rl_ws/build/ur3e_policy_controller/prefix_override:/usr/lib/python3/dist-packages/colcon_core/task/python/colcon_distutils_commands:/home/ollie/git/RS2/main/HoloAssist/ur3e_rl_ws/install/ur3e_policy_controller/lib/python3.10/site-packages:/home/ollie/git/RS2/main/HoloAssist/ur3e_rl_ws/install/ur3e_rl_env/lib/python3.10/site-packages:/home/ollie/git/RS2/main/HoloAssist/ur3e_rl_ws/install/ur3e_safety_layer/lib/python3.10/site-packages:${PYTHONPATH} /usr/bin/python3 -W ignore:setup.py install is deprecated -W ignore:easy_install command is deprecated setup.py egg_info --egg-base ../../build/ur3e_policy_controller build --build-base /home/ollie/git/RS2/main/HoloAssist/ur3e_rl_ws/build/ur3e_policy_controller/build install --record /home/ollie/git/RS2/main/HoloAssist/ur3e_rl_ws/build/ur3e_policy_controller/install.log --single-version-externally-managed install_data
[0.600s] running egg_info
[0.600s] creating ../../build/ur3e_policy_controller/ur3e_policy_controller.egg-info
[0.601s] writing ../../build/ur3e_policy_controller/ur3e_policy_controller.egg-info/PKG-INFO
[0.601s] writing dependency_links to ../../build/ur3e_policy_controller/ur3e_policy_controller.egg-info/dependency_links.txt
[0.601s] writing entry points to ../../build/ur3e_policy_controller/ur3e_policy_controller.egg-info/entry_points.txt
[0.601s] writing requirements to ../../build/ur3e_policy_controller/ur3e_policy_controller.egg-info/requires.txt
[0.601s] writing top-level names to ../../build/ur3e_policy_controller/ur3e_policy_controller.egg-info/top_level.txt
[0.601s] writing manifest file '../../build/ur3e_policy_controller/ur3e_policy_controller.egg-info/SOURCES.txt'
[0.602s] reading manifest file '../../build/ur3e_policy_controller/ur3e_policy_controller.egg-info/SOURCES.txt'
[0.602s] writing manifest file '../../build/ur3e_policy_controller/ur3e_policy_controller.egg-info/SOURCES.txt'
[0.602s] running build
[0.603s] running build_py
[0.603s] creating /home/ollie/git/RS2/main/HoloAssist/ur3e_rl_ws/build/ur3e_policy_controller/build
[0.603s] creating /home/ollie/git/RS2/main/HoloAssist/ur3e_rl_ws/build/ur3e_policy_controller/build/lib
[0.603s] creating /home/ollie/git/RS2/main/HoloAssist/ur3e_rl_ws/build/ur3e_policy_controller/build/lib/ur3e_policy_controller
[0.603s] copying ur3e_policy_controller/rl_policy_node.py -> /home/ollie/git/RS2/main/HoloAssist/ur3e_rl_ws/build/ur3e_policy_controller/build/lib/ur3e_policy_controller
[0.603s] copying ur3e_policy_controller/__init__.py -> /home/ollie/git/RS2/main/HoloAssist/ur3e_rl_ws/build/ur3e_policy_controller/build/lib/ur3e_policy_controller
[0.603s] running install
[0.603s] running install_lib
[0.603s] creating /home/ollie/git/RS2/main/HoloAssist/ur3e_rl_ws/install/ur3e_policy_controller/lib/python3.10/site-packages/ur3e_policy_controller
[0.603s] copying /home/ollie/git/RS2/main/HoloAssist/ur3e_rl_ws/build/ur3e_policy_controller/build/lib/ur3e_policy_controller/rl_policy_node.py -> /home/ollie/git/RS2/main/HoloAssist/ur3e_rl_ws/install/ur3e_policy_controller/lib/python3.10/site-packages/ur3e_policy_controller
[0.603s] copying /home/ollie/git/RS2/main/HoloAssist/ur3e_rl_ws/build/ur3e_policy_controller/build/lib/ur3e_policy_controller/__init__.py -> /home/ollie/git/RS2/main/HoloAssist/ur3e_rl_ws/install/ur3e_policy_controller/lib/python3.10/site-packages/ur3e_policy_controller
[0.603s] byte-compiling /home/ollie/git/RS2/main/HoloAssist/ur3e_rl_ws/install/ur3e_policy_controller/lib/python3.10/site-packages/ur3e_policy_controller/rl_policy_node.py to rl_policy_node.cpython-310.pyc
[0.604s] byte-compiling /home/ollie/git/RS2/main/HoloAssist/ur3e_rl_ws/install/ur3e_policy_controller/lib/python3.10/site-packages/ur3e_policy_controller/__init__.py to __init__.cpython-310.pyc
[0.604s] running install_data
[0.604s] creating /home/ollie/git/RS2/main/HoloAssist/ur3e_rl_ws/install/ur3e_policy_controller/share/ament_index
[0.604s] creating /home/ollie/git/RS2/main/HoloAssist/ur3e_rl_ws/install/ur3e_policy_controller/share/ament_index/resource_index
[0.604s] creating /home/ollie/git/RS2/main/HoloAssist/ur3e_rl_ws/install/ur3e_policy_controller/share/ament_index/resource_index/packages
[0.604s] copying resource/ur3e_policy_controller -> /home/ollie/git/RS2/main/HoloAssist/ur3e_rl_ws/install/ur3e_policy_controller/share/ament_index/resource_index/packages
[0.605s] copying package.xml -> /home/ollie/git/RS2/main/HoloAssist/ur3e_rl_ws/install/ur3e_policy_controller/share/ur3e_policy_controller
[0.605s] running install_egg_info
[0.605s] Copying ../../build/ur3e_policy_controller/ur3e_policy_controller.egg-info to /home/ollie/git/RS2/main/HoloAssist/ur3e_rl_ws/install/ur3e_policy_controller/lib/python3.10/site-packages/ur3e_policy_controller-0.1.0-py3.10.egg-info
[0.606s] running install_scripts
[0.618s] Installing rl_policy_node script to /home/ollie/git/RS2/main/HoloAssist/ur3e_rl_ws/install/ur3e_policy_controller/lib/ur3e_policy_controller
[0.619s] writing list of installed files to '/home/ollie/git/RS2/main/HoloAssist/ur3e_rl_ws/build/ur3e_policy_controller/install.log'
[0.634s] Invoked command in '/home/ollie/git/RS2/main/HoloAssist/ur3e_rl_ws/src/ur3e_policy_controller' returned '0': AMENT_PREFIX_PATH=/home/ollie/git/RS2/main/HoloAssist/ur3e_rl_ws/install/ur3e_rl_env:/home/ollie/git/RS2/main/HoloAssist/ur3e_rl_ws/install/ur3e_safety_layer:${AMENT_PREFIX_PATH} PYTHONPATH=/home/ollie/git/RS2/main/HoloAssist/ur3e_rl_ws/build/ur3e_policy_controller/prefix_override:/usr/lib/python3/dist-packages/colcon_core/task/python/colcon_distutils_commands:/home/ollie/git/RS2/main/HoloAssist/ur3e_rl_ws/install/ur3e_policy_controller/lib/python3.10/site-packages:/home/ollie/git/RS2/main/HoloAssist/ur3e_rl_ws/install/ur3e_rl_env/lib/python3.10/site-packages:/home/ollie/git/RS2/main/HoloAssist/ur3e_rl_ws/install/ur3e_safety_layer/lib/python3.10/site-packages:${PYTHONPATH} /usr/bin/python3 -W ignore:setup.py install is deprecated -W ignore:easy_install command is deprecated setup.py egg_info --egg-base ../../build/ur3e_policy_controller build --build-base /home/ollie/git/RS2/main/HoloAssist/ur3e_rl_ws/build/ur3e_policy_controller/build install --record /home/ollie/git/RS2/main/HoloAssist/ur3e_rl_ws/build/ur3e_policy_controller/install.log --single-version-externally-managed install_data
