-- The C compiler identification is GNU 11.4.0
-- The CXX compiler identification is GNU 11.4.0
-- Detecting C compiler ABI info
-- Detecting C compiler ABI info - done
-- Check for working C compiler: /usr/bin/cc - skipped
-- Detecting C compile features
-- Detecting C compile features - done
-- Detecting CXX compiler ABI info
-- Detecting CXX compiler ABI info - done
-- Check for working CXX compiler: /usr/bin/c++ - skipped
-- Detecting CXX compile features
-- Detecting CXX compile features - done
-- Found ament_cmake: 1.3.14 (/opt/ros/humble/share/ament_cmake/cmake)
-- Found Python3: /usr/bin/python3 (found version "3.10.12") found components: Interpreter 
-- Configuring done
-- Generating done
-- Build files have been written to: /home/ollie/git/RS2/main/HoloAssist/ur3e_rl_ws/build/ur3e_gazebo_sim
-- Install configuration: ""
-- Installing: /home/ollie/git/RS2/main/HoloAssist/ur3e_rl_ws/install/ur3e_gazebo_sim/share/ur3e_gazebo_sim/launch
-- Installing: /home/ollie/git/RS2/main/HoloAssist/ur3e_rl_ws/install/ur3e_gazebo_sim/share/ur3e_gazebo_sim/launch/ur3e_pick_place_world.launch.py
-- Installing: /home/ollie/git/RS2/main/HoloAssist/ur3e_rl_ws/install/ur3e_gazebo_sim/share/ur3e_gazebo_sim/worlds
-- Installing: /home/ollie/git/RS2/main/HoloAssist/ur3e_rl_ws/install/ur3e_gazebo_sim/share/ur3e_gazebo_sim/worlds/pick_place_world.sdf
-- Installing: /home/ollie/git/RS2/main/HoloAssist/ur3e_rl_ws/install/ur3e_gazebo_sim/share/ur3e_gazebo_sim/models
-- Installing: /home/ollie/git/RS2/main/HoloAssist/ur3e_rl_ws/install/ur3e_gazebo_sim/share/ur3e_gazebo_sim/models/bin
-- Installing: /home/ollie/git/RS2/main/HoloAssist/ur3e_rl_ws/install/ur3e_gazebo_sim/share/ur3e_gazebo_sim/models/bin/model.sdf
-- Installing: /home/ollie/git/RS2/main/HoloAssist/ur3e_rl_ws/install/ur3e_gazebo_sim/share/ur3e_gazebo_sim/models/bin/model.config
-- Installing: /home/ollie/git/RS2/main/HoloAssist/ur3e_rl_ws/install/ur3e_gazebo_sim/share/ur3e_gazebo_sim/models/cube
-- Installing: /home/ollie/git/RS2/main/HoloAssist/ur3e_rl_ws/install/ur3e_gazebo_sim/share/ur3e_gazebo_sim/models/cube/model.sdf
-- Installing: /home/ollie/git/RS2/main/HoloAssist/ur3e_rl_ws/install/ur3e_gazebo_sim/share/ur3e_gazebo_sim/models/cube/model.config
-- Installing: /home/ollie/git/RS2/main/HoloAssist/ur3e_rl_ws/install/ur3e_gazebo_sim/share/ur3e_gazebo_sim/models/table
-- Installing: /home/ollie/git/RS2/main/HoloAssist/ur3e_rl_ws/install/ur3e_gazebo_sim/share/ur3e_gazebo_sim/models/table/model.sdf
-- Installing: /home/ollie/git/RS2/main/HoloAssist/ur3e_rl_ws/install/ur3e_gazebo_sim/share/ur3e_gazebo_sim/models/table/model.config
-- Installing: /home/ollie/git/RS2/main/HoloAssist/ur3e_rl_ws/install/ur3e_gazebo_sim/share/ur3e_gazebo_sim/urdf
-- Installing: /home/ollie/git/RS2/main/HoloAssist/ur3e_rl_ws/install/ur3e_gazebo_sim/share/ur3e_gazebo_sim/urdf/ur3e_rg2_benchtop.urdf.xacro
-- Installing: /home/ollie/git/RS2/main/HoloAssist/ur3e_rl_ws/install/ur3e_gazebo_sim/share/ur3e_gazebo_sim/urdf/rg2_fixed.xacro
-- Installing: /home/ollie/git/RS2/main/HoloAssist/ur3e_rl_ws/install/ur3e_gazebo_sim/share/ur3e_gazebo_sim/meshes
-- Installing: /home/ollie/git/RS2/main/HoloAssist/ur3e_rl_ws/install/ur3e_gazebo_sim/share/ur3e_gazebo_sim/meshes/rg2
-- Installing: /home/ollie/git/RS2/main/HoloAssist/ur3e_rl_ws/install/ur3e_gazebo_sim/share/ur3e_gazebo_sim/meshes/rg2/collision
-- Installing: /home/ollie/git/RS2/main/HoloAssist/ur3e_rl_ws/install/ur3e_gazebo_sim/share/ur3e_gazebo_sim/meshes/rg2/collision/outer_knuckle.stl
-- Installing: /home/ollie/git/RS2/main/HoloAssist/ur3e_rl_ws/install/ur3e_gazebo_sim/share/ur3e_gazebo_sim/meshes/rg2/collision/inner_finger.stl
-- Installing: /home/ollie/git/RS2/main/HoloAssist/ur3e_rl_ws/install/ur3e_gazebo_sim/share/ur3e_gazebo_sim/meshes/rg2/collision/base_link.stl
-- Installing: /home/ollie/git/RS2/main/HoloAssist/ur3e_rl_ws/install/ur3e_gazebo_sim/share/ur3e_gazebo_sim/meshes/rg2/collision/inner_knuckle.stl
-- Installing: /home/ollie/git/RS2/main/HoloAssist/ur3e_rl_ws/install/ur3e_gazebo_sim/share/ur3e_gazebo_sim/meshes/rg2/visual
-- Installing: /home/ollie/git/RS2/main/HoloAssist/ur3e_rl_ws/install/ur3e_gazebo_sim/share/ur3e_gazebo_sim/meshes/rg2/visual/outer_knuckle.stl
-- Installing: /home/ollie/git/RS2/main/HoloAssist/ur3e_rl_ws/install/ur3e_gazebo_sim/share/ur3e_gazebo_sim/meshes/rg2/visual/inner_finger.stl
-- Installing: /home/ollie/git/RS2/main/HoloAssist/ur3e_rl_ws/install/ur3e_gazebo_sim/share/ur3e_gazebo_sim/meshes/rg2/visual/base_link.stl
-- Installing: /home/ollie/git/RS2/main/HoloAssist/ur3e_rl_ws/install/ur3e_gazebo_sim/share/ur3e_gazebo_sim/meshes/rg2/visual/inner_knuckle.stl
-- Installing: /home/ollie/git/RS2/main/HoloAssist/ur3e_rl_ws/install/ur3e_gazebo_sim/share/ament_index/resource_index/package_run_dependencies/ur3e_gazebo_sim
-- Installing: /home/ollie/git/RS2/main/HoloAssist/ur3e_rl_ws/install/ur3e_gazebo_sim/share/ament_index/resource_index/parent_prefix_path/ur3e_gazebo_sim
-- Installing: /home/ollie/git/RS2/main/HoloAssist/ur3e_rl_ws/install/ur3e_gazebo_sim/share/ur3e_gazebo_sim/environment/ament_prefix_path.sh
-- Installing: /home/ollie/git/RS2/main/HoloAssist/ur3e_rl_ws/install/ur3e_gazebo_sim/share/ur3e_gazebo_sim/environment/ament_prefix_path.dsv
-- Installing: /home/ollie/git/RS2/main/HoloAssist/ur3e_rl_ws/install/ur3e_gazebo_sim/share/ur3e_gazebo_sim/environment/path.sh
-- Installing: /home/ollie/git/RS2/main/HoloAssist/ur3e_rl_ws/install/ur3e_gazebo_sim/share/ur3e_gazebo_sim/environment/path.dsv
-- Installing: /home/ollie/git/RS2/main/HoloAssist/ur3e_rl_ws/install/ur3e_gazebo_sim/share/ur3e_gazebo_sim/local_setup.bash
-- Installing: /home/ollie/git/RS2/main/HoloAssist/ur3e_rl_ws/install/ur3e_gazebo_sim/share/ur3e_gazebo_sim/local_setup.sh
-- Installing: /home/ollie/git/RS2/main/HoloAssist/ur3e_rl_ws/install/ur3e_gazebo_sim/share/ur3e_gazebo_sim/local_setup.zsh
-- Installing: /home/ollie/git/RS2/main/HoloAssist/ur3e_rl_ws/install/ur3e_gazebo_sim/share/ur3e_gazebo_sim/local_setup.dsv
-- Installing: /home/ollie/git/RS2/main/HoloAssist/ur3e_rl_ws/install/ur3e_gazebo_sim/share/ur3e_gazebo_sim/package.dsv
-- Installing: /home/ollie/git/RS2/main/HoloAssist/ur3e_rl_ws/install/ur3e_gazebo_sim/share/ament_index/resource_index/packages/ur3e_gazebo_sim
-- Installing: /home/ollie/git/RS2/main/HoloAssist/ur3e_rl_ws/install/ur3e_gazebo_sim/share/ur3e_gazebo_sim/cmake/ur3e_gazebo_simConfig.cmake
-- Installing: /home/ollie/git/RS2/main/HoloAssist/ur3e_rl_ws/install/ur3e_gazebo_sim/share/ur3e_gazebo_sim/cmake/ur3e_gazebo_simConfig-version.cmake
-- Installing: /home/ollie/git/RS2/main/HoloAssist/ur3e_rl_ws/install/ur3e_gazebo_sim/share/ur3e_gazebo_sim/package.xml
