[0.389s] Invoking command in '/home/ollie/git/RS2/main/HoloAssist/ur3e_rl_ws/src/ur3e_policy_controller': AMENT_PREFIX_PATH=/home/ollie/git/RS2/main/HoloAssist/ur3e_rl_ws/install/ur3e_rl_env:/home/ollie/git/RS2/main/HoloAssist/ur3e_rl_ws/install/ur3e_safety_layer:${AMENT_PREFIX_PATH} PYTHONPATH=/home/ollie/git/RS2/main/HoloAssist/ur3e_rl_ws/build/ur3e_policy_controller/prefix_override:/usr/lib/python3/dist-packages/colcon_core/task/python/colcon_distutils_commands:/home/ollie/git/RS2/main/HoloAssist/ur3e_rl_ws/install/ur3e_policy_controller/lib/python3.10/site-packages:/home/ollie/git/RS2/main/HoloAssist/ur3e_rl_ws/install/ur3e_rl_env/lib/python3.10/site-packages:/home/ollie/git/RS2/main/HoloAssist/ur3e_rl_ws/install/ur3e_safety_layer/lib/python3.10/site-packages:${PYTHONPATH} /usr/bin/python3 -W ignore:setup.py install is deprecated -W ignore:easy_install command is deprecated setup.py egg_info --egg-base ../../build/ur3e_policy_controller build --build-base /home/ollie/git/RS2/main/HoloAssist/ur3e_rl_ws/build/ur3e_policy_controller/build install --record /home/ollie/git/RS2/main/HoloAssist/ur3e_rl_ws/build/ur3e_policy_controller/install.log --single-version-externally-managed install_data
[0.539s] running egg_info
[0.539s] writing ../../build/ur3e_policy_controller/ur3e_policy_controller.egg-info/PKG-INFO
[0.539s] writing dependency_links to ../../build/ur3e_policy_controller/ur3e_policy_controller.egg-info/dependency_links.txt
[0.540s] writing entry points to ../../build/ur3e_policy_controller/ur3e_policy_controller.egg-info/entry_points.txt
[0.540s] writing requirements to ../../build/ur3e_policy_controller/ur3e_policy_controller.egg-info/requires.txt
[0.540s] writing top-level names to ../../build/ur3e_policy_controller/ur3e_policy_controller.egg-info/top_level.txt
[0.541s] reading manifest file '../../build/ur3e_policy_controller/ur3e_policy_controller.egg-info/SOURCES.txt'
[0.541s] writing manifest file '../../build/ur3e_policy_controller/ur3e_policy_controller.egg-info/SOURCES.txt'
[0.541s] running build
[0.541s] running build_py
[0.541s] running install
[0.542s] running install_lib
[0.542s] running install_data
[0.542s] running install_egg_info
[0.543s] removing '/home/ollie/git/RS2/main/HoloAssist/ur3e_rl_ws/install/ur3e_policy_controller/lib/python3.10/site-packages/ur3e_policy_controller-0.1.0-py3.10.egg-info' (and everything under it)
[0.544s] Copying ../../build/ur3e_policy_controller/ur3e_policy_controller.egg-info to /home/ollie/git/RS2/main/HoloAssist/ur3e_rl_ws/install/ur3e_policy_controller/lib/python3.10/site-packages/ur3e_policy_controller-0.1.0-py3.10.egg-info
[0.544s] running install_scripts
[0.556s] Installing rl_policy_node script to /home/ollie/git/RS2/main/HoloAssist/ur3e_rl_ws/install/ur3e_policy_controller/lib/ur3e_policy_controller
[0.556s] writing list of installed files to '/home/ollie/git/RS2/main/HoloAssist/ur3e_rl_ws/build/ur3e_policy_controller/install.log'
[0.572s] Invoked command in '/home/ollie/git/RS2/main/HoloAssist/ur3e_rl_ws/src/ur3e_policy_controller' returned '0': AMENT_PREFIX_PATH=/home/ollie/git/RS2/main/HoloAssist/ur3e_rl_ws/install/ur3e_rl_env:/home/ollie/git/RS2/main/HoloAssist/ur3e_rl_ws/install/ur3e_safety_layer:${AMENT_PREFIX_PATH} PYTHONPATH=/home/ollie/git/RS2/main/HoloAssist/ur3e_rl_ws/build/ur3e_policy_controller/prefix_override:/usr/lib/python3/dist-packages/colcon_core/task/python/colcon_distutils_commands:/home/ollie/git/RS2/main/HoloAssist/ur3e_rl_ws/install/ur3e_policy_controller/lib/python3.10/site-packages:/home/ollie/git/RS2/main/HoloAssist/ur3e_rl_ws/install/ur3e_rl_env/lib/python3.10/site-packages:/home/ollie/git/RS2/main/HoloAssist/ur3e_rl_ws/install/ur3e_safety_layer/lib/python3.10/site-packages:${PYTHONPATH} /usr/bin/python3 -W ignore:setup.py install is deprecated -W ignore:easy_install command is deprecated setup.py egg_info --egg-base ../../build/ur3e_policy_controller build --build-base /home/ollie/git/RS2/main/HoloAssist/ur3e_rl_ws/build/ur3e_policy_controller/build install --record /home/ollie/git/RS2/main/HoloAssist/ur3e_rl_ws/build/ur3e_policy_controller/install.log --single-version-externally-managed install_data
