running egg_info
creating ../../build/ur3e_rl_env/ur3e_rl_env.egg-info
writing ../../build/ur3e_rl_env/ur3e_rl_env.egg-info/PKG-INFO
writing dependency_links to ../../build/ur3e_rl_env/ur3e_rl_env.egg-info/dependency_links.txt
writing entry points to ../../build/ur3e_rl_env/ur3e_rl_env.egg-info/entry_points.txt
writing requirements to ../../build/ur3e_rl_env/ur3e_rl_env.egg-info/requires.txt
writing top-level names to ../../build/ur3e_rl_env/ur3e_rl_env.egg-info/top_level.txt
writing manifest file '../../build/ur3e_rl_env/ur3e_rl_env.egg-info/SOURCES.txt'
reading manifest file '../../build/ur3e_rl_env/ur3e_rl_env.egg-info/SOURCES.txt'
writing manifest file '../../build/ur3e_rl_env/ur3e_rl_env.egg-info/SOURCES.txt'
running build
running build_py
creating /home/nic/git/HoloAssist-AI/ur3e_rl_ws/build/ur3e_rl_env/build
creating /home/nic/git/HoloAssist-AI/ur3e_rl_ws/build/ur3e_rl_env/build/lib
creating /home/nic/git/HoloAssist-AI/ur3e_rl_ws/build/ur3e_rl_env/build/lib/ur3e_rl_env
copying ur3e_rl_env/__init__.py -> /home/nic/git/HoloAssist-AI/ur3e_rl_ws/build/ur3e_rl_env/build/lib/ur3e_rl_env
copying ur3e_rl_env/pretrain_from_demos.py -> /home/nic/git/HoloAssist-AI/ur3e_rl_ws/build/ur3e_rl_env/build/lib/ur3e_rl_env
copying ur3e_rl_env/ros_interface.py -> /home/nic/git/HoloAssist-AI/ur3e_rl_ws/build/ur3e_rl_env/build/lib/ur3e_rl_env
copying ur3e_rl_env/reward.py -> /home/nic/git/HoloAssist-AI/ur3e_rl_ws/build/ur3e_rl_env/build/lib/ur3e_rl_env
copying ur3e_rl_env/smoke_test_joint_command.py -> /home/nic/git/HoloAssist-AI/ur3e_rl_ws/build/ur3e_rl_env/build/lib/ur3e_rl_env
copying ur3e_rl_env/train_ppo.py -> /home/nic/git/HoloAssist-AI/ur3e_rl_ws/build/ur3e_rl_env/build/lib/ur3e_rl_env
copying ur3e_rl_env/record_demo.py -> /home/nic/git/HoloAssist-AI/ur3e_rl_ws/build/ur3e_rl_env/build/lib/ur3e_rl_env
copying ur3e_rl_env/evaluate_policy.py -> /home/nic/git/HoloAssist-AI/ur3e_rl_ws/build/ur3e_rl_env/build/lib/ur3e_rl_env
copying ur3e_rl_env/train_ppo_parallel.py -> /home/nic/git/HoloAssist-AI/ur3e_rl_ws/build/ur3e_rl_env/build/lib/ur3e_rl_env
creating /home/nic/git/HoloAssist-AI/ur3e_rl_ws/build/ur3e_rl_env/build/lib/ur3e_rl_env/envs
copying ur3e_rl_env/envs/__init__.py -> /home/nic/git/HoloAssist-AI/ur3e_rl_ws/build/ur3e_rl_env/build/lib/ur3e_rl_env/envs
copying ur3e_rl_env/envs/ur3e_pick_place_env.py -> /home/nic/git/HoloAssist-AI/ur3e_rl_ws/build/ur3e_rl_env/build/lib/ur3e_rl_env/envs
running install
running install_lib
creating /home/nic/git/HoloAssist-AI/ur3e_rl_ws/install/ur3e_rl_env/lib/python3.10/site-packages/ur3e_rl_env
creating /home/nic/git/HoloAssist-AI/ur3e_rl_ws/install/ur3e_rl_env/lib/python3.10/site-packages/ur3e_rl_env/envs
copying /home/nic/git/HoloAssist-AI/ur3e_rl_ws/build/ur3e_rl_env/build/lib/ur3e_rl_env/envs/__init__.py -> /home/nic/git/HoloAssist-AI/ur3e_rl_ws/install/ur3e_rl_env/lib/python3.10/site-packages/ur3e_rl_env/envs
copying /home/nic/git/HoloAssist-AI/ur3e_rl_ws/build/ur3e_rl_env/build/lib/ur3e_rl_env/envs/ur3e_pick_place_env.py -> /home/nic/git/HoloAssist-AI/ur3e_rl_ws/install/ur3e_rl_env/lib/python3.10/site-packages/ur3e_rl_env/envs
copying /home/nic/git/HoloAssist-AI/ur3e_rl_ws/build/ur3e_rl_env/build/lib/ur3e_rl_env/__init__.py -> /home/nic/git/HoloAssist-AI/ur3e_rl_ws/install/ur3e_rl_env/lib/python3.10/site-packages/ur3e_rl_env
copying /home/nic/git/HoloAssist-AI/ur3e_rl_ws/build/ur3e_rl_env/build/lib/ur3e_rl_env/pretrain_from_demos.py -> /home/nic/git/HoloAssist-AI/ur3e_rl_ws/install/ur3e_rl_env/lib/python3.10/site-packages/ur3e_rl_env
copying /home/nic/git/HoloAssist-AI/ur3e_rl_ws/build/ur3e_rl_env/build/lib/ur3e_rl_env/ros_interface.py -> /home/nic/git/HoloAssist-AI/ur3e_rl_ws/install/ur3e_rl_env/lib/python3.10/site-packages/ur3e_rl_env
copying /home/nic/git/HoloAssist-AI/ur3e_rl_ws/build/ur3e_rl_env/build/lib/ur3e_rl_env/reward.py -> /home/nic/git/HoloAssist-AI/ur3e_rl_ws/install/ur3e_rl_env/lib/python3.10/site-packages/ur3e_rl_env
copying /home/nic/git/HoloAssist-AI/ur3e_rl_ws/build/ur3e_rl_env/build/lib/ur3e_rl_env/smoke_test_joint_command.py -> /home/nic/git/HoloAssist-AI/ur3e_rl_ws/install/ur3e_rl_env/lib/python3.10/site-packages/ur3e_rl_env
copying /home/nic/git/HoloAssist-AI/ur3e_rl_ws/build/ur3e_rl_env/build/lib/ur3e_rl_env/train_ppo.py -> /home/nic/git/HoloAssist-AI/ur3e_rl_ws/install/ur3e_rl_env/lib/python3.10/site-packages/ur3e_rl_env
copying /home/nic/git/HoloAssist-AI/ur3e_rl_ws/build/ur3e_rl_env/build/lib/ur3e_rl_env/record_demo.py -> /home/nic/git/HoloAssist-AI/ur3e_rl_ws/install/ur3e_rl_env/lib/python3.10/site-packages/ur3e_rl_env
copying /home/nic/git/HoloAssist-AI/ur3e_rl_ws/build/ur3e_rl_env/build/lib/ur3e_rl_env/evaluate_policy.py -> /home/nic/git/HoloAssist-AI/ur3e_rl_ws/install/ur3e_rl_env/lib/python3.10/site-packages/ur3e_rl_env
copying /home/nic/git/HoloAssist-AI/ur3e_rl_ws/build/ur3e_rl_env/build/lib/ur3e_rl_env/train_ppo_parallel.py -> /home/nic/git/HoloAssist-AI/ur3e_rl_ws/install/ur3e_rl_env/lib/python3.10/site-packages/ur3e_rl_env
byte-compiling /home/nic/git/HoloAssist-AI/ur3e_rl_ws/install/ur3e_rl_env/lib/python3.10/site-packages/ur3e_rl_env/envs/__init__.py to __init__.cpython-310.pyc
byte-compiling /home/nic/git/HoloAssist-AI/ur3e_rl_ws/install/ur3e_rl_env/lib/python3.10/site-packages/ur3e_rl_env/envs/ur3e_pick_place_env.py to ur3e_pick_place_env.cpython-310.pyc
byte-compiling /home/nic/git/HoloAssist-AI/ur3e_rl_ws/install/ur3e_rl_env/lib/python3.10/site-packages/ur3e_rl_env/__init__.py to __init__.cpython-310.pyc
byte-compiling /home/nic/git/HoloAssist-AI/ur3e_rl_ws/install/ur3e_rl_env/lib/python3.10/site-packages/ur3e_rl_env/pretrain_from_demos.py to pretrain_from_demos.cpython-310.pyc
byte-compiling /home/nic/git/HoloAssist-AI/ur3e_rl_ws/install/ur3e_rl_env/lib/python3.10/site-packages/ur3e_rl_env/ros_interface.py to ros_interface.cpython-310.pyc
byte-compiling /home/nic/git/HoloAssist-AI/ur3e_rl_ws/install/ur3e_rl_env/lib/python3.10/site-packages/ur3e_rl_env/reward.py to reward.cpython-310.pyc
byte-compiling /home/nic/git/HoloAssist-AI/ur3e_rl_ws/install/ur3e_rl_env/lib/python3.10/site-packages/ur3e_rl_env/smoke_test_joint_command.py to smoke_test_joint_command.cpython-310.pyc
byte-compiling /home/nic/git/HoloAssist-AI/ur3e_rl_ws/install/ur3e_rl_env/lib/python3.10/site-packages/ur3e_rl_env/train_ppo.py to train_ppo.cpython-310.pyc
byte-compiling /home/nic/git/HoloAssist-AI/ur3e_rl_ws/install/ur3e_rl_env/lib/python3.10/site-packages/ur3e_rl_env/record_demo.py to record_demo.cpython-310.pyc
byte-compiling /home/nic/git/HoloAssist-AI/ur3e_rl_ws/install/ur3e_rl_env/lib/python3.10/site-packages/ur3e_rl_env/evaluate_policy.py to evaluate_policy.cpython-310.pyc
byte-compiling /home/nic/git/HoloAssist-AI/ur3e_rl_ws/install/ur3e_rl_env/lib/python3.10/site-packages/ur3e_rl_env/train_ppo_parallel.py to train_ppo_parallel.cpython-310.pyc
running install_data
creating /home/nic/git/HoloAssist-AI/ur3e_rl_ws/install/ur3e_rl_env/share/ament_index
creating /home/nic/git/HoloAssist-AI/ur3e_rl_ws/install/ur3e_rl_env/share/ament_index/resource_index
creating /home/nic/git/HoloAssist-AI/ur3e_rl_ws/install/ur3e_rl_env/share/ament_index/resource_index/packages
copying resource/ur3e_rl_env -> /home/nic/git/HoloAssist-AI/ur3e_rl_ws/install/ur3e_rl_env/share/ament_index/resource_index/packages
copying package.xml -> /home/nic/git/HoloAssist-AI/ur3e_rl_ws/install/ur3e_rl_env/share/ur3e_rl_env
running install_egg_info
Copying ../../build/ur3e_rl_env/ur3e_rl_env.egg-info to /home/nic/git/HoloAssist-AI/ur3e_rl_ws/install/ur3e_rl_env/lib/python3.10/site-packages/ur3e_rl_env-0.1.0-py3.10.egg-info
running install_scripts
Installing evaluate_policy script to /home/nic/git/HoloAssist-AI/ur3e_rl_ws/install/ur3e_rl_env/lib/ur3e_rl_env
Installing pretrain_from_demos script to /home/nic/git/HoloAssist-AI/ur3e_rl_ws/install/ur3e_rl_env/lib/ur3e_rl_env
Installing record_demo script to /home/nic/git/HoloAssist-AI/ur3e_rl_ws/install/ur3e_rl_env/lib/ur3e_rl_env
Installing smoke_test_joint_command script to /home/nic/git/HoloAssist-AI/ur3e_rl_ws/install/ur3e_rl_env/lib/ur3e_rl_env
Installing train_ppo script to /home/nic/git/HoloAssist-AI/ur3e_rl_ws/install/ur3e_rl_env/lib/ur3e_rl_env
Installing train_ppo_parallel script to /home/nic/git/HoloAssist-AI/ur3e_rl_ws/install/ur3e_rl_env/lib/ur3e_rl_env
writing list of installed files to '/home/nic/git/HoloAssist-AI/ur3e_rl_ws/build/ur3e_rl_env/install.log'
