[0.427s] Invoking command in '/home/nic/git/HoloAssist-AI/ur3e_rl_ws/src/ur3e_rl_env': AMENT_PREFIX_PATH=/home/nic/git/HoloAssist-AI/ur3e_rl_ws/install/ur3e_safety_layer:${AMENT_PREFIX_PATH} PYTHONPATH=/home/nic/git/HoloAssist-AI/ur3e_rl_ws/build/ur3e_rl_env/prefix_override:/usr/lib/python3/dist-packages/colcon_core/task/python/colcon_distutils_commands:/home/nic/git/HoloAssist-AI/ur3e_rl_ws/install/ur3e_rl_env/lib/python3.10/site-packages:/home/nic/git/HoloAssist-AI/ur3e_rl_ws/install/ur3e_safety_layer/lib/python3.10/site-packages:${PYTHONPATH} /usr/bin/python3 -W ignore:setup.py install is deprecated -W ignore:easy_install command is deprecated setup.py egg_info --egg-base ../../build/ur3e_rl_env build --build-base /home/nic/git/HoloAssist-AI/ur3e_rl_ws/build/ur3e_rl_env/build install --record /home/nic/git/HoloAssist-AI/ur3e_rl_ws/build/ur3e_rl_env/install.log --single-version-externally-managed install_data
[0.584s] running egg_info
[0.585s] creating ../../build/ur3e_rl_env/ur3e_rl_env.egg-info
[0.585s] writing ../../build/ur3e_rl_env/ur3e_rl_env.egg-info/PKG-INFO
[0.586s] writing dependency_links to ../../build/ur3e_rl_env/ur3e_rl_env.egg-info/dependency_links.txt
[0.586s] writing entry points to ../../build/ur3e_rl_env/ur3e_rl_env.egg-info/entry_points.txt
[0.586s] writing requirements to ../../build/ur3e_rl_env/ur3e_rl_env.egg-info/requires.txt
[0.586s] writing top-level names to ../../build/ur3e_rl_env/ur3e_rl_env.egg-info/top_level.txt
[0.586s] writing manifest file '../../build/ur3e_rl_env/ur3e_rl_env.egg-info/SOURCES.txt'
[0.588s] reading manifest file '../../build/ur3e_rl_env/ur3e_rl_env.egg-info/SOURCES.txt'
[0.589s] writing manifest file '../../build/ur3e_rl_env/ur3e_rl_env.egg-info/SOURCES.txt'
[0.589s] running build
[0.589s] running build_py
[0.589s] creating /home/nic/git/HoloAssist-AI/ur3e_rl_ws/build/ur3e_rl_env/build
[0.589s] creating /home/nic/git/HoloAssist-AI/ur3e_rl_ws/build/ur3e_rl_env/build/lib
[0.589s] creating /home/nic/git/HoloAssist-AI/ur3e_rl_ws/build/ur3e_rl_env/build/lib/ur3e_rl_env
[0.589s] copying ur3e_rl_env/__init__.py -> /home/nic/git/HoloAssist-AI/ur3e_rl_ws/build/ur3e_rl_env/build/lib/ur3e_rl_env
[0.589s] copying ur3e_rl_env/pretrain_from_demos.py -> /home/nic/git/HoloAssist-AI/ur3e_rl_ws/build/ur3e_rl_env/build/lib/ur3e_rl_env
[0.589s] copying ur3e_rl_env/ros_interface.py -> /home/nic/git/HoloAssist-AI/ur3e_rl_ws/build/ur3e_rl_env/build/lib/ur3e_rl_env
[0.589s] copying ur3e_rl_env/reward.py -> /home/nic/git/HoloAssist-AI/ur3e_rl_ws/build/ur3e_rl_env/build/lib/ur3e_rl_env
[0.589s] copying ur3e_rl_env/smoke_test_joint_command.py -> /home/nic/git/HoloAssist-AI/ur3e_rl_ws/build/ur3e_rl_env/build/lib/ur3e_rl_env
[0.589s] copying ur3e_rl_env/train_ppo.py -> /home/nic/git/HoloAssist-AI/ur3e_rl_ws/build/ur3e_rl_env/build/lib/ur3e_rl_env
[0.589s] copying ur3e_rl_env/record_demo.py -> /home/nic/git/HoloAssist-AI/ur3e_rl_ws/build/ur3e_rl_env/build/lib/ur3e_rl_env
[0.589s] copying ur3e_rl_env/evaluate_policy.py -> /home/nic/git/HoloAssist-AI/ur3e_rl_ws/build/ur3e_rl_env/build/lib/ur3e_rl_env
[0.590s] copying ur3e_rl_env/train_ppo_parallel.py -> /home/nic/git/HoloAssist-AI/ur3e_rl_ws/build/ur3e_rl_env/build/lib/ur3e_rl_env
[0.590s] creating /home/nic/git/HoloAssist-AI/ur3e_rl_ws/build/ur3e_rl_env/build/lib/ur3e_rl_env/envs
[0.590s] copying ur3e_rl_env/envs/__init__.py -> /home/nic/git/HoloAssist-AI/ur3e_rl_ws/build/ur3e_rl_env/build/lib/ur3e_rl_env/envs
[0.590s] copying ur3e_rl_env/envs/ur3e_pick_place_env.py -> /home/nic/git/HoloAssist-AI/ur3e_rl_ws/build/ur3e_rl_env/build/lib/ur3e_rl_env/envs
[0.590s] running install
[0.590s] running install_lib
[0.591s] creating /home/nic/git/HoloAssist-AI/ur3e_rl_ws/install/ur3e_rl_env/lib/python3.10/site-packages/ur3e_rl_env
[0.591s] creating /home/nic/git/HoloAssist-AI/ur3e_rl_ws/install/ur3e_rl_env/lib/python3.10/site-packages/ur3e_rl_env/envs
[0.591s] copying /home/nic/git/HoloAssist-AI/ur3e_rl_ws/build/ur3e_rl_env/build/lib/ur3e_rl_env/envs/__init__.py -> /home/nic/git/HoloAssist-AI/ur3e_rl_ws/install/ur3e_rl_env/lib/python3.10/site-packages/ur3e_rl_env/envs
[0.591s] copying /home/nic/git/HoloAssist-AI/ur3e_rl_ws/build/ur3e_rl_env/build/lib/ur3e_rl_env/envs/ur3e_pick_place_env.py -> /home/nic/git/HoloAssist-AI/ur3e_rl_ws/install/ur3e_rl_env/lib/python3.10/site-packages/ur3e_rl_env/envs
[0.591s] copying /home/nic/git/HoloAssist-AI/ur3e_rl_ws/build/ur3e_rl_env/build/lib/ur3e_rl_env/__init__.py -> /home/nic/git/HoloAssist-AI/ur3e_rl_ws/install/ur3e_rl_env/lib/python3.10/site-packages/ur3e_rl_env
[0.591s] copying /home/nic/git/HoloAssist-AI/ur3e_rl_ws/build/ur3e_rl_env/build/lib/ur3e_rl_env/pretrain_from_demos.py -> /home/nic/git/HoloAssist-AI/ur3e_rl_ws/install/ur3e_rl_env/lib/python3.10/site-packages/ur3e_rl_env
[0.591s] copying /home/nic/git/HoloAssist-AI/ur3e_rl_ws/build/ur3e_rl_env/build/lib/ur3e_rl_env/ros_interface.py -> /home/nic/git/HoloAssist-AI/ur3e_rl_ws/install/ur3e_rl_env/lib/python3.10/site-packages/ur3e_rl_env
[0.591s] copying /home/nic/git/HoloAssist-AI/ur3e_rl_ws/build/ur3e_rl_env/build/lib/ur3e_rl_env/reward.py -> /home/nic/git/HoloAssist-AI/ur3e_rl_ws/install/ur3e_rl_env/lib/python3.10/site-packages/ur3e_rl_env
[0.591s] copying /home/nic/git/HoloAssist-AI/ur3e_rl_ws/build/ur3e_rl_env/build/lib/ur3e_rl_env/smoke_test_joint_command.py -> /home/nic/git/HoloAssist-AI/ur3e_rl_ws/install/ur3e_rl_env/lib/python3.10/site-packages/ur3e_rl_env
[0.591s] copying /home/nic/git/HoloAssist-AI/ur3e_rl_ws/build/ur3e_rl_env/build/lib/ur3e_rl_env/train_ppo.py -> /home/nic/git/HoloAssist-AI/ur3e_rl_ws/install/ur3e_rl_env/lib/python3.10/site-packages/ur3e_rl_env
[0.591s] copying /home/nic/git/HoloAssist-AI/ur3e_rl_ws/build/ur3e_rl_env/build/lib/ur3e_rl_env/record_demo.py -> /home/nic/git/HoloAssist-AI/ur3e_rl_ws/install/ur3e_rl_env/lib/python3.10/site-packages/ur3e_rl_env
[0.591s] copying /home/nic/git/HoloAssist-AI/ur3e_rl_ws/build/ur3e_rl_env/build/lib/ur3e_rl_env/evaluate_policy.py -> /home/nic/git/HoloAssist-AI/ur3e_rl_ws/install/ur3e_rl_env/lib/python3.10/site-packages/ur3e_rl_env
[0.591s] copying /home/nic/git/HoloAssist-AI/ur3e_rl_ws/build/ur3e_rl_env/build/lib/ur3e_rl_env/train_ppo_parallel.py -> /home/nic/git/HoloAssist-AI/ur3e_rl_ws/install/ur3e_rl_env/lib/python3.10/site-packages/ur3e_rl_env
[0.591s] byte-compiling /home/nic/git/HoloAssist-AI/ur3e_rl_ws/install/ur3e_rl_env/lib/python3.10/site-packages/ur3e_rl_env/envs/__init__.py to __init__.cpython-310.pyc
[0.592s] byte-compiling /home/nic/git/HoloAssist-AI/ur3e_rl_ws/install/ur3e_rl_env/lib/python3.10/site-packages/ur3e_rl_env/envs/ur3e_pick_place_env.py to ur3e_pick_place_env.cpython-310.pyc
[0.593s] byte-compiling /home/nic/git/HoloAssist-AI/ur3e_rl_ws/install/ur3e_rl_env/lib/python3.10/site-packages/ur3e_rl_env/__init__.py to __init__.cpython-310.pyc
[0.593s] byte-compiling /home/nic/git/HoloAssist-AI/ur3e_rl_ws/install/ur3e_rl_env/lib/python3.10/site-packages/ur3e_rl_env/pretrain_from_demos.py to pretrain_from_demos.cpython-310.pyc
[0.593s] byte-compiling /home/nic/git/HoloAssist-AI/ur3e_rl_ws/install/ur3e_rl_env/lib/python3.10/site-packages/ur3e_rl_env/ros_interface.py to ros_interface.cpython-310.pyc
[0.595s] byte-compiling /home/nic/git/HoloAssist-AI/ur3e_rl_ws/install/ur3e_rl_env/lib/python3.10/site-packages/ur3e_rl_env/reward.py to reward.cpython-310.pyc
[0.595s] byte-compiling /home/nic/git/HoloAssist-AI/ur3e_rl_ws/install/ur3e_rl_env/lib/python3.10/site-packages/ur3e_rl_env/smoke_test_joint_command.py to smoke_test_joint_command.cpython-310.pyc
[0.595s] byte-compiling /home/nic/git/HoloAssist-AI/ur3e_rl_ws/install/ur3e_rl_env/lib/python3.10/site-packages/ur3e_rl_env/train_ppo.py to train_ppo.cpython-310.pyc
[0.596s] byte-compiling /home/nic/git/HoloAssist-AI/ur3e_rl_ws/install/ur3e_rl_env/lib/python3.10/site-packages/ur3e_rl_env/record_demo.py to record_demo.cpython-310.pyc
[0.598s] byte-compiling /home/nic/git/HoloAssist-AI/ur3e_rl_ws/install/ur3e_rl_env/lib/python3.10/site-packages/ur3e_rl_env/evaluate_policy.py to evaluate_policy.cpython-310.pyc
[0.599s] byte-compiling /home/nic/git/HoloAssist-AI/ur3e_rl_ws/install/ur3e_rl_env/lib/python3.10/site-packages/ur3e_rl_env/train_ppo_parallel.py to train_ppo_parallel.cpython-310.pyc
[0.601s] running install_data
[0.601s] creating /home/nic/git/HoloAssist-AI/ur3e_rl_ws/install/ur3e_rl_env/share/ament_index
[0.601s] creating /home/nic/git/HoloAssist-AI/ur3e_rl_ws/install/ur3e_rl_env/share/ament_index/resource_index
[0.601s] creating /home/nic/git/HoloAssist-AI/ur3e_rl_ws/install/ur3e_rl_env/share/ament_index/resource_index/packages
[0.601s] copying resource/ur3e_rl_env -> /home/nic/git/HoloAssist-AI/ur3e_rl_ws/install/ur3e_rl_env/share/ament_index/resource_index/packages
[0.601s] copying package.xml -> /home/nic/git/HoloAssist-AI/ur3e_rl_ws/install/ur3e_rl_env/share/ur3e_rl_env
[0.601s] running install_egg_info
[0.602s] Copying ../../build/ur3e_rl_env/ur3e_rl_env.egg-info to /home/nic/git/HoloAssist-AI/ur3e_rl_ws/install/ur3e_rl_env/lib/python3.10/site-packages/ur3e_rl_env-0.1.0-py3.10.egg-info
[0.603s] running install_scripts
[0.623s] Installing evaluate_policy script to /home/nic/git/HoloAssist-AI/ur3e_rl_ws/install/ur3e_rl_env/lib/ur3e_rl_env
[0.623s] Installing pretrain_from_demos script to /home/nic/git/HoloAssist-AI/ur3e_rl_ws/install/ur3e_rl_env/lib/ur3e_rl_env
[0.623s] Installing record_demo script to /home/nic/git/HoloAssist-AI/ur3e_rl_ws/install/ur3e_rl_env/lib/ur3e_rl_env
[0.623s] Installing smoke_test_joint_command script to /home/nic/git/HoloAssist-AI/ur3e_rl_ws/install/ur3e_rl_env/lib/ur3e_rl_env
[0.623s] Installing train_ppo script to /home/nic/git/HoloAssist-AI/ur3e_rl_ws/install/ur3e_rl_env/lib/ur3e_rl_env
[0.623s] Installing train_ppo_parallel script to /home/nic/git/HoloAssist-AI/ur3e_rl_ws/install/ur3e_rl_env/lib/ur3e_rl_env
[0.623s] writing list of installed files to '/home/nic/git/HoloAssist-AI/ur3e_rl_ws/build/ur3e_rl_env/install.log'
[0.645s] Invoked command in '/home/nic/git/HoloAssist-AI/ur3e_rl_ws/src/ur3e_rl_env' returned '0': AMENT_PREFIX_PATH=/home/nic/git/HoloAssist-AI/ur3e_rl_ws/install/ur3e_safety_layer:${AMENT_PREFIX_PATH} PYTHONPATH=/home/nic/git/HoloAssist-AI/ur3e_rl_ws/build/ur3e_rl_env/prefix_override:/usr/lib/python3/dist-packages/colcon_core/task/python/colcon_distutils_commands:/home/nic/git/HoloAssist-AI/ur3e_rl_ws/install/ur3e_rl_env/lib/python3.10/site-packages:/home/nic/git/HoloAssist-AI/ur3e_rl_ws/install/ur3e_safety_layer/lib/python3.10/site-packages:${PYTHONPATH} /usr/bin/python3 -W ignore:setup.py install is deprecated -W ignore:easy_install command is deprecated setup.py egg_info --egg-base ../../build/ur3e_rl_env build --build-base /home/nic/git/HoloAssist-AI/ur3e_rl_ws/build/ur3e_rl_env/build install --record /home/nic/git/HoloAssist-AI/ur3e_rl_ws/build/ur3e_rl_env/install.log --single-version-externally-managed install_data
