[0.428s] Invoking command in '/home/nic/git/HoloAssist-AI/ur3e_rl_ws/src/ur3e_safety_layer': PYTHONPATH=/home/nic/git/HoloAssist-AI/ur3e_rl_ws/build/ur3e_safety_layer/prefix_override:/usr/lib/python3/dist-packages/colcon_core/task/python/colcon_distutils_commands:/home/nic/git/HoloAssist-AI/ur3e_rl_ws/install/ur3e_safety_layer/lib/python3.10/site-packages:${PYTHONPATH} /usr/bin/python3 -W ignore:setup.py install is deprecated -W ignore:easy_install command is deprecated setup.py egg_info --egg-base ../../build/ur3e_safety_layer build --build-base /home/nic/git/HoloAssist-AI/ur3e_rl_ws/build/ur3e_safety_layer/build install --record /home/nic/git/HoloAssist-AI/ur3e_rl_ws/build/ur3e_safety_layer/install.log --single-version-externally-managed install_data
[0.598s] running egg_info
[0.598s] writing ../../build/ur3e_safety_layer/ur3e_safety_layer.egg-info/PKG-INFO
[0.599s] writing dependency_links to ../../build/ur3e_safety_layer/ur3e_safety_layer.egg-info/dependency_links.txt
[0.599s] writing entry points to ../../build/ur3e_safety_layer/ur3e_safety_layer.egg-info/entry_points.txt
[0.599s] writing requirements to ../../build/ur3e_safety_layer/ur3e_safety_layer.egg-info/requires.txt
[0.599s] writing top-level names to ../../build/ur3e_safety_layer/ur3e_safety_layer.egg-info/top_level.txt
[0.600s] reading manifest file '../../build/ur3e_safety_layer/ur3e_safety_layer.egg-info/SOURCES.txt'
[0.600s] writing manifest file '../../build/ur3e_safety_layer/ur3e_safety_layer.egg-info/SOURCES.txt'
[0.601s] running build
[0.601s] running build_py
[0.601s] running install
[0.601s] running install_lib
[0.602s] running install_data
[0.602s] running install_egg_info
[0.603s] removing '/home/nic/git/HoloAssist-AI/ur3e_rl_ws/install/ur3e_safety_layer/lib/python3.10/site-packages/ur3e_safety_layer-0.1.0-py3.10.egg-info' (and everything under it)
[0.603s] Copying ../../build/ur3e_safety_layer/ur3e_safety_layer.egg-info to /home/nic/git/HoloAssist-AI/ur3e_rl_ws/install/ur3e_safety_layer/lib/python3.10/site-packages/ur3e_safety_layer-0.1.0-py3.10.egg-info
[0.604s] running install_scripts
[0.617s] Installing moveit_collision_checker script to /home/nic/git/HoloAssist-AI/ur3e_rl_ws/install/ur3e_safety_layer/lib/ur3e_safety_layer
[0.617s] Installing safety_node script to /home/nic/git/HoloAssist-AI/ur3e_rl_ws/install/ur3e_safety_layer/lib/ur3e_safety_layer
[0.617s] writing list of installed files to '/home/nic/git/HoloAssist-AI/ur3e_rl_ws/build/ur3e_safety_layer/install.log'
[0.630s] Invoked command in '/home/nic/git/HoloAssist-AI/ur3e_rl_ws/src/ur3e_safety_layer' returned '0': PYTHONPATH=/home/nic/git/HoloAssist-AI/ur3e_rl_ws/build/ur3e_safety_layer/prefix_override:/usr/lib/python3/dist-packages/colcon_core/task/python/colcon_distutils_commands:/home/nic/git/HoloAssist-AI/ur3e_rl_ws/install/ur3e_safety_layer/lib/python3.10/site-packages:${PYTHONPATH} /usr/bin/python3 -W ignore:setup.py install is deprecated -W ignore:easy_install command is deprecated setup.py egg_info --egg-base ../../build/ur3e_safety_layer build --build-base /home/nic/git/HoloAssist-AI/ur3e_rl_ws/build/ur3e_safety_layer/build install --record /home/nic/git/HoloAssist-AI/ur3e_rl_ws/build/ur3e_safety_layer/install.log --single-version-externally-managed install_data
